[35m[Appium][39m Welcome to Appium v1.22.2
[35m[Appium][39m Non-default server args:
[35m[Appium][39m   port: 63908
[35m[Appium][39m   loglevel: info
[35m[Appium][39m   tmpDir: C:\Users\NIAYUS~1\AppData\Local\Temp\\Katalon\Appium\Temp1664174215660
[35m[Appium][39m   chromedriverPort: 63909
[35m[Appium][39m Deprecated server args:
[35m[Appium][39m   [31m--chromedriver-port[39m => --default-capabilities
[35m[Appium][39m Default capabilities, which will be added to each request unless overridden by desired capabilities:
[35m[Appium][39m   chromedriverPort: 63909
[35m[Appium][39m Appium REST http interface listener started on 0.0.0.0:63908
[35m[HTTP][39m [37m-->[39m [37mGET[39m [37m/wd/hub/status[39m
[35m[HTTP][39m [90m{}[39m
[35m[HTTP][39m [37m<-- GET /wd/hub/status [39m[32m200[39m [90m19 ms - 68[39m
[35m[HTTP][39m [90m[39m
[35m[HTTP][39m [37m-->[39m [37mGET[39m [37m/wd/hub/status[39m
[35m[HTTP][39m [90m{}[39m
[35m[HTTP][39m [37m<-- GET /wd/hub/status [39m[32m200[39m [90m1 ms - 68[39m
[35m[HTTP][39m [90m[39m
[35m[HTTP][39m [37m-->[39m [37mPOST[39m [37m/wd/hub/session[39m
[35m[HTTP][39m [90m{"desiredCapabilities":{"appActivity":".Settings","appPackage":"com.android.settings","newCommandTimeout":1800,"platformVersion":"13","automationName":"uiautomator2","autoGrantPermissions":true,"platformName":"Android","udid":"9B221FFBA000GD","deviceName":"Google Pixel 4 XL (Android 13)","platform":"ANDROID","systemPort":8278},"capabilities":{"firstMatch":[{"appium:appActivity":".Settings","appium:appPackage":"com.android.settings","appium:autoGrantPermissions":true,"appium:automationName":"uiautomator2","appium:deviceName":"Google Pixel 4 XL (Android 13)","appium:newCommandTimeout":1800,"platform":"ANDROID","platformName":"android","appium:platformVersion":"13","appium:systemPort":8278,"appium:udid":"9B221FFBA000GD"}]}}[39m
[35m[BaseDriver][39m The following capabilities are not standard capabilities and should have an extension prefix:
[35m[BaseDriver][39m   platform
[35m[BaseDriver][39m   chromedriverPort
[35m[Appium][39m Appium v1.22.2 creating new AndroidUiautomator2Driver (v1.70.1) session
[35m[BaseDriver][39m The following capabilities were provided, but are not recognized by Appium:
[35m[BaseDriver][39m   platform
[35m[BaseDriver][39m Session created with session id: 84e6a7a3-a7ff-47bd-aa1a-bc023b7205c3
[35m[UiAutomator2][39m Starting 'com.android.settings' directly on the device
[35m[ADB][39m Cannot sort build-tools folders ["29.0.3","android-8.1.0"] by semantic version names.
[35m[ADB][39m Falling back to sorting by modification date. Original error: Invalid Version: android-8.1.0
[35m[ADB][39m Found 2 'build-tools' folders under 'C:\Users\Nia Yusniati\.katalon\tools\android_sdk' (newest first):
[35m[ADB][39m     C:/Users/Nia Yusniati/.katalon/tools/android_sdk/build-tools/29.0.3
[35m[ADB][39m     C:/Users/Nia Yusniati/.katalon/tools/android_sdk/build-tools/android-8.1.0
[35m[ADB][39m Using 'adb.exe' from 'C:\Users\Nia Yusniati\.katalon\tools\android_sdk\platform-tools\adb.exe'
[35m[AndroidDriver][39m Retrieving device list
[35m[AndroidDriver][39m Using device: 9B221FFBA000GD
[35m[ADB][39m Using 'adb.exe' from 'C:\Users\Nia Yusniati\.katalon\tools\android_sdk\platform-tools\adb.exe'
[35m[ADB][39m Getting device platform version
[35m[UiAutomator2][39m Relaxing hidden api policy
[35m[AndroidDriver][39m No app sent in, not parsing package/activity
[35m[ADB][39m Using 'apksigner.jar' from 'C:\Users\Nia Yusniati\.katalon\tools\android_sdk\build-tools\29.0.3\lib\apksigner.jar'
[35m[ADB][39m 'C:\Users\Nia Yusniati\AppData\Roaming\npm\node_modules\appium\node_modules\appium-uiautomator2-server\apks\appium-uiautomator2-server-v4.27.0.apk' is signed with the default certificate
[35m[ADB][39m 'C:\Users\Nia Yusniati\AppData\Roaming\npm\node_modules\appium\node_modules\appium-uiautomator2-server\apks\appium-uiautomator2-server-debug-androidTest.apk' is signed with the default certificate
[35m[UiAutomator2][39m Server packages are not going to be (re)installed
[35m[ADB][39m Adding packages ["io.appium.settings","io.appium.uiautomator2.server","io.appium.uiautomator2.server.test"] to Doze whitelist
[35m[UiAutomator2][39m Starting UIAutomator2 server 4.27.0
[35m[UiAutomator2][39m Using UIAutomator2 server from 'C:\Users\Nia Yusniati\AppData\Roaming\npm\node_modules\appium\node_modules\appium-uiautomator2-server\apks\appium-uiautomator2-server-v4.27.0.apk' and test from 'C:\Users\Nia Yusniati\AppData\Roaming\npm\node_modules\appium\node_modules\appium-uiautomator2-server\apks\appium-uiautomator2-server-debug-androidTest.apk'
[35m[UiAutomator2][39m Waiting up to 30000ms for UiAutomator2 to be online...
[35m[WD Proxy][39m socket hang up
[35m[WD Proxy][39m socket hang up
[35m[WD Proxy][39m Determined the downstream protocol as 'W3C'
[35m[AndroidDriver][39m Screen already unlocked, doing nothing
[35m[UiAutomator2][39m Starting 'com.android.settings/.Settings and waiting for 'com.android.settings/.Settings'
[35m[Appium][39m New AndroidUiautomator2Driver session created successfully, session 84e6a7a3-a7ff-47bd-aa1a-bc023b7205c3 added to master session list
[35m[HTTP][39m [37m<-- POST /wd/hub/session [39m[32m200[39m [90m7130 ms - 1170[39m
[35m[HTTP][39m [90m[39m
[35m[HTTP][39m [37m-->[39m [37mGET[39m [37m/wd/hub/session/84e6a7a3-a7ff-47bd-aa1a-bc023b7205c3[39m
[35m[HTTP][39m [90m{}[39m
[35m[HTTP][39m [37m<-- GET /wd/hub/session/84e6a7a3-a7ff-47bd-aa1a-bc023b7205c3 [39m[32m200[39m [90m12 ms - 1124[39m
[35m[HTTP][39m [90m[39m
[35m[HTTP][39m [37m-->[39m [37mGET[39m [37m/wd/hub/session/84e6a7a3-a7ff-47bd-aa1a-bc023b7205c3[39m
[35m[HTTP][39m [90m{}[39m
[35m[HTTP][39m [37m<-- GET /wd/hub/session/84e6a7a3-a7ff-47bd-aa1a-bc023b7205c3 [39m[32m200[39m [90m10 ms - 1124[39m
[35m[HTTP][39m [90m[39m
[35m[HTTP][39m [37m-->[39m [37mGET[39m [37m/wd/hub/status[39m
[35m[HTTP][39m [90m{}[39m
[35m[HTTP][39m [37m<-- GET /wd/hub/status [39m[32m200[39m [90m1 ms - 68[39m
[35m[HTTP][39m [90m[39m
[35m[HTTP][39m [37m-->[39m [37mPOST[39m [37m/wd/hub/session/84e6a7a3-a7ff-47bd-aa1a-bc023b7205c3/timeouts[39m
[35m[HTTP][39m [90m{"implicit":60000}[39m
[35m[HTTP][39m [37m<-- POST /wd/hub/session/84e6a7a3-a7ff-47bd-aa1a-bc023b7205c3/timeouts [39m[32m200[39m [90m6 ms - 14[39m
[35m[HTTP][39m [90m[39m
[35m[HTTP][39m [37m-->[39m [37mGET[39m [37m/wd/hub/session/84e6a7a3-a7ff-47bd-aa1a-bc023b7205c3/screenshot[39m
[35m[HTTP][39m [90m{}[39m
[35m[HTTP][39m [37m<-- GET /wd/hub/session/84e6a7a3-a7ff-47bd-aa1a-bc023b7205c3/screenshot [39m[32m200[39m [90m513 ms - 383880[39m
[35m[HTTP][39m [90m[39m
[35m[HTTP][39m [37m-->[39m [37mGET[39m [37m/wd/hub/session/84e6a7a3-a7ff-47bd-aa1a-bc023b7205c3/window/rect[39m
[35m[HTTP][39m [90m{}[39m
[35m[HTTP][39m [37m<-- GET /wd/hub/session/84e6a7a3-a7ff-47bd-aa1a-bc023b7205c3/window/rect [39m[32m200[39m [90m22 ms - 50[39m
[35m[HTTP][39m [90m[39m
[35m[HTTP][39m [37m-->[39m [37mGET[39m [37m/wd/hub/session/84e6a7a3-a7ff-47bd-aa1a-bc023b7205c3/appium/device/system_bars[39m
[35m[HTTP][39m [90m{}[39m
[35m[HTTP][39m [37m<-- GET /wd/hub/session/84e6a7a3-a7ff-47bd-aa1a-bc023b7205c3/appium/device/system_bars [39m[32m200[39m [90m89 ms - 145[39m
[35m[HTTP][39m [90m[39m
[35m[HTTP][39m [37m-->[39m [37mPOST[39m [37m/wd/hub/session/84e6a7a3-a7ff-47bd-aa1a-bc023b7205c3/appium/device/activate_app[39m
[35m[HTTP][39m [90m{"bundleId":"bcaf.crm.kkb.saleskit"}[39m
[35m[HTTP][39m [37m<-- POST /wd/hub/session/84e6a7a3-a7ff-47bd-aa1a-bc023b7205c3/appium/device/activate_app [39m[32m200[39m [90m273 ms - 14[39m
[35m[HTTP][39m [90m[39m
[35m[HTTP][39m [37m-->[39m [37mGET[39m [37m/wd/hub/session/84e6a7a3-a7ff-47bd-aa1a-bc023b7205c3/source[39m
[35m[HTTP][39m [90m{}[39m
[35m[W3C (84e6a7a3)][39m Driver proxy active, passing request on via HTTP proxy
[35m[WD Proxy][39m Replacing sessionId 619e4a83-3f12-49ae-be7c-8200a73fe768 with 84e6a7a3-a7ff-47bd-aa1a-bc023b7205c3
[35m[HTTP][39m [37m<-- GET /wd/hub/session/84e6a7a3-a7ff-47bd-aa1a-bc023b7205c3/source [39m[32m200[39m [90m1090 ms - 26525[39m
[35m[HTTP][39m [90m[39m
[35m[HTTP][39m [37m-->[39m [37mGET[39m [37m/wd/hub/session/84e6a7a3-a7ff-47bd-aa1a-bc023b7205c3/screenshot[39m
[35m[HTTP][39m [90m{}[39m
[35m[HTTP][39m [37m<-- GET /wd/hub/session/84e6a7a3-a7ff-47bd-aa1a-bc023b7205c3/screenshot [39m[32m200[39m [90m426 ms - 298622[39m
[35m[HTTP][39m [90m[39m
[35m[HTTP][39m [37m-->[39m [37mGET[39m [37m/wd/hub/session/84e6a7a3-a7ff-47bd-aa1a-bc023b7205c3/source[39m
[35m[HTTP][39m [90m{}[39m
[35m[W3C (84e6a7a3)][39m Driver proxy active, passing request on via HTTP proxy
[35m[WD Proxy][39m Replacing sessionId 619e4a83-3f12-49ae-be7c-8200a73fe768 with 84e6a7a3-a7ff-47bd-aa1a-bc023b7205c3
[35m[HTTP][39m [37m<-- GET /wd/hub/session/84e6a7a3-a7ff-47bd-aa1a-bc023b7205c3/source [39m[32m200[39m [90m197 ms - 26524[39m
[35m[HTTP][39m [90m[39m
[35m[HTTP][39m [37m-->[39m [37mGET[39m [37m/wd/hub/session/84e6a7a3-a7ff-47bd-aa1a-bc023b7205c3/screenshot[39m
[35m[HTTP][39m [90m{}[39m
[35m[HTTP][39m [37m<-- GET /wd/hub/session/84e6a7a3-a7ff-47bd-aa1a-bc023b7205c3/screenshot [39m[32m200[39m [90m455 ms - 288732[39m
[35m[HTTP][39m [90m[39m
[35m[HTTP][39m [37m-->[39m [37mGET[39m [37m/wd/hub/session/84e6a7a3-a7ff-47bd-aa1a-bc023b7205c3/context[39m
[35m[HTTP][39m [90m{}[39m
[35m[HTTP][39m [37m<-- GET /wd/hub/session/84e6a7a3-a7ff-47bd-aa1a-bc023b7205c3/context [39m[32m200[39m [90m2 ms - 22[39m
[35m[HTTP][39m [90m[39m
[35m[HTTP][39m [37m-->[39m [37mGET[39m [37m/wd/hub/session/84e6a7a3-a7ff-47bd-aa1a-bc023b7205c3/contexts[39m
[35m[HTTP][39m [90m{}[39m
[35m[HTTP][39m [37m<-- GET /wd/hub/session/84e6a7a3-a7ff-47bd-aa1a-bc023b7205c3/contexts [39m[32m200[39m [90m69 ms - 24[39m
[35m[HTTP][39m [90m[39m
[35m[HTTP][39m [37m-->[39m [37mPOST[39m [37m/wd/hub/session/84e6a7a3-a7ff-47bd-aa1a-bc023b7205c3/context[39m
[35m[HTTP][39m [90m{"name":"NATIVE_APP"}[39m
[35m[HTTP][39m [37m<-- POST /wd/hub/session/84e6a7a3-a7ff-47bd-aa1a-bc023b7205c3/context [39m[32m200[39m [90m2 ms - 14[39m
[35m[HTTP][39m [90m[39m
[35m[HTTP][39m [37m-->[39m [37mPOST[39m [37m/wd/hub/session/84e6a7a3-a7ff-47bd-aa1a-bc023b7205c3/touch/perform[39m
[35m[HTTP][39m [90m{"actions":[{"action":"press","options":{"x":0,"y":1200}},{"action":"wait","options":{"ms":500}},{"action":"moveTo","options":{"x":0,"y":0}},{"action":"release","options":{}}]}[39m
[35m[HTTP][39m [37m<-- POST /wd/hub/session/84e6a7a3-a7ff-47bd-aa1a-bc023b7205c3/touch/perform [39m[32m200[39m [90m1087 ms - 14[39m
[35m[HTTP][39m [90m[39m
[35m[HTTP][39m [37m-->[39m [37mPOST[39m [37m/wd/hub/session/84e6a7a3-a7ff-47bd-aa1a-bc023b7205c3/context[39m
[35m[HTTP][39m [90m{"name":"NATIVE_APP"}[39m
[35m[HTTP][39m [37m<-- POST /wd/hub/session/84e6a7a3-a7ff-47bd-aa1a-bc023b7205c3/context [39m[32m200[39m [90m2 ms - 14[39m
[35m[HTTP][39m [90m[39m
[35m[HTTP][39m [37m-->[39m [37mGET[39m [37m/wd/hub/session/84e6a7a3-a7ff-47bd-aa1a-bc023b7205c3/source[39m
[35m[HTTP][39m [90m{}[39m
[35m[W3C (84e6a7a3)][39m Driver proxy active, passing request on via HTTP proxy
[35m[WD Proxy][39m Replacing sessionId 619e4a83-3f12-49ae-be7c-8200a73fe768 with 84e6a7a3-a7ff-47bd-aa1a-bc023b7205c3
[35m[HTTP][39m [37m<-- GET /wd/hub/session/84e6a7a3-a7ff-47bd-aa1a-bc023b7205c3/source [39m[32m200[39m [90m163 ms - 21726[39m
[35m[HTTP][39m [90m[39m
[35m[HTTP][39m [37m-->[39m [37mGET[39m [37m/wd/hub/session/84e6a7a3-a7ff-47bd-aa1a-bc023b7205c3/screenshot[39m
[35m[HTTP][39m [90m{}[39m
[35m[HTTP][39m [37m<-- GET /wd/hub/session/84e6a7a3-a7ff-47bd-aa1a-bc023b7205c3/screenshot [39m[32m200[39m [90m416 ms - 299246[39m
[35m[HTTP][39m [90m[39m
[35m[HTTP][39m [37m-->[39m [37mGET[39m [37m/wd/hub/session/84e6a7a3-a7ff-47bd-aa1a-bc023b7205c3/source[39m
[35m[HTTP][39m [90m{}[39m
[35m[W3C (84e6a7a3)][39m Driver proxy active, passing request on via HTTP proxy
[35m[WD Proxy][39m Replacing sessionId 619e4a83-3f12-49ae-be7c-8200a73fe768 with 84e6a7a3-a7ff-47bd-aa1a-bc023b7205c3
[35m[HTTP][39m [37m<-- GET /wd/hub/session/84e6a7a3-a7ff-47bd-aa1a-bc023b7205c3/source [39m[32m200[39m [90m159 ms - 26525[39m
[35m[HTTP][39m [90m[39m
[35m[HTTP][39m [37m-->[39m [37mGET[39m [37m/wd/hub/session/84e6a7a3-a7ff-47bd-aa1a-bc023b7205c3/screenshot[39m
[35m[HTTP][39m [90m{}[39m
[35m[HTTP][39m [37m<-- GET /wd/hub/session/84e6a7a3-a7ff-47bd-aa1a-bc023b7205c3/screenshot [39m[32m200[39m [90m406 ms - 298622[39m
[35m[HTTP][39m [90m[39m
[35m[HTT[35m[BaseDriver][39m Shutting down because we waited 1800 seconds for a command
[35m[Appium][39m Closing session, cause was 'New Command Timeout of 1800 seconds expired. Try customizing the timeout using the 'newCommandTimeout' desired capability'
[35m[Appium][39m Removing session '24683ff1-dee6-4786-9024-71f359acf2c2' from our master session list
[35m[UiAutomator2][39m Unable to force stop app: Error executing adbExec. Original error: 'Command ''C:\\Users\\Nia Yusniati\\.katalon\\tools\\android_sdk\\platform-tools\\adb.exe' -P 5037 -s 9B221FFBA000GD shell am force-stop com.android.settings' exited with code 1'; Command output: adb.exe: device '9B221FFBA000GD' not found
[35m[UiAutomator2][39m 
[35m[ADB][39m Error sending command, reconnecting device and retrying: forward,--remove,tcp:8247
[35m[UiAutomator2][39m Unable to remove system port forward: Could not find a connected Android device in 20159ms.
[35m[UiAutomator2][39m Restoring hidden api policy to the device default configuration
3-a7ff-47bd-aa1a-bc023b7205c3/context [39m[32m200[39m [90m2 ms - 22[39m
[35m[HTTP][39m [90m[39m
[35m[HTTP][39m [37m-->[39m [37mGET[39m [37m/wd/hub/session/84e6a7a3-a7ff-47bd-aa1a-bc023b7205c3/contexts[39m
[35m[HTTP][39m [90m{}[39m
[35m[HTTP][39m [37m<-- GET /wd/hub/session/84e6a7a3-a7ff-47bd-aa1a-bc023b7205c3/contexts [39m[32m200[39m [90m62 ms - 24[39m
[35m[HTTP][39m [90m[39m
[35m[HTTP][39m [37m-->[39m [37mPOST[39m [37m/wd/hub/session/84e6a7a3-a7ff-47bd-aa1a-bc023b7205c3/context[39m
[35m[HTTP][39m [90m{"name":"NATIVE_APP"}[39m
[35m[HTTP][39m [37m<-- POST /wd/hub/session/84e6a7a3-a7ff-47bd-aa1a-bc023b7205c3/context [39m[32m200[39m [90m1 ms - 14[39m
[35m[HTTP][39m [90m[39m
[35m[HTTP][39m [37m-->[39m [37mPOST[39m [37m/wd/hub/session/84e6a7a3-a7ff-47bd-aa1a-bc023b7205c3/touch/perform[39m
[35m[HTTP][39m [90m{"actions":[{"action":"press","options":{"x":1000,"y":1000}},{"action":"wait","options":{"ms":500}},{"action":"moveTo","options":{"x":0,"y":0}},{"action":"release","options":{}}]}[39m
[35m[HTTP][39m [37m<-- POST /wd/hub/session/84e6a7a3-a7ff-47bd-aa1a-bc023b7205c3/touch/perform [39m[32m200[39m [90m1078 ms - 14[39m
[35m[HTTP][39m [90m[39m
[35m[HTTP][39m [37m-->[39m [37mPOST[39m [37m/wd/hub/session/84e6a7a3-a7ff-47bd-aa1a-bc023b7205c3/context[39m
[35m[HTTP][39m [90m{"name":"NATIVE_APP"}[39m
[35m[HTTP][39m [37m<-- POST /wd/hub/session/84e6a7a3-a7ff-47bd-aa1a-bc023b7205c3/context [39m[32m200[39m [90m3 ms - 14[39m
[35m[HTTP][39m [90m[39m
[35m[HTTP][39m [37m-->[39m [37mGET[39m [37m/wd/hub/session/84e6a7a3-a7ff-47bd-aa1a-bc023b7205c3/source[39m
[35m[HTTP][39m [90m{}[39m
[35m[W3C (84e6a7a3)][39m Driver proxy active, passing request on via HTTP proxy
[35m[WD Proxy][39m Replacing sessionId 619e4a83-3f12-49ae-be7c-8200a73fe768 with 84e6a7a3-a7ff-47bd-aa1a-bc023b7205c3
[35m[HTTP][39m [37m<-- GET /wd/hub/session/84e6a7a3-a7ff-47bd-aa1a-bc023b7205c3/source [39m[32m200[39m [90m119 ms - 22644[39m
[35m[HTTP][39m [90m[39m
[35m[HTTP][39m [37m-->[39m [37mGET[39m [37m/wd/hub/session/84e6a7a3-a7ff-47bd-aa1a-bc023b7205c3/screenshot[39m
[35m[HTTP][39m [90m{}[39m
[35m[HTTP][39m [37m<-- GET /wd/hub/session/84e6a7a3-a7ff-47bd-aa1a-bc023b7205c3/screenshot [39m[32m200[39m [90m389 ms - 308798[39m
[35m[HTTP][39m [90m[39m
[35m[HTTP][39m [37m-->[39m [37mGET[39m [37m/wd/hub/session/84e6a7a3-a7ff-47bd-aa1a-bc023b7205c3/context[39m
[35m[HTTP][39m [90m{}[39m
[35m[HTTP][39m [37m<-- GET /wd/hub/session/84e6a7a3-a7ff-47bd-aa1a-bc023b7205c3/context [39m[32m200[39m [90m2 ms - 22[39m
[35m[HTTP][39m [90m[39m
[35m[HTTP][39m [37m-->[39m [37mGET[39m [37m/wd/hub/session/84e6a7a3-a7ff-47bd-aa1a-bc023b7205c3/contexts[39m
[35m[HTTP][39m [90m{}[39m
[35m[HTTP][39m [37m<-- GET /wd/hub/session/84e6a7a3-a7ff-47bd-aa1a-bc023b7205c3/contexts [39m[32m200[39m [90m68 ms - 24[39m
[35m[HTTP][39m [90m[39m
[35m[HTTP][39m [37m-->[39m [37mPOST[39m [37m/wd/hub/session/84e6a7a3-a7ff-47bd-aa1a-bc023b7205c3/context[39m
[35m[HTTP][39m [90m{"name":"NATIVE_APP"}[39m
[35m[HTTP][39m [37m<-- POST /wd/hub/session/84e6a7a3-a7ff-47bd-aa1a-bc023b7205c3/context [39m[32m200[39m [90m1 ms - 14[39m
[35m[HTTP][39m [90m[39m
[35m[HTTP][39m [37m-->[39m [37mPOST[39m [37m/wd/hub/session/84e6a7a3-a7ff-47bd-aa1a-bc023b7205c3/touch/perform[39m
[35m[HTTP][39m [90m{"actions":[{"action":"press","options":{"x":750,"y":0}},{"action":"wait","options":{"ms":500}},{"action":"moveTo","options":{"x":0,"y":0}},{"action":"release","options":{}}]}[39m
[35m[HTTP][39m [37m<-- POST /wd/hub/session/84e6a7a3-a7ff-47bd-aa1a-bc023b7205c3/touch/perform [39m[32m200[39m [90m1039 ms - 14[39m
[35m[HTTP][39m [90m[39m
[35m[HTTP][39m [37m-->[39m [37mPOST[39m [37m/wd/hub/session/84e6a7a3-a7ff-47bd-aa1a-bc023b7205c3/context[39m
[35m[HTTP][39m [90m{"name":"NATIVE_APP"}[39m
[35m[HTTP][39m [37m<-- POST /wd/hub/session/84e6a7a3-a7ff-47bd-aa1a-bc023b7205c3/context [39m[32m200[39m [90m2 ms - 14[39m
[35m[HTTP][39m [90m[39m
[35m[HTTP][39m [37m-->[39m [37mGET[39m [37m/wd/hub/session/84e6a7a3-a7ff-47bd-aa1a-bc023b7205c3/source[39m
[35m[HTTP][39m [90m{}[39m
[35m[W3C (84e6a7a3)][39m Driver proxy active, passing request on via HTTP proxy
[35m[WD Proxy][39m Replacing sessionId 619e4a83-3f12-49ae-be7c-8200a73fe768 with 84e6a7a3-a7ff-47bd-aa1a-bc023b7205c3
[35m[HTTP][39m [37m<-- GET /wd/hub/session/84e6a7a3-a7ff-47bd-aa1a-bc023b7205c3/source [39m[32m200[39m [90m175 ms - 26524[39m
[35m[HTTP][39m [90m[39m
[35m[HTTP][39m [37m-->[39m [37mGET[39m [37m/wd/hub/session/84e6a7a3-a7ff-47bd-aa1a-bc023b7205c3/screenshot[39m
[35m[HTTP][39m [90m{}[39m
[35m[HTTP][39m [37m<-- GET /wd/hub/session/84e6a7a3-a7ff-47bd-aa1a-bc023b7205c3/screenshot [39m[32m200[39m [90m463 ms - 288136[39m
[35m[HTTP][39m [90m[39m
[35m[HTTP][39m [37m-->[39m [37mGET[39m [37m/wd/hub/session/84e6a7a3-a7ff-47bd-aa1a-bc023b7205c3/context[39m
[35m[HTTP][39m [90m{}[39m
[35m[HTTP][39m [37m<-- GET /wd/hub/session/84e6a7a3-a7ff-47bd-aa1a-bc023b7205c3/context [39m[32m200[39m [90m2 ms - 22[39m
[35m[HTTP][39m [90m[39m
[35m[HTTP][39m [37m-->[39m [37mGET[39m [37m/wd/hub/session/84e6a7a3-a7ff-47bd-aa1a-bc023b7205c3/contexts[39m
[35m[HTTP][39m [90m{}[39m
[35m[HTTP][39m [37m<-- GET /wd/hub/session/84e6a7a3-a7ff-47bd-aa1a-bc023b7205c3/contexts [39m[32m200[39m [90m65 ms - 24[39m
[35m[HTTP][39m [90m[39m
[35m[HTTP][39m [37m-->[39m [37mPOST[39m [37m/wd/hub/session/84e6a7a3-a7ff-47bd-aa1a-bc023b7205c3/context[39m
[35m[HTTP][39m [90m{"name":"NATIVE_APP"}[39m
[35m[HTTP][39m [37m<-- POST /wd/hub/session/84e6a7a3-a7ff-47bd-aa1a-bc023b7205c3/context [39m[32m200[39m [90m2 ms - 14[39m
[35m[HTTP][39m [90m[39m
[35m[HTTP][39m [37m-->[39m [37mPOST[39m [37m/wd/hub/session/84e6a7a3-a7ff-47bd-aa1a-bc023b7205c3/touch/perform[39m
[35m[HTTP][39m [90m{"actions":[{"action":"press","options":{"x":0,"y":0}},{"action":"wait","options":{"ms":500}},{"action":"moveTo","options":{"x":750,"y":0}},{"action":"release","options":{}}]}[39m
[35m[HTTP][39m [37m<-- POST /wd/hub/session/84e6a7a3-a7ff-47bd-aa1a-bc023b7205c3/touch/perform [39m[32m200[39m [90m1029 ms - 14[39m
[35m[HTTP][39m [90m[39m
[35m[HTTP][39m [37m-->[39m [37mPOST[39m [37m/wd/hub/session/84e6a7a3-a7ff-47bd-aa1a-bc023b7205c3/context[39m
[35m[HTTP][39m [90m{"name":"NATIVE_APP"}[39m
[35m[HTTP][39m [37m<-- POST /wd/hub/session/84e6a7a3-a7ff-47bd-aa1a-bc023b7205c3/context [39m[32m200[39m [90m9 ms - 14[39m
[35m[HTTP][39m [90m[39m
[35m[HTTP][39m [37m-->[39m [37mGET[39m [37m/wd/hub/session/84e6a7a3-a7ff-47bd-aa1a-bc023b7205c3/source[39m
[35m[HTTP][39m [90m{}[39m
[35m[W3C (84e6a7a3)][39m Driver proxy active, passing request on via HTTP proxy
[35m[WD Proxy][39m Replacing sessionId 619e4a83-3f12-49ae-be7c-8200a73fe768 with 84e6a7a3-a7ff-47bd-aa1a-bc023b7205c3
[35m[HTTP][39m [37m<-- GET /wd/hub/session/84e6a7a3-a7ff-47bd-aa1a-bc023b7205c3/source [39m[32m200[39m [90m141 ms - 26524[39m
[35m[HTTP][39m [90m[39m
[35m[HTTP][39m [37m-->[39m [37mGET[39m [37m/wd/hub/session/84e6a7a3-a7ff-47bd-aa1a-bc023b7205c3/screenshot[39m
[35m[HTTP][39m [90m{}[39m
[35m[HTTP][39m [37m<-- GET /wd/hub/session/84e6a7a3-a7ff-47bd-aa1a-bc023b7205c3/screenshot [39m[32m200[39m [90m410 ms - 288136[39m
[35m[HTTP][39m [90m[39m
[35m[HTTP][39m [37m-->[39m [37mGET[39m [37m/wd/hub/session/84e6a7a3-a7ff-47bd-aa1a-bc023b7205c3/context[39m
[35m[HTTP][39m [90m{}[39m
[35m[HTTP][39m [37m<-- GET /wd/hub/session/84e6a7a3-a7ff-47bd-aa1a-bc023b7205c3/context [39m[32m200[39m [90m2 ms - 22[39m
[35m[HTTP][39m [90m[39m
[35m[HTTP][39m [37m-->[39m [37mGET[39m [37m/wd/hub/session/84e6a7a3-a7ff-47bd-aa1a-bc023b7205c3/contexts[39m
[35m[HTTP][39m [90m{}[39m
[35m[HTTP][39m [37m<-- GET /wd/hub/session/84e6a7a3-a7ff-47bd-aa1a-bc023b7205c3/contexts [39m[32m200[39m [90m64 ms - 24[39m
[35m[HTTP][39m [90m[39m
[35m[HTTP][39m [37m-->[39m [37mPOST[39m [37m/wd/hub/session/84e6a7a3-a7ff-47bd-aa1a-bc023b7205c3/context[39m
[35m[HTTP][39m [90m{"name":"NATIVE_APP"}[39m
[35m[HTTP][39m [37m<-- POST /wd/hub/session/84e6a7a3-a7ff-47bd-aa1a-bc023b7205c3/context [39m[32m200[39m [90m2 ms - 14[39m
[35m[HTTP][39m [90m[39m
[35m[HTTP][39m [37m-->[39m [37mPOST[39m [37m/wd/hub/session/84e6a7a3-a7ff-47bd-aa1a-bc023b7205c3/touch/perform[39m
[35m[HTTP][39m [90m{"actions":[{"action":"press","options":{"x":0,"y":0}},{"action":"wait","options":{"ms":500}},{"action":"moveTo","options":{"x":0,"y":1000}},{"action":"release","options":{}}]}[39m
[35m[HTTP][39m [37m<-- POST /wd/hub/session/84e6a7a3-a7ff-47bd-aa1a-bc023b7205c3/touch/perform [39m[32m200[39m [90m1149 ms - 14[39m
[35m[HTTP][39m [90m[39m
[35m[HTTP][39m [37m-->[39m [37mPOST[39m [37m/wd/hub/session/84e6a7a3-a7ff-47bd-aa1a-bc023b7205c3/context[39m
[35m[HTTP][39m [90m{"name":"NATIVE_APP"}[39m
[35m[HTTP][39m [37m<-- POST /wd/hub/session/84e6a7a3-a7ff-47bd-aa1a-bc023b7205c3/context [39m[32m200[39m [90m2 ms - 14[39m
[35m[HTTP][39m [90m[39m
[35m[HTTP][39m [37m-->[39m [37mGET[39m [37m/wd/hub/session/84e6a7a3-a7ff-47bd-aa1a-bc023b7205c3/source[39m
[35m[HTTP][39m [90m{}[39m
[35m[W3C (84e6a7a3)][39m Driver proxy active, passing request on via HTTP proxy
[35m[WD Proxy][39m Replacing sessionId 619e4a83-3f12-49ae-be7c-8200a73fe768 with 84e6a7a3-a7ff-47bd-aa1a-bc023b7205c3
[35m[HTTP][39m [37m<-- GET /wd/hub/session/84e6a7a3-a7ff-47bd-aa1a-bc023b7205c3/source [39m[32m200[39m [90m285 ms - 41668[39m
[35m[HTTP][39m [90m[39m
[35m[HTTP][39m [37m-->[39m [37mGET[39m [37m/wd/hub/session/84e6a7a3-a7ff-47bd-aa1a-bc023b7205c3/screenshot[39m
[35m[HTTP][39m [90m{}[39m
[35m[HTTP][39m [37m<-- GET /wd/hub/session/84e6a7a3-a7ff-47bd-aa1a-bc023b7205c3/screenshot [39m[32m200[39m [90m441 ms - 196980[39m
[35m[HTTP][39m [90m[39m
[35m[HTTP][39m [37m-->[39m [37mGET[39m [37m/wd/hub/session/84e6a7a3-a7ff-47bd-aa1a-bc023b7205c3/source[39m
[35m[HTTP][39m [90m{}[39m
[35m[W3C (84e6a7a3)][39m Driver proxy active, passing request on via HTTP proxy
[35m[WD Proxy][39m Replacing sessionId 619e4a83-3f12-49ae-be7c-8200a73fe768 with 84e6a7a3-a7ff-47bd-aa1a-bc023b7205c3
[35m[HTTP][39m [37m<-- GET /wd/hub/session/84e6a7a3-a7ff-47bd-aa1a-bc023b7205c3/source [39m[32m200[39m [90m137 ms - 26524[39m
[35m[HTTP][39m [90m[39m
[35m[HTTP][39m [37m-->[39m [37mGET[39m [37m/wd/hub/session/84e6a7a3-a7ff-47bd-aa1a-bc023b7205c3/screenshot[39m
[35m[HTTP][39m [90m{}[39m
[35m[HTTP][39m [37m<-- GET /wd/hub/session/84e6a7a3-a7ff-47bd-aa1a-bc023b7205c3/screenshot [39m[32m200[39m [90m483 ms - 288136[39m
[35m[HTTP][39m [90m[39m
[35m[HTTP][39m [37m-->[39m [37mGET[39m [37m/wd/hub/session/84e6a7a3-a7ff-47bd-aa1a-bc023b7205c3/context[39m
[35m[HTTP][39m [90m{}[39m
[35m[HTTP][39m [37m<-- GET /wd/hub/session/84e6a7a3-a7ff-47bd-aa1a-bc023b7205c3/context [39m[32m200[39m [90m1 ms - 22[39m
[35m[HTTP][39m [90m[39m
[35m[HTTP][39m [37m-->[39m [37mGET[39m [37m/wd/hub/session/84e6a7a3-a7ff-47bd-aa1a-bc023b7205c3/contexts[39m
[35m[HTTP][39m [90m{}[39m
[35m[HTTP][39m [37m<-- GET /wd/hub/session/84e6a7a3-a7ff-47bd-aa1a-bc023b7205c3/contexts [39m[32m200[39m [90m63 ms - 24[39m
[35m[HTTP][39m [90m[39m
[35m[HTTP][39m [37m-->[39m [37mPOST[39m [37m/wd/hub/session/84e6a7a3-a7ff-47bd-aa1a-bc023b7205c3/context[39m
[35m[HTTP][39m [90m{"name":"NATIVE_APP"}[39m
[35m[HTTP][39m [37m<-- POST /wd/hub/session/84e6a7a3-a7ff-47bd-aa1a-bc023b7205c3/context [39m[32m200[39m [90m2 ms - 14[39m
[35m[HTTP][39m [90m[39m
[35m[HTTP][39m [37m-->[39m [37mPOST[39m [37m/wd/hub/session/84e6a7a3-a7ff-47bd-aa1a-bc023b7205c3/touch/perform[39m
[35m[HTTP][39m [90m{"actions":[{"action":"press","options":{"x":0,"y":900}},{"action":"wait","options":{"ms":500}},{"action":"moveTo","options":{"x":800,"y":0}},{"action":"release","options":{}}]}[39m
[35m[HTTP][39m [37m<-- POST /wd/hub/session/84e6a7a3-a7ff-47bd-aa1a-bc023b7205c3/touch/perform [39m[32m200[39m [90m1072 ms - 14[39m
[35m[HTTP][39m [90m[39m
[35m[HTTP][39m [37m-->[39m [37mPOST[39m [37m/wd/hub/session/84e6a7a3-a7ff-47bd-aa1a-bc023b7205c3/context[39m
[35m[HTTP][39m [90m{"name":"NATIVE_APP"}[39m
[35m[HTTP][39m [37m<-- POST /wd/hub/session/84e6a7a3-a7ff-47bd-aa1a-bc023b7205c3/context [39m[32m200[39m [90m1 ms - 14[39m
[35m[HTTP][39m [90m[39m
[35m[HTTP][39m [37m-->[39m [37mGET[39m [37m/wd/hub/session/84e6a7a3-a7ff-47bd-aa1a-bc023b7205c3/source[39m
[35m[HTTP][39m [90m{}[39m
[35m[W3C (84e6a7a3)][39m Driver proxy active, passing request on via HTTP proxy
[35m[WD Proxy][39m Replacing sessionId 619e4a83-3f12-49ae-be7c-8200a73fe768 with 84e6a7a3-a7ff-47bd-aa1a-bc023b7205c3
[35m[HTTP][39m [37m<-- GET /wd/hub/session/84e6a7a3-a7ff-47bd-aa1a-bc023b7205c3/source [39m[32m200[39m [90m128 ms - 25099[39m
[35m[HTTP][39m [90m[39m
[35m[HTTP][39m [37m-->[39m [37mGET[39m [37m/wd/hub/session/84e6a7a3-a7ff-47bd-aa1a-bc023b7205c3/screenshot[39m
[35m[HTTP][39m [90m{}[39m
[35m[HTTP][39m [37m<-- GET /wd/hub/session/84e6a7a3-a7ff-47bd-aa1a-bc023b7205c3/screenshot [39m[32m200[39m [90m411 ms - 308580[39m
[35m[HTTP][39m [90m[39m
[35m[HTTP][39m [37m-->[39m [37mGET[39m [37m/wd/hub/session/84e6a7a3-a7ff-47bd-aa1a-bc023b7205c3/source[39m
[35m[HTTP][39m [90m{}[39m
[35m[W3C (84e6a7a3)][39m Driver proxy active, passing request on via HTTP proxy
[35m[WD Proxy][39m Replacing sessionId 619e4a83-3f12-49ae-be7c-8200a73fe768 with 84e6a7a3-a7ff-47bd-aa1a-bc023b7205c3
[35m[HTTP][39m [37m<-- GET /wd/hub/session/84e6a7a3-a7ff-47bd-aa1a-bc023b7205c3/source [39m[32m200[39m [90m122 ms - 26524[39m
[35m[HTTP][39m [90m[39m
[35m[HTTP][39m [37m-->[39m [37mGET[39m [37m/wd/hub/session/84e6a7a3-a7ff-47bd-aa1a-bc023b7205c3/screenshot[39m
[35m[HTTP][39m [90m{}[39m
[35m[HTTP][39m [37m<-- GET /wd/hub/session/84e6a7a3-a7ff-47bd-aa1a-bc023b7205c3/screenshot [39m[32m200[39m [90m409 ms - 289306[39m
[35m[HTTP][39m [90m[39m
[35m[HTTP][39m [37m-->[39m [37mPOST[39m [37m/wd/hub/session/84e6a7a3-a7ff-47bd-aa1a-bc023b7205c3/elements[39m
[35m[HTTP][39m [90m{"using":"xpath","value":"//*[@class = 'android.widget.AutoCompleteTextView' and (@text = '--Pilih--' or . = '--Pilih--')]"}[39m
[35m[HTTP][39m [37m<-- POST /wd/hub/session/84e6a7a3-a7ff-47bd-aa1a-bc023b7205c3/elements [39m[32m200[39m [90m338 ms - 139[39m
[35m[HTTP][39m [90m[39m
[35m[HTTP][39m [37m-->[39m [37mGET[39m [37m/wd/hub/session/84e6a7a3-a7ff-47bd-aa1a-bc023b7205c3/window/rect[39m
[35m[HTTP][39m [90m{}[39m
[35m[HTTP][39m [37m<-- GET /wd/hub/session/84e6a7a3-a7ff-47bd-aa1a-bc023b7205c3/window/rect [39m[32m200[39m [90m17 ms - 50[39m
[35m[HTTP][39m [90m[39m
[35m[HTTP][39m [37m-->[39m [37mPOST[39m [37m/wd/hub/session/84e6a7a3-a7ff-47bd-aa1a-bc023b7205c3/elements[39m
[35m[HTTP][39m [90m{"using":"xpath","value":"//*[@class = 'android.widget.AutoCompleteTextView' and (@text = '--Pilih--' or . = '--Pilih--')]"}[39m
[35m[HTTP][39m [37m<-- POST /wd/hub/session/84e6a7a3-a7ff-47bd-aa1a-bc023b7205c3/elements [39m[32m200[39m [90m134 ms - 139[39m
[35m[HTTP][39m [90m[39m
[35m[HTTP][39m [37m-->[39m [37mGET[39m [37m/wd/hub/session/84e6a7a3-a7ff-47bd-aa1a-bc023b7205c3/element/00000000-0000-0d7b-ffff-ffff000000ff/location[39m
[35m[HTTP][39m [90m{}[39m
[35m[W3C (84e6a7a3)][39m Driver proxy active, passing request on via HTTP proxy
[35m[WD Proxy][39m Replacing sessionId 619e4a83-3f12-49ae-be7c-8200a73fe768 with 84e6a7a3-a7ff-47bd-aa1a-bc023b7205c3
[35m[HTTP][39m [37m<-- GET /wd/hub/session/84e6a7a3-a7ff-47bd-aa1a-bc023b7205c3/element/00000000-0000-0d7b-ffff-ffff000000ff/location [39m[32m200[39m [90m14 ms - 79[39m
[35m[HTTP][39m [90m[39m
[35m[HTTP][39m [37m-->[39m [37mPOST[39m [37m/wd/hub/session/84e6a7a3-a7ff-47bd-aa1a-bc023b7205c3/touch/perform[39m
[35m[HTTP][39m [90m{"actions":[{"action":"tap","options":{"x":1,"y":1,"element":"00000000-0000-0d7b-ffff-ffff000000ff"}}]}[39m
[35m[UiAutomator2][39m calling get location: 00000000-0000-0d7b-ffff-ffff000000ff
[35m[HTTP][39m [37m<-- POST /wd/hub/session/84e6a7a3-a7ff-47bd-aa1a-bc023b7205c3/touch/perform [39m[32m200[39m [90m1057 ms - 14[39m
[35m[HTTP][39m [90m[39m
[35m[HTTP][39m [37m-->[39m [37mGET[39m [37m/wd/hub/session/84e6a7a3-a7ff-47bd-aa1a-bc023b7205c3/source[39m
[35m[HTTP][39m [90m{}[39m
[35m[W3C (84e6a7a3)][39m Driver proxy active, passing request on via HTTP proxy
[35m[WD Proxy][39m Replacing sessionId 619e4a83-3f12-49ae-be7c-8200a73fe768 with 84e6a7a3-a7ff-47bd-aa1a-bc023b7205c3
[35m[HTTP][39m [37m<-- GET /wd/hub/session/84e6a7a3-a7ff-47bd-aa1a-bc023b7205c3/source [39m[32m200[39m [90m112 ms - 26525[39m
[35m[HTTP][39m [90m[39m
[35m[HTTP][39m [37m-->[39m [37mGET[39m [37m/wd/hub/session/84e6a7a3-a7ff-47bd-aa1a-bc023b7205c3/screenshot[39m
[35m[HTTP][39m [90m{}[39m
[35m[HTTP][39m [37m<-- GET /wd/hub/session/84e6a7a3-a7ff-47bd-aa1a-bc023b7205c3/screenshot [39m[32m200[39m [90m408 ms - 299906[39m
[35m[HTTP][39m [90m[39m
[35m[HTTP][39m [37m-->[39m [37mPOST[39m [37m/wd/hub/session/84e6a7a3-a7ff-47bd-aa1a-bc023b7205c3/elements[39m
[35m[HTTP][39m [90m{"using":"xpath","value":"//*[@class = 'android.widget.AutoCompleteTextView' and (@text = '--Pilih--' or . = '--Pilih--')]"}[39m
[35m[HTTP][39m [37m<-- POST /wd/hub/session/84e6a7a3-a7ff-47bd-aa1a-bc023b7205c3/elements [39m[32m200[39m [90m149 ms - 139[39m
[35m[HTTP][39m [90m[39m
[35m[HTTP][39m [37m-->[39m [37mGET[39m [37m/wd/hub/session/84e6a7a3-a7ff-47bd-aa1a-bc023b7205c3/window/rect[39m
[35m[HTTP][39m [90m{}[39m
[35m[HTTP][39m [37m<-- GET /wd/hub/session/84e6a7a3-a7ff-47bd-aa1a-bc023b7205c3/window/rect [39m[32m200[39m [90m20 ms - 50[39m
[35m[HTTP][39m [90m[39m
[35m[HTTP][39m [37m-->[39m [37mPOST[39m [37m/wd/hub/session/84e6a7a3-a7ff-47bd-aa1a-bc023b7205c3/elements[39m
[35m[HTTP][39m [90m{"using":"xpath","value":"//*[@class = 'android.widget.AutoCompleteTextView' and (@text = '--Pilih--' or . = '--Pilih--')]"}[39m
[35m[HTTP][39m [37m<-- POST /wd/hub/session/84e6a7a3-a7ff-47bd-aa1a-bc023b7205c3/elements [39m[32m200[39m [90m145 ms - 139[39m
[35m[HTTP][39m [90m[39m
[35m[HTTP][39m [37m-->[39m [37mGET[39m [37m/wd/hub/session/84e6a7a3-a7ff-47bd-aa1a-bc023b7205c3/element/00000000-0000-0d7b-ffff-ffff000000ff/location[39m
[35m[HTTP][39m [90m{}[39m
[35m[W3C (84e6a7a3)][39m Driver proxy active, passing request on via HTTP proxy
[35m[WD Proxy][39m Replacing sessionId 619e4a83-3f12-49ae-be7c-8200a73fe768 with 84e6a7a3-a7ff-47bd-aa1a-bc023b7205c3
[35m[HTTP][39m [37m<-- GET /wd/hub/session/84e6a7a3-a7ff-47bd-aa1a-bc023b7205c3/element/00000000-0000-0d7b-ffff-ffff000000ff/location [39m[32m200[39m [90m28 ms - 79[39m
[35m[HTTP][39m [90m[39m
[35m[HTTP][39m [37m-->[39m [37mPOST[39m [37m/wd/hub/session/84e6a7a3-a7ff-47bd-aa1a-bc023b7205c3/touch/perform[39m
[35m[HTTP][39m [90m{"actions":[{"action":"tap","options":{"x":1,"y":1,"element":"00000000-0000-0d7b-ffff-ffff000000ff"}}]}[39m
[35m[UiAutomator2][39m calling get location: 00000000-0000-0d7b-ffff-ffff000000ff
[35m[HTTP][39m [37m<-- POST /wd/hub/session/84e6a7a3-a7ff-47bd-aa1a-bc023b7205c3/touch/perform [39m[32m200[39m [90m1039 ms - 14[39m
[35m[HTTP][39m [90m[39m
[35m[HTTP][39m [37m-->[39m [37mGET[39m [37m/wd/hub/session/84e6a7a3-a7ff-47bd-aa1a-bc023b7205c3/source[39m
[35m[HTTP][39m [90m{}[39m
[35m[W3C (84e6a7a3)][39m Driver proxy active, passing request on via HTTP proxy
[35m[WD Proxy][39m Replacing sessionId 619e4a83-3f12-49ae-be7c-8200a73fe768 with 84e6a7a3-a7ff-47bd-aa1a-bc023b7205c3
[35m[HTTP][39m [37m<-- GET /wd/hub/session/84e6a7a3-a7ff-47bd-aa1a-bc023b7205c3/source [39m[32m200[39m [90m142 ms - 26524[39m
[35m[HTTP][39m [90m[39m
[35m[HTTP][39m [37m-->[39m [37mGET[39m [37m/wd/hub/session/84e6a7a3-a7ff-47bd-aa1a-bc023b7205c3/screenshot[39m
[35m[HTTP][39m [90m{}[39m
[35m[HTTP][39m [37m<-- GET /wd/hub/session/84e6a7a3-a7ff-47bd-aa1a-bc023b7205c3/screenshot [39m[32m200[39m [90m479 ms - 289968[39m
[35m[HTTP][39m [90m[39m
[35m[HTTP][39m [37m-->[39m [37mPOST[39m [37m/wd/hub/session/84e6a7a3-a7ff-47bd-aa1a-bc023b7205c3/elements[39m
[35m[HTTP][39m [90m{"using":"xpath","value":"//*[@class = 'android.widget.TextView' and (@text = 'NIP Marketer*' or . = 'NIP Marketer*') and @resource-id = 'bcaf.crm.kkb.saleskit:id/tv_label_nip_marketer']"}[39m
[35m[HTTP][39m [37m<-- POST /wd/hub/session/84e6a7a3-a7ff-47bd-aa1a-bc023b7205c3/elements [39m[32m200[39m [90m156 ms - 139[39m
[35m[HTTP][39m [90m[39m
[35m[HTTP][39m [37m-->[39m [37mGET[39m [37m/wd/hub/session/84e6a7a3-a7ff-47bd-aa1a-bc023b7205c3/window/rect[39m
[35m[HTTP][39m [90m{}[39m
[35m[HTTP][39m [37m<-- GET /wd/hub/session/84e6a7a3-a7ff-47bd-aa1a-bc023b7205c3/window/rect [39m[32m200[39m [90m12 ms - 50[39m
[35m[HTTP][39m [90m[39m
[35m[HTTP][39m [37m-->[39m [37mPOST[39m [37m/wd/hub/session/84e6a7a3-a7ff-47bd-aa1a-bc023b7205c3/elements[39m
[35m[HTTP][39m [90m{"using":"xpath","value":"//*[@class = 'android.widget.TextView' and (@text = 'NIP Marketer*' or . = 'NIP Marketer*') and @resource-id = 'bcaf.crm.kkb.saleskit:id/tv_label_nip_marketer']"}[39m
[35m[HTTP][39m [37m<-- POST /wd/hub/session/84e6a7a3-a7ff-47bd-aa1a-bc023b7205c3/elements [39m[32m200[39m [90m178 ms - 139[39m
[35m[HTTP][39m [90m[39m
[35m[HTTP][39m [37m-->[39m [37mGET[39m [37m/wd/hub/session/84e6a7a3-a7ff-47bd-aa1a-bc023b7205c3/element/00000000-0000-0d7b-ffff-ffff00000108/location[39m
[35m[HTTP][39m [90m{}[39m
[35m[W3C (84e6a7a3)][39m Driver proxy active, passing request on via HTTP proxy
[35m[WD Proxy][39m Replacing sessionId 619e4a83-3f12-49ae-be7c-8200a73fe768 with 84e6a7a3-a7ff-47bd-aa1a-bc023b7205c3
[35m[HTTP][39m [37m<-- GET /wd/hub/session/84e6a7a3-a7ff-47bd-aa1a-bc023b7205c3/element/00000000-0000-0d7b-ffff-ffff00000108/location [39m[32m200[39m [90m22 ms - 79[39m
[35m[HTTP][39m [90m[39m
[35m[HTTP][39m [37m-->[39m [37mPOST[39m [37m/wd/hub/session/84e6a7a3-a7ff-47bd-aa1a-bc023b7205c3/touch/perform[39m
[35m[HTTP][39m [90m{"actions":[{"action":"longPress","options":{"element":"00000000-0000-0d7b-ffff-ffff00000108"}},{"action":"release","options":{}}]}[39m
[35m[UiAutomator2][39m calling get location: 00000000-0000-0d7b-ffff-ffff00000108
[35m[HTTP][39m [37m<-- POST /wd/hub/session/84e6a7a3-a7ff-47bd-aa1a-bc023b7205c3/touch/perform [39m[32m200[39m [90m2879 ms - 14[39m
[35m[HTTP][39m [90m[39m
[35m[HTTP][39m [37m-->[39m [37mGET[39m [37m/wd/hub/session/84e6a7a3-a7ff-47bd-aa1a-bc023b7205c3/source[39m
[35m[HTTP][39m [90m{}[39m
[35m[W3C (84e6a7a3)][39m Driver proxy active, passing request on via HTTP proxy
[35m[WD Proxy][39m Replacing sessionId 619e4a83-3f12-49ae-be7c-8200a73fe768 with 84e6a7a3-a7ff-47bd-aa1a-bc023b7205c3
[35m[HTTP][39m [37m<-- GET /wd/hub/session/84e6a7a3-a7ff-47bd-aa1a-bc023b7205c3/source [39m[32m200[39m [90m132 ms - 26524[39m
[35m[HTTP][39m [90m[39m
[35m[HTTP][39m [37m-->[39m [37mGET[39m [37m/wd/hub/session/84e6a7a3-a7ff-47bd-aa1a-bc023b7205c3/screenshot[39m
[35m[HTTP][39m [90m{}[39m
[35m[HTTP][39m [37m<-- GET /wd/hub/session/84e6a7a3-a7ff-47bd-aa1a-bc023b7205c3/screenshot [39m[32m200[39m [90m484 ms - 307436[39m
[35m[HTTP][39m [90m[39m
[35m[HTTP][39m [37m-->[39m [37mPOST[39m [37m/wd/hub/session/84e6a7a3-a7ff-47bd-aa1a-bc023b7205c3/elements[39m
[35m[HTTP][39m [90m{"using":"xpath","value":"//*[@class = 'android.widget.AutoCompleteTextView' and (@text = 'WONOSARI' or . = 'WONOSARI')]"}[39m
[35m[HTTP][39m [37m<-- POST /wd/hub/session/84e6a7a3-a7ff-47bd-aa1a-bc023b7205c3/elements [39m[32m200[39m [90m121 ms - 139[39m
[35m[HTTP][39m [90m[39m
[35m[HTTP][39m [37m-->[39m [37mGET[39m [37m/wd/hub/session/84e6a7a3-a7ff-47bd-aa1a-bc023b7205c3/window/rect[39m
[35m[HTTP][39m [90m{}[39m
[35m[HTTP][39m [37m<-- GET /wd/hub/session/84e6a7a3-a7ff-47bd-aa1a-bc023b7205c3/window/rect [39m[32m200[39m [90m11 ms - 50[39m
[35m[HTTP][39m [90m[39m
[35m[HTTP][39m [37m-->[39m [37mPOST[39m [37m/wd/hub/session/84e6a7a3-a7ff-47bd-aa1a-bc023b7205c3/elements[39m
[35m[HTTP][39m [90m{"using":"xpath","value":"//*[@class = 'android.widget.AutoCompleteTextView' and (@text = 'WONOSARI' or . = 'WONOSARI')]"}[39m
[35m[HTTP][39m [37m<-- POST /wd/hub/session/84e6a7a3-a7ff-47bd-aa1a-bc023b7205c3/elements [39m[32m200[39m [90m126 ms - 139[39m
[35m[HTTP][39m [90m[39m
[35m[HTTP][39m [37m-->[39m [37mGET[39m [37m/wd/hub/session/84e6a7a3-a7ff-47bd-aa1a-bc023b7205c3/element/00000000-0000-0d7b-ffff-ffff000000ff/location[39m
[35m[HTTP][39m [90m{}[39m
[35m[W3C (84e6a7a3)][39m Driver proxy active, passing request on via HTTP proxy
[35m[WD Proxy][39m Replacing sessionId 619e4a83-3f12-49ae-be7c-8200a73fe768 with 84e6a7a3-a7ff-47bd-aa1a-bc023b7205c3
[35m[HTTP][39m [37m<-- GET /wd/hub/session/84e6a7a3-a7ff-47bd-aa1a-bc023b7205c3/element/00000000-0000-0d7b-ffff-ffff000000ff/location [39m[32m200[39m [90m18 ms - 79[39m
[35m[HTTP][39m [90m[39m
[35m[HTTP][39m [37m-->[39m [37mPOST[39m [37m/wd/hub/session/84e6a7a3-a7ff-47bd-aa1a-bc023b7205c3/touch/perform[39m
[35m[HTTP][39m [90m{"actions":[{"action":"tap","options":{"x":1,"y":1,"element":"00000000-0000-0d7b-ffff-ffff000000ff"}}]}[39m
[35m[UiAutomator2][39m calling get location: 00000000-0000-0d7b-ffff-ffff000000ff
[35m[HTTP][39m [37m<-- POST /wd/hub/session/84e6a7a3-a7ff-47bd-aa1a-bc023b7205c3/touch/perform [39m[32m200[39m [90m1008 ms - 14[39m
[35m[HTTP][39m [90m[39m
[35m[HTTP][39m [37m-->[39m [37mGET[39m [37m/wd/hub/session/84e6a7a3-a7ff-47bd-aa1a-bc023b7205c3/source[39m
[35m[HTTP][39m [90m{}[39m
[35m[W3C (84e6a7a3)][39m Driver proxy active, passing request on via HTTP proxy
[35m[WD Proxy][39m Replacing sessionId 619e4a83-3f12-49ae-be7c-8200a73fe768 with 84e6a7a3-a7ff-47bd-aa1a-bc023b7205c3
[35m[HTTP][39m [37m<-- GET /wd/hub/session/84e6a7a3-a7ff-47bd-aa1a-bc023b7205c3/source [39m[32m200[39m [90m132 ms - 26523[39m
[35m[HTTP][39m [90m[39m
[35m[HTTP][39m [37m-->[39m [37mGET[39m [37m/wd/hub/session/84e6a7a3-a7ff-47bd-aa1a-bc023b7205c3/screenshot[39m
[35m[HTTP][39m [90m{}[39m
[35m[HTTP][39m [37m<-- GET /wd/hub/session/84e6a7a3-a7ff-47bd-aa1a-bc023b7205c3/screenshot [39m[32m200[39m [90m484 ms - 297632[39m
[35m[HTTP][39m [90m[39m
[35m[HTTP][39m [37m-->[39m [37mGET[39m [37m/wd/hub/session/84e6a7a3-a7ff-47bd-aa1a-bc023b7205c3/context[39m
[35m[HTTP][39m [90m{}[39m
[35m[HTTP][39m [37m<-- GET /wd/hub/session/84e6a7a3-a7ff-47bd-aa1a-bc023b7205c3/context [39m[32m200[39m [90m1 ms - 22[39m
[35m[HTTP][39m [90m[39m
[35m[HTTP][39m [37m-->[39m [37mGET[39m [37m/wd/hub/session/84e6a7a3-a7ff-47bd-aa1a-bc023b7205c3/contexts[39m
[35m[HTTP][39m [90m{}[39m
[35m[HTTP][39m [37m<-- GET /wd/hub/session/84e6a7a3-a7ff-47bd-aa1a-bc023b7205c3/contexts [39m[32m200[39m [90m62 ms - 24[39m
[35m[HTTP][39m [90m[39m
[35m[HTTP][39m [37m-->[39m [37mPOST[39m [37m/wd/hub/session/84e6a7a3-a7ff-47bd-aa1a-bc023b7205c3/context[39m
[35m[HTTP][39m [90m{"name":"NATIVE_APP"}[39m
[35m[HTTP][39m [37m<-- POST /wd/hub/session/84e6a7a3-a7ff-47bd-aa1a-bc023b7205c3/context [39m[32m200[39m [90m1 ms - 14[39m
[35m[HTTP][39m [90m[39m
[35m[HTTP][39m [37m-->[39m [37mPOST[39m [37m/wd/hub/session/84e6a7a3-a7ff-47bd-aa1a-bc023b7205c3/orientation[39m
[35m[HTTP][39m [90m{"orientation":"LANDSCAPE"}[39m
[35m[W3C (84e6a7a3)][39m Driver proxy active, passing request on via HTTP proxy
[35m[WD Proxy][39m Got response with status 400: {"sessionId":"619e4a83-3f12-49ae-be7c-8200a73fe768","value":{"error":"invalid element state","message":"Screen rotation cannot be changed to ROTATION_270 after 2000ms. Is it locked programmatically?","stacktrace":"io.appium.uiautomator2.common.exceptions.InvalidElementStateException: Screen rotation cannot be changed to ROTATION_270 after 2000ms. Is it locked programmatically?\n\tat io.appium.uiautomator2.model.internal.CustomUiDevice.setRotationSync(CustomUiDevice.java:184)\n\tat io.appium.uiautomator2.handler.SetOrientation.safeHandle(SetOrientation.java:41)\n\tat io.appium.uiautomator2.handler.request.SafeRequestHandler.handle(SafeRequestHandler.java:59)\n\tat io.appium.uiautomator2.server.AppiumServlet.handleRequest(AppiumServlet.java:266)\n\tat io.appium.uiautomator2.server.AppiumServlet.handleHttpRequest(AppiumServlet.java:260)\n\tat io.appium.uiautomator2.http.ServerHandler.channelRead(ServerHandler.java:68)\n\tat io.netty.channel.AbstractChannelHandlerContext.invokeChannelRead(AbstractChannelHandle...
[35m[HTTP][39m [37m<-- POST /wd/hub/session/84e6a7a3-a7ff-47bd-aa1a-bc023b7205c3/orientation [39m[33m400[39m [90m2179 ms - 3927[39m
[35m[HTTP][39m [90m[39m
[35m[HTTP][39m [37m-->[39m [37mPOST[39m [37m/wd/hub/session/84e6a7a3-a7ff-47bd-aa1a-bc023b7205c3/context[39m
[35m[HTTP][39m [90m{"name":"NATIVE_APP"}[39m
[35m[HTTP][39m [37m<-- POST /wd/hub/session/84e6a7a3-a7ff-47bd-aa1a-bc023b7205c3/context [39m[32m200[39m [90m2 ms - 14[39m
[35m[HTTP][39m [90m[39m
[35m[HTTP][39m [37m-->[39m [37mGET[39m [37m/wd/hub/session/84e6a7a3-a7ff-47bd-aa1a-bc023b7205c3/source[39m
[35m[HTTP][39m [90m{}[39m
[35m[W3C (84e6a7a3)][39m Driver proxy active, passing request on via HTTP proxy
[35m[WD Proxy][39m Replacing sessionId 619e4a83-3f12-49ae-be7c-8200a73fe768 with 84e6a7a3-a7ff-47bd-aa1a-bc023b7205c3
[35m[HTTP][39m [37m<-- GET /wd/hub/session/84e6a7a3-a7ff-47bd-aa1a-bc023b7205c3/source [39m[32m200[39m [90m110 ms - 26523[39m
[35m[HTTP][39m [90m[39m
[35m[HTTP][39m [37m-->[39m [37mGET[39m [37m/wd/hub/session/84e6a7a3-a7ff-47bd-aa1a-bc023b7205c3/screenshot[39m
[35m[HTTP][39m [90m{}[39m
[35m[HTTP][39m [37m<-- GET /wd/hub/session/84e6a7a3-a7ff-47bd-aa1a-bc023b7205c3/screenshot [39m[32m200[39m [90m406 ms - 296262[39m
[35m[HTTP][39m [90m[39m
[35m[HTTP][39m [37m-->[39m [37mGET[39m [37m/wd/hub/session/84e6a7a3-a7ff-47bd-aa1a-bc023b7205c3/context[39m
[35m[HTTP][39m [90m{}[39m
[35m[HTTP][39m [37m<-- GET /wd/hub/session/84e6a7a3-a7ff-47bd-aa1a-bc023b7205c3/context [39m[32m200[39m [90m1 ms - 22[39m
[35m[HTTP][39m [90m[39m
[35m[HTTP][39m [37m-->[39m [37mGET[39m [37m/wd/hub/session/84e6a7a3-a7ff-47bd-aa1a-bc023b7205c3/contexts[39m
[35m[HTTP][39m [90m{}[39m
[35m[HTTP][39m [37m<-- GET /wd/hub/session/84e6a7a3-a7ff-47bd-aa1a-bc023b7205c3/contexts [39m[32m200[39m [90m64 ms - 24[39m
[35m[HTTP][39m [90m[39m
[35m[HTTP][39m [37m-->[39m [37mPOST[39m [37m/wd/hub/session/84e6a7a3-a7ff-47bd-aa1a-bc023b7205c3/context[39m
[35m[HTTP][39m [90m{"name":"NATIVE_APP"}[39m
[35m[HTTP][39m [37m<-- POST /wd/hub/session/84e6a7a3-a7ff-47bd-aa1a-bc023b7205c3/context [39m[32m200[39m [90m1 ms - 14[39m
[35m[HTTP][39m [90m[39m
[35m[HTTP][39m [37m-->[39m [37mPOST[39m [37m/wd/hub/session/84e6a7a3-a7ff-47bd-aa1a-bc023b7205c3/touch/perform[39m
[35m[HTTP][39m [90m{"actions":[{"action":"press","options":{"x":0,"y":500}},{"action":"wait","options":{"ms":500}},{"action":"moveTo","options":{"x":0,"y":0}},{"action":"release","options":{}}]}[39m
[35m[HTTP][39m [37m<-- POST /wd/hub/session/84e6a7a3-a7ff-47bd-aa1a-bc023b7205c3/touch/perform [39m[32m200[39m [90m1059 ms - 14[39m
[35m[HTTP][39m [90m[39m
[35m[HTTP][39m [37m-->[39m [37mPOST[39m [37m/wd/hub/session/84e6a7a3-a7ff-47bd-aa1a-bc023b7205c3/context[39m
[35m[HTTP][39m [90m{"name":"NATIVE_APP"}[39m
[35m[HTTP][39m [37m<-- POST /wd/hub/session/84e6a7a3-a7ff-47bd-aa1a-bc023b7205c3/context [39m[32m200[39m [90m2 ms - 14[39m
[35m[HTTP][39m [90m[39m
[35m[HTTP][39m [37m-->[39m [37mGET[39m [37m/wd/hub/session/84e6a7a3-a7ff-47bd-aa1a-bc023b7205c3/source[39m
[35m[HTTP][39m [90m{}[39m
[35m[W3C (84e6a7a3)][39m Driver proxy active, passing request on via HTTP proxy
[35m[WD Proxy][39m Replacing sessionId 619e4a83-3f12-49ae-be7c-8200a73fe768 with 84e6a7a3-a7ff-47bd-aa1a-bc023b7205c3
[35m[HTTP][39m [37m<-- GET /wd/hub/session/84e6a7a3-a7ff-47bd-aa1a-bc023b7205c3/source [39m[32m200[39m [90m401 ms - 26677[39m
[35m[HTTP][39m [90m[39m
[35m[HTTP][39m [37m-->[39m [37mGET[39m [37m/wd/hub/session/84e6a7a3-a7ff-47bd-aa1a-bc023b7205c3/screenshot[39m
[35m[HTTP][39m [90m{}[39m
[35m[HTTP][39m [37m<-- GET /wd/hub/session/84e6a7a3-a7ff-47bd-aa1a-bc023b7205c3/screenshot [39m[32m200[39m [90m492 ms - 310186[39m
[35m[HTTP][39m [90m[39m
[35m[HTTP][39m [37m-->[39m [37mGET[39m [37m/wd/hub/session/84e6a7a3-a7ff-47bd-aa1a-bc023b7205c3/source[39m
[35m[HTTP][39m [90m{}[39m
[35m[W3C (84e6a7a3)][39m Driver proxy active, passing request on via HTTP proxy
[35m[WD Proxy][39m Replacing sessionId 619e4a83-3f12-49ae-be7c-8200a73fe768 with 84e6a7a3-a7ff-47bd-aa1a-bc023b7205c3
[35m[HTTP][39m [37m<-- GET /wd/hub/session/84e6a7a3-a7ff-47bd-aa1a-bc023b7205c3/source [39m[32m200[39m [90m133 ms - 26523[39m
[35m[HTTP][39m [90m[39m
[35m[HTTP][39m [37m-->[39m [37mGET[39m [37m/wd/hub/session/84e6a7a3-a7ff-47bd-aa1a-bc023b7205c3/screenshot[39m
[35m[HTTP][39m [90m{}[39m
[35m[HTTP][39m [37m<-- GET /wd/hub/session/84e6a7a3-a7ff-47bd-aa1a-bc023b7205c3/screenshot [39m[32m200[39m [90m393 ms - 300350[39m
[35m[HTTP][39m [90m[39m
[35m[HTTP][39m [37m-->[39m [37mGET[39m [37m/wd/hub/session/84e6a7a3-a7ff-47bd-aa1a-bc023b7205c3/context[39m
[35m[HTTP][39m [90m{}[39m
[35m[HTTP][39m [37m<-- GET /wd/hub/session/84e6a7a3-a7ff-47bd-aa1a-bc023b7205c3/context [39m[32m200[39m [90m1 ms - 22[39m
[35m[HTTP][39m [90m[39m
[35m[HTTP][39m [37m-->[39m [37mGET[39m [37m/wd/hub/session/84e6a7a3-a7ff-47bd-aa1a-bc023b7205c3/contexts[39m
[35m[HTTP][39m [90m{}[39m
[35m[HTTP][39m [37m<-- GET /wd/hub/session/84e6a7a3-a7ff-47bd-aa1a-bc023b7205c3/contexts [39m[32m200[39m [90m62 ms - 24[39m
[35m[HTTP][39m [90m[39m
[35m[HTTP][39m [37m-->[39m [37mPOST[39m [37m/wd/hub/session/84e6a7a3-a7ff-47bd-aa1a-bc023b7205c3/context[39m
[35m[HTTP][39m [90m{"name":"NATIVE_APP"}[39m
[35m[HTTP][39m [37m<-- POST /wd/hub/session/84e6a7a3-a7ff-47bd-aa1a-bc023b7205c3/context [39m[32m200[39m [90m1 ms - 14[39m
[35m[HTTP][39m [90m[39m
[35m[HTTP][39m [37m-->[39m [37mPOST[39m [37m/wd/hub/session/84e6a7a3-a7ff-47bd-aa1a-bc023b7205c3/touch/perform[39m
[35m[HTTP][39m [90m{"actions":[{"action":"press","options":{"x":0,"y":200}},{"action":"wait","options":{"ms":500}},{"action":"moveTo","options":{"x":0,"y":0}},{"action":"release","options":{}}]}[39m
[35m[HTTP][39m [37m<-- POST /wd/hub/session/84e6a7a3-a7ff-47bd-aa1a-bc023b7205c3/touch/perform [39m[32m200[39m [90m1070 ms - 14[39m
[35m[HTTP][39m [90m[39m
[35m[HTTP][39m [37m-->[39m [37mPOST[39m [37m/wd/hub/session/84e6a7a3-a7ff-47bd-aa1a-bc023b7205c3/context[39m
[35m[HTTP][39m [90m{"name":"NATIVE_APP"}[39m
[35m[HTTP][39m [37m<-- POST /wd/hub/session/84e6a7a3-a7ff-47bd-aa1a-bc023b7205c3/context [39m[32m200[39m [90m2 ms - 14[39m
[35m[HTTP][39m [90m[39m
[35m[HTTP][39m [37m-->[39m [37mGET[39m [37m/wd/hub/session/84e6a7a3-a7ff-47bd-aa1a-bc023b7205c3/source[39m
[35m[HTTP][39m [90m{}[39m
[35m[W3C (84e6a7a3)][39m Driver proxy active, passing request on via HTTP proxy
[35m[WD Proxy][39m Replacing sessionId 619e4a83-3f12-49ae-be7c-8200a73fe768 with 84e6a7a3-a7ff-47bd-aa1a-bc023b7205c3
[35m[HTTP][39m [37m<-- GET /wd/hub/session/84e6a7a3-a7ff-47bd-aa1a-bc023b7205c3/source [39m[32m200[39m [90m125 ms - 26524[39m
[35m[HTTP][39m [90m[39m
[35m[HTTP][39m [37m-->[39m [37mGET[39m [37m/wd/hub/session/84e6a7a3-a7ff-47bd-aa1a-bc023b7205c3/screenshot[39m
[35m[HTTP][39m [90m{}[39m
[35m[HTTP][39m [37m<-- GET /wd/hub/session/84e6a7a3-a7ff-47bd-aa1a-bc023b7205c3/screenshot [39m[32m200[39m [90m482 ms - 310186[39m
[35m[HTTP][39m [90m[39m
[35m[HTTP][39m [37m-->[39m [37mGET[39m [37m/wd/hub/session/84e6a7a3-a7ff-47bd-aa1a-bc023b7205c3/context[39m
[35m[HTTP][39m [90m{}[39m
[35m[HTTP][39m [37m<-- GET /wd/hub/session/84e6a7a3-a7ff-47bd-aa1a-bc023b7205c3/context [39m[32m200[39m [90m2 ms - 22[39m
[35m[HTTP][39m [90m[39m
[35m[HTTP][39m [37m-->[39m [37mGET[39m [37m/wd/hub/session/84e6a7a3-a7ff-47bd-aa1a-bc023b7205c3/contexts[39m
[35m[HTTP][39m [90m{}[39m
[35m[HTTP][39m [37m<-- GET /wd/hub/session/84e6a7a3-a7ff-47bd-aa1a-bc023b7205c3/contexts [39m[32m200[39m [90m59 ms - 24[39m
[35m[HTTP][39m [90m[39m
[35m[HTTP][39m [37m-->[39m [37mPOST[39m [37m/wd/hub/session/84e6a7a3-a7ff-47bd-aa1a-bc023b7205c3/context[39m
[35m[HTTP][39m [90m{"name":"NATIVE_APP"}[39m
[35m[HTTP][39m [37m<-- POST /wd/hub/session/84e6a7a3-a7ff-47bd-aa1a-bc023b7205c3/context [39m[32m200[39m [90m1 ms - 14[39m
[35m[HTTP][39m [90m[39m
[35m[HTTP][39m [37m-->[39m [37mPOST[39m [37m/wd/hub/session/84e6a7a3-a7ff-47bd-aa1a-bc023b7205c3/touch/perform[39m
[35m[HTTP][39m [90m{"actions":[{"action":"press","options":{"x":0,"y":50}},{"action":"wait","options":{"ms":500}},{"action":"moveTo","options":{"x":0,"y":0}},{"action":"release","options":{}}]}[39m
[35m[HTTP][39m [37m<-- POST /wd/hub/session/84e6a7a3-a7ff-47bd-aa1a-bc023b7205c3/touch/perform [39m[32m200[39m [90m1057 ms - 14[39m
[35m[HTTP][39m [90m[39m
[35m[HTTP][39m [37m-->[39m [37mPOST[39m [37m/wd/hub/session/84e6a7a3-a7ff-47bd-aa1a-bc023b7205c3/context[39m
[35m[HTTP][39m [90m{"name":"NATIVE_APP"}[39m
[35m[HTTP][39m [37m<-- POST /wd/hub/session/84e6a7a3-a7ff-47bd-aa1a-bc023b7205c3/context [39m[32m200[39m [90m2 ms - 14[39m
[35m[HTTP][39m [90m[39m
[35m[HTTP][39m [37m-->[39m [37mGET[39m [37m/wd/hub/session/84e6a7a3-a7ff-47bd-aa1a-bc023b7205c3/source[39m
[35m[HTTP][39m [90m{}[39m
[35m[W3C (84e6a7a3)][39m Driver proxy active, passing request on via HTTP proxy
[35m[WD Proxy][39m Replacing sessionId 619e4a83-3f12-49ae-be7c-8200a73fe768 with 84e6a7a3-a7ff-47bd-aa1a-bc023b7205c3
[35m[HTTP][39m [37m<-- GET /wd/hub/session/84e6a7a3-a7ff-47bd-aa1a-bc023b7205c3/source [39m[32m200[39m [90m114 ms - 26523[39m
[35m[HTTP][39m [90m[39m
[35m[HTTP][39m [37m-->[39m [37mGET[39m [37m/wd/hub/session/84e6a7a3-a7ff-47bd-aa1a-bc023b7205c3/screenshot[39m
[35m[HTTP][39m [90m{}[39m
[35m[HTTP][39m [37m<-- GET /wd/hub/session/84e6a7a3-a7ff-47bd-aa1a-bc023b7205c3/screenshot [39m[32m200[39m [90m461 ms - 300198[39m
[35m[HTTP][39m [90m[39m
[35m[HTTP][39m [37m-->[39m [37mGET[39m [37m/wd/hub/session/84e6a7a3-a7ff-47bd-aa1a-bc023b7205c3/context[39m
[35m[HTTP][39m [90m{}[39m
[35m[HTTP][39m [37m<-- GET /wd/hub/session/84e6a7a3-a7ff-47bd-aa1a-bc023b7205c3/context [39m[32m200[39m [90m2 ms - 22[39m
[35m[HTTP][39m [90m[39m
[35m[HTTP][39m [37m-->[39m [37mGET[39m [37m/wd/hub/session/84e6a7a3-a7ff-47bd-aa1a-bc023b7205c3/contexts[39m
[35m[HTTP][39m [90m{}[39m
[35m[HTTP][39m [37m<-- GET /wd/hub/session/84e6a7a3-a7ff-47bd-aa1a-bc023b7205c3/contexts [39m[32m200[39m [90m65 ms - 24[39m
[35m[HTTP][39m [90m[39m
[35m[HTTP][39m [37m-->[39m [37mPOST[39m [37m/wd/hub/session/84e6a7a3-a7ff-47bd-aa1a-bc023b7205c3/context[39m
[35m[HTTP][39m [90m{"name":"NATIVE_APP"}[39m
[35m[HTTP][39m [37m<-- POST /wd/hub/session/84e6a7a3-a7ff-47bd-aa1a-bc023b7205c3/context [39m[32m200[39m [90m1 ms - 14[39m
[35m[HTTP][39m [90m[39m
[35m[HTTP][39m [37m-->[39m [37mPOST[39m [37m/wd/hub/session/84e6a7a3-a7ff-47bd-aa1a-bc023b7205c3/touch/perform[39m
[35m[HTTP][39m [90m{"actions":[{"action":"press","options":{"x":0,"y":100}},{"action":"wait","options":{"ms":500}},{"action":"moveTo","options":{"x":0,"y":0}},{"action":"release","options":{}}]}[39m
[35m[HTTP][39m [37m<-- POST /wd/hub/session/84e6a7a3-a7ff-47bd-aa1a-bc023b7205c3/touch/perform [39m[32m200[39m [90m1089 ms - 14[39m
[35m[HTTP][39m [90m[39m
[35m[HTTP][39m [37m-->[39m [37mPOST[39m [37m/wd/hub/session/84e6a7a3-a7ff-47bd-aa1a-bc023b7205c3/context[39m
[35m[HTTP][39m [90m{"name":"NATIVE_APP"}[39m
[35m[HTTP][39m [37m<-- POST /wd/hub/session/84e6a7a3-a7ff-47bd-aa1a-bc023b7205c3/context [39m[32m200[39m [90m3 ms - 14[39m
[35m[HTTP][39m [90m[39m
[35m[HTTP][39m [37m-->[39m [37mGET[39m [37m/wd/hub/session/84e6a7a3-a7ff-47bd-aa1a-bc023b7205c3/source[39m
[35m[HTTP][39m [90m{}[39m
[35m[W3C (84e6a7a3)][39m Driver proxy active, passing request on via HTTP proxy
[35m[WD Proxy][39m Replacing sessionId 619e4a83-3f12-49ae-be7c-8200a73fe768 with 84e6a7a3-a7ff-47bd-aa1a-bc023b7205c3
[35m[HTTP][39m [37m<-- GET /wd/hub/session/84e6a7a3-a7ff-47bd-aa1a-bc023b7205c3/source [39m[32m200[39m [90m143 ms - 26524[39m
[35m[HTTP][39m [90m[39m
[35m[HTTP][39m [37m-->[39m [37mGET[39m [37m/wd/hub/session/84e6a7a3-a7ff-47bd-aa1a-bc023b7205c3/screenshot[39m
[35m[HTTP][39m [90m{}[39m
[35m[HTTP][39m [37m<-- GET /wd/hub/session/84e6a7a3-a7ff-47bd-aa1a-bc023b7205c3/screenshot [39m[32m200[39m [90m404 ms - 311138[39m
[35m[HTTP][39m [90m[39m
[35m[HTTP][39m [37m-->[39m [37mGET[39m [37m/wd/hub/session/84e6a7a3-a7ff-47bd-aa1a-bc023b7205c3/context[39m
[35m[HTTP][39m [90m{}[39m
[35m[HTTP][39m [37m<-- GET /wd/hub/session/84e6a7a3-a7ff-47bd-aa1a-bc023b7205c3/context [39m[32m200[39m [90m1 ms - 22[39m
[35m[HTTP][39m [90m[39m
[35m[HTTP][39m [37m-->[39m [37mGET[39m [37m/wd/hub/session/84e6a7a3-a7ff-47bd-aa1a-bc023b7205c3/contexts[39m
[35m[HTTP][39m [90m{}[39m
[35m[HTTP][39m [37m<-- GET /wd/hub/session/84e6a7a3-a7ff-47bd-aa1a-bc023b7205c3/contexts [39m[32m200[39m [90m77 ms - 24[39m
[35m[HTTP][39m [90m[39m
[35m[HTTP][39m [37m-->[39m [37mPOST[39m [37m/wd/hub/session/84e6a7a3-a7ff-47bd-aa1a-bc023b7205c3/context[39m
[35m[HTTP][39m [90m{"name":"NATIVE_APP"}[39m
[35m[HTTP][39m [37m<-- POST /wd/hub/session/84e6a7a3-a7ff-47bd-aa1a-bc023b7205c3/context [39m[32m200[39m [90m1 ms - 14[39m
[35m[HTTP][39m [90m[39m
[35m[HTTP][39m [37m-->[39m [37mPOST[39m [37m/wd/hub/session/84e6a7a3-a7ff-47bd-aa1a-bc023b7205c3/touch/perform[39m
[35m[HTTP][39m [90m{"actions":[{"action":"press","options":{"x":0,"y":100}},{"action":"wait","options":{"ms":500}},{"action":"moveTo","options":{"x":500,"y":0}},{"action":"release","options":{}}]}[39m
[35m[HTTP][39m [37m<-- POST /wd/hub/session/84e6a7a3-a7ff-47bd-aa1a-bc023b7205c3/touch/perform [39m[32m200[39m [90m1082 ms - 14[39m
[35m[HTTP][39m [90m[39m
[35m[HTTP][39m [37m-->[39m [37mPOST[39m [37m/wd/hub/session/84e6a7a3-a7ff-47bd-aa1a-bc023b7205c3/context[39m
[35m[HTTP][39m [90m{"name":"NATIVE_APP"}[39m
[35m[HTTP][39m [37m<-- POST /wd/hub/session/84e6a7a3-a7ff-47bd-aa1a-bc023b7205c3/context [39m[32m200[39m [90m2 ms - 14[39m
[35m[HTTP][39m [90m[39m
[35m[HTTP][39m [37m-->[39m [37mGET[39m [37m/wd/hub/session/84e6a7a3-a7ff-47bd-aa1a-bc023b7205c3/source[39m
[35m[HTTP][39m [90m{}[39m
[35m[W3C (84e6a7a3)][39m Driver proxy active, passing request on via HTTP proxy
[35m[WD Proxy][39m Replacing sessionId 619e4a83-3f12-49ae-be7c-8200a73fe768 with 84e6a7a3-a7ff-47bd-aa1a-bc023b7205c3
[35m[HTTP][39m [37m<-- GET /wd/hub/session/84e6a7a3-a7ff-47bd-aa1a-bc023b7205c3/source [39m[32m200[39m [90m124 ms - 26524[39m
[35m[HTTP][39m [90m[39m
[35m[HTTP][39m [37m-->[39m [37mGET[39m [37m/wd/hub/session/84e6a7a3-a7ff-47bd-aa1a-bc023b7205c3/screenshot[39m
[35m[HTTP][39m [90m{}[39m
[35m[HTTP][39m [37m<-- GET /wd/hub/session/84e6a7a3-a7ff-47bd-aa1a-bc023b7205c3/screenshot [39m[32m200[39m [90m388 ms - 311138[39m
[35m[HTTP][39m [90m[39m
[35m[HTTP][39m [37m-->[39m [37mDELETE[39m [37m/wd/hub/session/84e6a7a3-a7ff-47bd-aa1a-bc023b7205c3[39m
[35m[HTTP][39m [90m{}[39m
[35m[Appium][39m Removing session 84e6a7a3-a7ff-47bd-aa1a-bc023b7205c3 from our master session list
[35m[UiAutomator2][39m Did not get confirmation UiAutomator2 deleteSession worked; Error was: UnknownError: An unknown server-side error occurred while processing the command. Original error: 'DELETE /' cannot be proxied to UiAutomator2 server because the instrumentation process is not running (probably crashed). Check the server log and/or the logcat output for more details
[35m[UiAutomator2][39m Unable to force stop app: Error executing adbExec. Original error: 'Command ''C:\\Users\\Nia Yusniati\\.katalon\\tools\\android_sdk\\platform-tools\\adb.exe' -P 5037 -s 9B221FFBA000GD shell am force-stop com.android.settings' exited with code 1'; Command output: adb.exe: device '9B221FFBA000GD' not found
[35m[UiAutomator2][39m 
[35m[ADB][39m Error sending command, reconnecting device and retrying: forward,--remove,tcp:8278
[35m[HTTP][39m [37m<-- DELETE /wd/hub/session/84e6a7a3-a7ff-47bd-aa1a-bc023b7205c3 [39m[32m-[39m [90m- ms - -[39m
[35m[HTTP][39m [90m[39m
[35m[UiAutomator2][39m Unable to remove system port forward: Could not find a connected Android device in 20114ms.
[35m[UiAutomator2][39m Restoring hidden api policy to the device default configuration
