[35m[Appium][39m Welcome to Appium v1.22.2
[35m[Appium][39m Non-default server args:
[35m[Appium][39m   port: 50300
[35m[Appium][39m   loglevel: info
[35m[Appium][39m   tmpDir: C:\Users\NIAYUS~1\AppData\Local\Temp\\Katalon\Appium\Temp1652686941741
[35m[Appium][39m   chromedriverPort: 50301
[35m[Appium][39m Deprecated server args:
[35m[Appium][39m   [31m--chromedriver-port[39m => --default-capabilities
[35m[Appium][39m Default capabilities, which will be added to each request unless overridden by desired capabilities:
[35m[Appium][39m   chromedriverPort: 50301
[35m[Appium][39m Appium REST http interface listener started on 0.0.0.0:50300
[35m[HTTP][39m [37m-->[39m [37mGET[39m [37m/wd/hub/status[39m
[35m[HTTP][39m [90m{}[39m
[35m[HTTP][39m [37m<-- GET /wd/hub/status [39m[32m200[39m [90m8 ms - 68[39m
[35m[HTTP][39m [90m[39m
[35m[HTTP][39m [37m-->[39m [37mPOST[39m [37m/wd/hub/session[39m
[35m[HTTP][39m [90m{"desiredCapabilities":{"appActivity":".Settings","appPackage":"com.android.settings","newCommandTimeout":1800,"platformVersion":"11","automationName":"uiautomator2","autoGrantPermissions":true,"platformName":"Android","udid":"RR8N605F11Y","deviceName":"samsung SM-M315F (Android 11)","platform":"ANDROID","systemPort":8228},"capabilities":{"firstMatch":[{"appium:appActivity":".Settings","appium:appPackage":"com.android.settings","appium:autoGrantPermissions":true,"appium:automationName":"uiautomator2","appium:deviceName":"samsung SM-M315F (Android 11)","appium:newCommandTimeout":1800,"platform":"ANDROID","platformName":"android","appium:platformVersion":"11","appium:systemPort":8228,"appium:udid":"RR8N605F11Y"}]}}[39m
[35m[BaseDriver][39m The following capabilities are not standard capabilities and should have an extension prefix:
[35m[BaseDriver][39m   platform
[35m[BaseDriver][39m   chromedriverPort
[35m[Appium][39m Appium v1.22.2 creating new AndroidUiautomator2Driver (v1.70.1) session
[35m[BaseDriver][39m The following capabilities were provided, but are not recognized by Appium:
[35m[BaseDriver][39m   platform
[35m[BaseDriver][39m Session created with session id: 0c3b2b85-8f25-4c45-a8e3-e2e552f09f74
[35m[UiAutomator2][39m Starting 'com.android.settings' directly on the device
[35m[ADB][39m Cannot sort build-tools folders ["29.0.3","android-8.1.0"] by semantic version names.
[35m[ADB][39m Falling back to sorting by modification date. Original error: Invalid Version: android-8.1.0
[35m[ADB][39m Found 2 'build-tools' folders under 'C:\Users\Nia Yusniati\.katalon\tools\android_sdk' (newest first):
[35m[ADB][39m     C:/Users/Nia Yusniati/.katalon/tools/android_sdk/build-tools/29.0.3
[35m[ADB][39m     C:/Users/Nia Yusniati/.katalon/tools/android_sdk/build-tools/android-8.1.0
[35m[ADB][39m Using 'adb.exe' from 'C:\Users\Nia Yusniati\.katalon\tools\android_sdk\platform-tools\adb.exe'
[35m[AndroidDriver][39m Retrieving device list
[35m[AndroidDriver][39m Using device: RR8N605F11Y
[35m[ADB][39m Using 'adb.exe' from 'C:\Users\Nia Yusniati\.katalon\tools\android_sdk\platform-tools\adb.exe'
[35m[ADB][39m Getting device platform version
[35m[UiAutomator2][39m Relaxing hidden api policy
[35m[AndroidDriver][39m No app sent in, not parsing package/activity
[35m[ADB][39m Using 'apksigner.jar' from 'C:\Users\Nia Yusniati\.katalon\tools\android_sdk\build-tools\29.0.3\lib\apksigner.jar'
[35m[ADB][39m 'C:\Users\Nia Yusniati\AppData\Roaming\npm\node_modules\appium\node_modules\appium-uiautomator2-server\apks\appium-uiautomator2-server-v4.27.0.apk' is signed with the default certificate
[35m[ADB][39m 'C:\Users\Nia Yusniati\AppData\Roaming\npm\node_modules\appium\node_modules\appium-uiautomator2-server\apks\appium-uiautomator2-server-debug-androidTest.apk' is signed with the default certificate
[35m[UiAutomator2][39m Server packages are not going to be (re)installed
[35m[ADB][39m Adding packages ["io.appium.settings","io.appium.uiautomator2.server","io.appium.uiautomator2.server.test"] to Doze whitelist
[35m[UiAutomator2][39m Starting UIAutomator2 server 4.27.0
[35m[UiAutomator2][39m Using UIAutomator2 server from 'C:\Users\Nia Yusniati\AppData\Roaming\npm\node_modules\appium\node_modules\appium-uiautomator2-server\apks\appium-uiautomator2-server-v4.27.0.apk' and test from 'C:\Users\Nia Yusniati\AppData\Roaming\npm\node_modules\appium\node_modules\appium-uiautomator2-server\apks\appium-uiautomator2-server-debug-androidTest.apk'
[35m[UiAutomator2][39m Waiting up to 30000ms for UiAutomator2 to be online...
[35m[WD Proxy][39m socket hang up
[35m[WD Proxy][39m socket hang up
[35m[WD Proxy][39m socket hang up
[35m[WD Proxy][39m Determined the downstream protocol as 'W3C'
[35m[AndroidDriver][39m Screen already unlocked, doing nothing
[35m[UiAutomator2][39m Starting 'com.android.settings/.Settings and waiting for 'com.android.settings/.Settings'
[35m[Appium][39m New AndroidUiautomator2Driver session created successfully, session 0c3b2b85-8f25-4c45-a8e3-e2e552f09f74 added to master session list
[35m[HTTP][39m [37m<-- POST /wd/hub/session [39m[32m200[39m [90m13746 ms - 1158[39m
[35m[HTTP][39m [90m[39m
[35m[HTTP][39m [37m-->[39m [37mGET[39m [37m/wd/hub/session/0c3b2b85-8f25-4c45-a8e3-e2e552f09f74[39m
[35m[HTTP][39m [90m{}[39m
[35m[HTTP][39m [37m<-- GET /wd/hub/session/0c3b2b85-8f25-4c45-a8e3-e2e552f09f74 [39m[32m200[39m [90m17 ms - 1112[39m
[35m[HTTP][39m [90m[39m
[35m[HTTP][39m [37m-->[39m [37mGET[39m [37m/wd/hub/session/0c3b2b85-8f25-4c45-a8e3-e2e552f09f74[39m
[35m[HTTP][39m [90m{}[39m
[35m[HTTP][39m [37m<-- GET /wd/hub/session/0c3b2b85-8f25-4c45-a8e3-e2e552f09f74 [39m[32m200[39m [90m18 ms - 1112[39m
[35m[HTTP][39m [90m[39m
[35m[HTTP][39m [37m-->[39m [37mGET[39m [37m/wd/hub/status[39m
[35m[HTTP][39m [90m{}[39m
[35m[HTTP][39m [37m<-- GET /wd/hub/status [39m[32m200[39m [90m2 ms - 68[39m
[35m[HTTP][39m [90m[39m
[35m[HTTP][39m [37m-->[39m [37mPOST[39m [37m/wd/hub/session/0c3b2b85-8f25-4c45-a8e3-e2e552f09f74/timeouts[39m
[35m[HTTP][39m [90m{"implicit":30000}[39m
[35m[HTTP][39m [37m<-- POST /wd/hub/session/0c3b2b85-8f25-4c45-a8e3-e2e552f09f74/timeouts [39m[32m200[39m [90m7 ms - 14[39m
[35m[HTTP][39m [90m[39m
[35m[HTTP][39m [37m-->[39m [37mGET[39m [37m/wd/hub/session/0c3b2b85-8f25-4c45-a8e3-e2e552f09f74/screenshot[39m
[35m[HTTP][39m [90m{}[39m
[35m[HTTP][39m [37m<-- GET /wd/hub/session/0c3b2b85-8f25-4c45-a8e3-e2e552f09f74/screenshot [39m[32m200[39m [90m736 ms - 216332[39m
[35m[HTTP][39m [90m[39m
[35m[HTTP][39m [37m-->[39m [37mGET[39m [37m/wd/hub/session/0c3b2b85-8f25-4c45-a8e3-e2e552f09f74/window/rect[39m
[35m[HTTP][39m [90m{}[39m
[35m[HTTP][39m [37m<-- GET /wd/hub/session/0c3b2b85-8f25-4c45-a8e3-e2e552f09f74/window/rect [39m[32m200[39m [90m44 ms - 50[39m
[35m[HTTP][39m [90m[39m
[35m[HTTP][39m [37m-->[39m [37mGET[39m [37m/wd/hub/session/0c3b2b85-8f25-4c45-a8e3-e2e552f09f74/appium/device/system_bars[39m
[35m[HTTP][39m [90m{}[39m
[35m[HTTP][39m [37m<-- GET /wd/hub/session/0c3b2b85-8f25-4c45-a8e3-e2e552f09f74/appium/device/system_bars [39m[32m200[39m [90m185 ms - 148[39m
[35m[HTTP][39m [90m[39m
[35m[HTTP][39m [37m-->[39m [37mPOST[39m [37m/wd/hub/session/0c3b2b85-8f25-4c45-a8e3-e2e552f09f74/appium/device/activate_app[39m
[35m[HTTP][39m [90m{"bundleId":"bcaf.crm.kkb.saleskit"}[39m
[35m[HTTP][39m [37m<-- POST /wd/hub/session/0c3b2b85-8f25-4c45-a8e3-e2e552f09f74/appium/device/activate_app [39m[32m200[39m [90m704 ms - 14[39m
[35m[HTTP][39m [90m[39m
[35m[HTTP][39m [37m-->[39m [37mPOST[39m [37m/wd/hub/session/0c3b2b85-8f25-4c45-a8e3-e2e552f09f74/timeouts[39m
[35m[HTTP][39m [90m{"implicit":50}[39m
[35m[HTTP][39m [37m<-- POST /wd/hub/session/0c3b2b85-8f25-4c45-a8e3-e2e552f09f74/timeouts [39m[32m200[39m [90m4 ms - 14[39m
[35m[HTTP][39m [90m[39m
[35m[HTTP][39m [37m-->[39m [37mGET[39m [37m/wd/hub/session/0c3b2b85-8f25-4c45-a8e3-e2e552f09f74/window/rect[39m
[35m[HTTP][39m [90m{}[39m
[35m[HTTP][39m [37m<-- GET /wd/hub/session/0c3b2b85-8f25-4c45-a8e3-e2e552f09f74/window/rect [39m[32m200[39m [90m17 ms - 50[39m
[35m[HTTP][39m [90m[39m
[35m[HTTP][39m [37m-->[39m [37mPOST[39m [37m/wd/hub/session/0c3b2b85-8f25-4c45-a8e3-e2e552f09f74/elements[39m
[35m[HTTP][39m [90m{"using":"xpath","value":"//*[@class = 'android.widget.EditText' and (@text = 'Username' or . = 'Username') and @resource-id = 'bcaf.crm.kkb.saleskit:id/username']"}[39m
[35m[HTTP][39m [37m<-- POST /wd/hub/session/0c3b2b85-8f25-4c45-a8e3-e2e552f09f74/elements [39m[32m200[39m [90m464 ms - 139[39m
[35m[HTTP][39m [90m[39m
[35m[HTTP][39m [37m-->[39m [37mGET[39m [37m/wd/hub/session/0c3b2b85-8f25-4c45-a8e3-e2e552f09f74/element/00000000-0000-055a-ffff-ffff00000a0d/location[39m
[35m[HTTP][39m [90m{}[39m
[35m[W3C (0c3b2b85)][39m Driver proxy active, passing request on via HTTP proxy
[35m[WD Proxy][39m Replacing sessionId 6dfa91e6-f490-4614-bac3-a9fbeb9475a6 with 0c3b2b85-8f25-4c45-a8e3-e2e552f09f74
[35m[HTTP][39m [37m<-- GET /wd/hub/session/0c3b2b85-8f25-4c45-a8e3-e2e552f09f74/element/00000000-0000-055a-ffff-ffff00000a0d/location [39m[32m200[39m [90m36 ms - 78[39m
[35m[HTTP][39m [90m[39m
[35m[HTTP][39m [37m-->[39m [37mPOST[39m [37m/wd/hub/session/0c3b2b85-8f25-4c45-a8e3-e2e552f09f74/timeouts[39m
[35m[HTTP][39m [90m{"implicit":30000}[39m
[35m[HTTP][39m [37m<-- POST /wd/hub/session/0c3b2b85-8f25-4c45-a8e3-e2e552f09f74/timeouts [39m[32m200[39m [90m2 ms - 14[39m
[35m[HTTP][39m [90m[39m
[35m[HTTP][39m [37m-->[39m [37mPOST[39m [37m/wd/hub/session/0c3b2b85-8f25-4c45-a8e3-e2e552f09f74/element/00000000-0000-055a-ffff-ffff00000a0d/clear[39m
[35m[HTTP][39m [90m{"id":"00000000-0000-055a-ffff-ffff00000a0d"}[39m
[35m[HTTP][39m [37m<-- POST /wd/hub/session/0c3b2b85-8f25-4c45-a8e3-e2e552f09f74/element/00000000-0000-055a-ffff-ffff00000a0d/clear [39m[32m200[39m [90m44 ms - 14[39m
[35m[HTTP][39m [90m[39m
[35m[HTTP][39m [37m-->[39m [37mPOST[39m [37m/wd/hub/session/0c3b2b85-8f25-4c45-a8e3-e2e552f09f74/element/00000000-0000-055a-ffff-ffff00000a0d/value[39m
[35m[HTTP][39m [90m{"id":"00000000-0000-055a-ffff-ffff00000a0d","text":"202020","value":["2","0","2","0","2","0"]}[39m
[35m[HTTP][39m [37m<-- POST /wd/hub/session/0c3b2b85-8f25-4c45-a8e3-e2e552f09f74/element/00000000-0000-055a-ffff-ffff00000a0d/value [39m[32m200[39m [90m708 ms - 14[39m
[35m[HTTP][39m [90m[39m
[35m[HTTP][39m [37m-->[39m [37mPOST[39m [37m/wd/hub/session/0c3b2b85-8f25-4c45-a8e3-e2e552f09f74/timeouts[39m
[35m[HTTP][39m [90m{"implicit":50}[39m
[35m[HTTP][39m [37m<-- POST /wd/hub/session/0c3b2b85-8f25-4c45-a8e3-e2e552f09f74/timeouts [39m[32m200[39m [90m2 ms - 14[39m
[35m[HTTP][39m [90m[39m
[35m[HTTP][39m [37m-->[39m [37mGET[39m [37m/wd/hub/session/0c3b2b85-8f25-4c45-a8e3-e2e552f09f74/window/rect[39m
[35m[HTTP][39m [90m{}[39m
[35m[HTTP][39m [37m<-- GET /wd/hub/session/0c3b2b85-8f25-4c45-a8e3-e2e552f09f74/window/rect [39m[32m200[39m [90m22 ms - 50[39m
[35m[HTTP][39m [90m[39m
[35m[HTTP][39m [37m-->[39m [37mPOST[39m [37m/wd/hub/session/0c3b2b85-8f25-4c45-a8e3-e2e552f09f74/elements[39m
[35m[HTTP][39m [90m{"using":"xpath","value":"//*[@class = 'android.widget.EditText' and (@text = 'Password' or . = 'Password') and @resource-id = 'bcaf.crm.kkb.saleskit:id/password']"}[39m
[35m[HTTP][39m [37m<-- POST /wd/hub/session/0c3b2b85-8f25-4c45-a8e3-e2e552f09f74/elements [39m[32m200[39m [90m366 ms - 139[39m
[35m[HTTP][39m [90m[39m
[35m[HTTP][39m [37m-->[39m [37mGET[39m [37m/wd/hub/session/0c3b2b85-8f25-4c45-a8e3-e2e552f09f74/element/00000000-0000-055a-ffff-ffff00000a19/location[39m
[35m[HTTP][39m [90m{}[39m
[35m[W3C (0c3b2b85)][39m Driver proxy active, passing request on via HTTP proxy
[35m[WD Proxy][39m Replacing sessionId 6dfa91e6-f490-4614-bac3-a9fbeb9475a6 with 0c3b2b85-8f25-4c45-a8e3-e2e552f09f74
[35m[HTTP][39m [37m<-- GET /wd/hub/session/0c3b2b85-8f25-4c45-a8e3-e2e552f09f74/element/00000000-0000-055a-ffff-ffff00000a19/location [39m[32m200[39m [90m21 ms - 79[39m
[35m[HTTP][39m [90m[39m
[35m[HTTP][39m [37m-->[39m [37mPOST[39m [37m/wd/hub/session/0c3b2b85-8f25-4c45-a8e3-e2e552f09f74/timeouts[39m
[35m[HTTP][39m [90m{"implicit":30000}[39m
[35m[HTTP][39m [37m<-- POST /wd/hub/session/0c3b2b85-8f25-4c45-a8e3-e2e552f09f74/timeouts [39m[32m200[39m [90m3 ms - 14[39m
[35m[HTTP][39m [90m[39m
[35m[HTTP][39m [37m-->[39m [37mPOST[39m [37m/wd/hub/session/0c3b2b85-8f25-4c45-a8e3-e2e552f09f74/element/00000000-0000-055a-ffff-ffff00000a19/clear[39m
[35m[HTTP][39m [90m{"id":"00000000-0000-055a-ffff-ffff00000a19"}[39m
[35m[HTTP][39m [37m<-- POST /wd/hub/session/0c3b2b85-8f25-4c45-a8e3-e2e552f09f74/element/00000000-0000-055a-ffff-ffff00000a19/clear [39m[32m200[39m [90m21 ms - 14[39m
[35m[HTTP][39m [90m[39m
[35m[HTTP][39m [37m-->[39m [37mPOST[39m [37m/wd/hub/session/0c3b2b85-8f25-4c45-a8e3-e2e552f09f74/element/00000000-0000-055a-ffff-ffff00000a19/value[39m
[35m[HTTP][39m [90m{"id":"00000000-0000-055a-ffff-ffff00000a19","text":"Mobile123+","value":["M","o","b","i","l","e","1","2","3","+"]}[39m
[35m[HTTP][39m [37m<-- POST /wd/hub/session/0c3b2b85-8f25-4c45-a8e3-e2e552f09f74/element/00000000-0000-055a-ffff-ffff00000a19/value [39m[32m200[39m [90m654 ms - 14[39m
[35m[HTTP][39m [90m[39m
[35m[HTTP][39m [37m-->[39m [37mPOST[39m [37m/wd/hub/session/0c3b2b85-8f25-4c45-a8e3-e2e552f09f74/timeouts[39m
[35m[HTTP][39m [90m{"implicit":50}[39m
[35m[HTTP][39m [37m<-- POST /wd/hub/session/0c3b2b85-8f25-4c45-a8e3-e2e552f09f74/timeouts [39m[32m200[39m [90m4 ms - 14[39m
[35m[HTTP][39m [90m[39m
[35m[HTTP][39m [37m-->[39m [37mGET[39m [37m/wd/hub/session/0c3b2b85-8f25-4c45-a8e3-e2e552f09f74/window/rect[39m
[35m[HTTP][39m [90m{}[39m
[35m[HTTP][39m [37m<-- GET /wd/hub/session/0c3b2b85-8f25-4c45-a8e3-e2e552f09f74/window/rect [39m[32m200[39m [90m23 ms - 50[39m
[35m[HTTP][39m [90m[39m
[35m[HTTP][39m [37m-->[39m [37mPOST[39m [37m/wd/hub/session/0c3b2b85-8f25-4c45-a8e3-e2e552f09f74/elements[39m
[35m[HTTP][39m [90m{"using":"xpath","value":"//*[@class = 'android.widget.ImageButton' and @resource-id = 'bcaf.crm.kkb.saleskit:id/text_input_end_icon' and (@text = '' or . = '')]"}[39m
[35m[HTTP][39m [37m<-- POST /wd/hub/session/0c3b2b85-8f25-4c45-a8e3-e2e552f09f74/elements [39m[32m200[39m [90m399 ms - 139[39m
[35m[HTTP][39m [90m[39m
[35m[HTTP][39m [37m-->[39m [37mGET[39m [37m/wd/hub/session/0c3b2b85-8f25-4c45-a8e3-e2e552f09f74/element/00000000-0000-055a-ffff-ffff00000a20/location[39m
[35m[HTTP][39m [90m{}[39m
[35m[W3C (0c3b2b85)][39m Driver proxy active, passing request on via HTTP proxy
[35m[WD Proxy][39m Replacing sessionId 6dfa91e6-f490-4614-bac3-a9fbeb9475a6 with 0c3b2b85-8f25-4c45-a8e3-e2e552f09f74
[35m[HTTP][39m [37m<-- GET /wd/hub/session/0c3b2b85-8f25-4c45-a8e3-e2e552f09f74/element/00000000-0000-055a-ffff-ffff00000a20/location [39m[32m200[39m [90m25 ms - 79[39m
[35m[HTTP][39m [90m[39m
[35m[HTTP][39m [37m-->[39m [37mPOST[39m [37m/wd/hub/session/0c3b2b85-8f25-4c45-a8e3-e2e552f09f74/timeouts[39m
[35m[HTTP][39m [90m{"implicit":30000}[39m
[35m[HTTP][39m [37m<-- POST /wd/hub/session/0c3b2b85-8f25-4c45-a8e3-e2e552f09f74/timeouts [39m[32m200[39m [90m2 ms - 14[39m
[35m[HTTP][39m [90m[39m
[35m[HTTP][39m [37m-->[39m [37mPOST[39m [37m/wd/hub/session/0c3b2b85-8f25-4c45-a8e3-e2e552f09f74/touch/perform[39m
[35m[HTTP][39m [90m{"actions":[{"action":"tap","options":{"x":1,"y":1,"element":"00000000-0000-055a-ffff-ffff00000a20"}},{"action":"release","options":{}}]}[39m
[35m[UiAutomator2][39m calling get location: 00000000-0000-055a-ffff-ffff00000a20
[35m[HTTP][39m [37m<-- POST /wd/hub/session/0c3b2b85-8f25-4c45-a8e3-e2e552f09f74/touch/perform [39m[32m200[39m [90m226 ms - 14[39m
[35m[HTTP][39m [90m[39m
[35m[HTTP][39m [37m-->[39m [37mGET[39m [37m/wd/hub/session/0c3b2b85-8f25-4c45-a8e3-e2e552f09f74/context[39m
[35m[HTTP][39m [90m{}[39m
[35m[HTTP][39m [37m<-- GET /wd/hub/session/0c3b2b85-8f25-4c45-a8e3-e2e552f09f74/context [39m[32m200[39m [90m2 ms - 22[39m
[35m[HTTP][39m [90m[39m
[35m[HTTP][39m [37m-->[39m [37mGET[39m [37m/wd/hub/session/0c3b2b85-8f25-4c45-a8e3-e2e552f09f74/contexts[39m
[35m[HTTP][39m [90m{}[39m
[35m[HTTP][39m [37m<-- GET /wd/hub/session/0c3b2b85-8f25-4c45-a8e3-e2e552f09f74/contexts [39m[32m200[39m [90m357 ms - 41[39m
[35m[HTTP][39m [90m[39m
[35m[HTTP][39m [37m-->[39m [37mPOST[39m [37m/wd/hub/session/0c3b2b85-8f25-4c45-a8e3-e2e552f09f74/context[39m
[35m[HTTP][39m [90m{"name":"NATIVE_APP"}[39m
[35m[HTTP][39m [37m<-- POST /wd/hub/session/0c3b2b85-8f25-4c45-a8e3-e2e552f09f74/context [39m[32m200[39m [90m3 ms - 14[39m
[35m[HTTP][39m [90m[39m
[35m[HTTP][39m [37m-->[39m [37mGET[39m [37m/wd/hub/session/0c3b2b85-8f25-4c45-a8e3-e2e552f09f74/window/rect[39m
[35m[HTTP][39m [90m{}[39m
[35m[HTTP][39m [37m<-- GET /wd/hub/session/0c3b2b85-8f25-4c45-a8e3-e2e552f09f74/window/rect [39m[32m200[39m [90m20 ms - 50[39m
[35m[HTTP][39m [90m[39m
[35m[HTTP][39m [37m-->[39m [37mPOST[39m [37m/wd/hub/session/0c3b2b85-8f25-4c45-a8e3-e2e552f09f74/execute/sync[39m
[35m[HTTP][39m [90m{"script":"mobile: viewportScreenshot","args":[]}[39m
[35m[AndroidDriver][39m Executing native command 'mobile: viewportScreenshot'
[35m[HTTP][39m [37m<-- POST /wd/hub/session/0c3b2b85-8f25-4c45-a8e3-e2e552f09f74/execute/sync [39m[32m200[39m [90m1783 ms - 883292[39m
[35m[HTTP][39m [90m[39m
[35m[HTTP][39m [37m-->[39m [37mPOST[39m [37m/wd/hub/session/0c3b2b85-8f25-4c45-a8e3-e2e552f09f74/context[39m
[35m[HTTP][39m [90m{"name":"NATIVE_APP"}[39m
[35m[HTTP][39m [37m<-- POST /wd/hub/session/0c3b2b85-8f25-4c45-a8e3-e2e552f09f74/context [39m[32m200[39m [90m3 ms - 14[39m
[35m[HTTP][39m [90m[39m
[35m[HTTP][39m [37m-->[39m [37mPOST[39m [37m/wd/hub/session/0c3b2b85-8f25-4c45-a8e3-e2e552f09f74/timeouts[39m
[35m[HTTP][39m [90m{"implicit":50}[39m
[35m[HTTP][39m [37m<-- POST /wd/hub/session/0c3b2b85-8f25-4c45-a8e3-e2e552f09f74/timeouts [39m[32m200[39m [90m2 ms - 14[39m
[35m[HTTP][39m [90m[39m
[35m[HTTP][39m [37m-->[39m [37mGET[39m [37m/wd/hub/session/0c3b2b85-8f25-4c45-a8e3-e2e552f09f74/window/rect[39m
[35m[HTTP][39m [90m{}[39m
[35m[HTTP][39m [37m<-- GET /wd/hub/session/0c3b2b85-8f25-4c45-a8e3-e2e552f09f74/window/rect [39m[32m200[39m [90m32 ms - 50[39m
[35m[HTTP][39m [90m[39m
[35m[HTTP][39m [37m-->[39m [37mPOST[39m [37m/wd/hub/session/0c3b2b85-8f25-4c45-a8e3-e2e552f09f74/elements[39m
[35m[HTTP][39m [90m{"using":"xpath","value":"//hierarchy/android.widget.FrameLayout[1]/android.widget.LinearLayout[1]/android.widget.FrameLayout[1]/android.widget.FrameLayout[1]/android.widget.FrameLayout[1]/android.widget.ScrollView[1]/android.widget.LinearLayout[1]/android.widget.FrameLayout[2]/android.widget.ImageView[1]"}[39m
[35m[HTTP][39m [37m<-- POST /wd/hub/session/0c3b2b85-8f25-4c45-a8e3-e2e552f09f74/elements [39m[32m200[39m [90m347 ms - 139[39m
[35m[HTTP][39m [90m[39m
[35m[HTTP][39m [37m-->[39m [37mGET[39m [37m/wd/hub/session/0c3b2b85-8f25-4c45-a8e3-e2e552f09f74/element/00000000-0000-055a-ffff-ffff00000a24/location[39m
[35m[HTTP][39m [90m{}[39m
[35m[W3C (0c3b2b85)][39m Driver proxy active, passing request on via HTTP proxy
[35m[WD Proxy][39m Replacing sessionId 6dfa91e6-f490-4614-bac3-a9fbeb9475a6 with 0c3b2b85-8f25-4c45-a8e3-e2e552f09f74
[35m[HTTP][39m [37m<-- GET /wd/hub/session/0c3b2b85-8f25-4c45-a8e3-e2e552f09f74/element/00000000-0000-055a-ffff-ffff00000a24/location [39m[32m200[39m [90m49 ms - 79[39m
[35m[HTTP][39m [90m[39m
[35m[HTTP][39m [37m-->[39m [37mPOST[39m [37m/wd/hub/session/0c3b2b85-8f25-4c45-a8e3-e2e552f09f74/timeouts[39m
[35m[HTTP][39m [90m{"implicit":30000}[39m
[35m[HTTP][39m [37m<-- POST /wd/hub/session/0c3b2b85-8f25-4c45-a8e3-e2e552f09f74/timeouts [39m[32m200[39m [90m2 ms - 14[39m
[35m[HTTP][39m [90m[39m
[35m[HTTP][39m [37m-->[39m [37mPOST[39m [37m/wd/hub/session/0c3b2b85-8f25-4c45-a8e3-e2e552f09f74/touch/perform[39m
[35m[HTTP][39m [90m{"actions":[{"action":"tap","options":{"x":1,"y":1,"element":"00000000-0000-055a-ffff-ffff00000a24"}},{"action":"release","options":{}}]}[39m
[35m[UiAutomator2][39m calling get location: 00000000-0000-055a-ffff-ffff00000a24
[35m[HTTP][39m [37m<-- POST /wd/hub/session/0c3b2b85-8f25-4c45-a8e3-e2e552f09f74/touch/perform [39m[32m200[39m [90m248 ms - 14[39m
[35m[HTTP][39m [90m[39m
[35m[HTTP][39m [37m-->[39m [37mGET[39m [37m/wd/hub/session/0c3b2b85-8f25-4c45-a8e3-e2e552f09f74/context[39m
[35m[HTTP][39m [90m{}[39m
[35m[HTTP][39m [37m<-- GET /wd/hub/session/0c3b2b85-8f25-4c45-a8e3-e2e552f09f74/context [39m[32m200[39m [90m3 ms - 22[39m
[35m[HTTP][39m [90m[39m
[35m[HTTP][39m [37m-->[39m [37mGET[39m [37m/wd/hub/session/0c3b2b85-8f25-4c45-a8e3-e2e552f09f74/contexts[39m
[35m[HTTP][39m [90m{}[39m
[35m[HTTP][39m [37m<-- GET /wd/hub/session/0c3b2b85-8f25-4c45-a8e3-e2e552f09f74/contexts [39m[32m200[39m [90m335 ms - 41[39m
[35m[HTTP][39m [90m[39m
[35m[HTTP][39m [37m-->[39m [37mPOST[39m [37m/wd/hub/session/0c3b2b85-8f25-4c45-a8e3-e2e552f09f74/context[39m
[35m[HTTP][39m [90m{"name":"NATIVE_APP"}[39m
[35m[HTTP][39m [37m<-- POST /wd/hub/session/0c3b2b85-8f25-4c45-a8e3-e2e552f09f74/context [39m[32m200[39m [90m2 ms - 14[39m
[35m[HTTP][39m [90m[39m
[35m[HTTP][39m [37m-->[39m [37mGET[39m [37m/wd/hub/session/0c3b2b85-8f25-4c45-a8e3-e2e552f09f74/window/rect[39m
[35m[HTTP][39m [90m{}[39m
[35m[HTTP][39m [37m<-- GET /wd/hub/session/0c3b2b85-8f25-4c45-a8e3-e2e552f09f74/window/rect [39m[32m200[39m [90m26 ms - 50[39m
[35m[HTTP][39m [90m[39m
[35m[HTTP][39m [37m-->[39m [37mPOST[39m [37m/wd/hub/session/0c3b2b85-8f25-4c45-a8e3-e2e552f09f74/execute/sync[39m
[35m[HTTP][39m [90m{"script":"mobile: viewportScreenshot","args":[]}[39m
[35m[AndroidDriver][39m Executing native command 'mobile: viewportScreenshot'
[35m[HTTP][39m [37m<-- POST /wd/hub/session/0c3b2b85-8f25-4c45-a8e3-e2e552f09f74/execute/sync [39m[32m200[39m [90m1847 ms - 289304[39m
[35m[HTTP][39m [90m[39m
[35m[HTTP][39m [37m-->[39m [37mPOST[39m [37m/wd/hub/session/0c3b2b85-8f25-4c45-a8e3-e2e552f09f74/context[39m
[35m[HTTP][39m [90m{"name":"NATIVE_APP"}[39m
[35m[HTTP][39m [37m<-- POST /wd/hub/session/0c3b2b85-8f25-4c45-a8e3-e2e552f09f74/context [39m[32m200[39m [90m2 ms - 14[39m
[35m[HTTP][39m [90m[39m
[35m[HTTP][39m [37m-->[39m [37mPOST[39m [37m/wd/hub/session/0c3b2b85-8f25-4c45-a8e3-e2e552f09f74/timeouts[39m
[35m[HTTP][39m [90m{"implicit":50}[39m
[35m[HTTP][39m [37m<-- POST /wd/hub/session/0c3b2b85-8f25-4c45-a8e3-e2e552f09f74/timeouts [39m[32m200[39m [90m3 ms - 14[39m
[35m[HTTP][39m [90m[39m
[35m[HTTP][39m [37m-->[39m [37mGET[39m [37m/wd/hub/session/0c3b2b85-8f25-4c45-a8e3-e2e552f09f74/window/rect[39m
[35m[HTTP][39m [90m{}[39m
[35m[HTTP][39m [37m<-- GET /wd/hub/session/0c3b2b85-8f25-4c45-a8e3-e2e552f09f74/window/rect [39m[32m200[39m [90m30 ms - 50[39m
[35m[HTTP][39m [90m[39m
[35m[HTTP][39m [37m-->[39m [37mPOST[39m [37m/wd/hub/session/0c3b2b85-8f25-4c45-a8e3-e2e552f09f74/elements[39m
[35m[HTTP][39m [90m{"using":"xpath","value":"//*[@class = 'android.widget.FrameLayout' and @resource-id = 'bcaf.crm.kkb.saleskit:id/navigation_profile' and (@text = '' or . = '')]"}[39m
[35m[HTTP][39m [37m<-- POST /wd/hub/session/0c3b2b85-8f25-4c45-a8e3-e2e552f09f74/elements [39m[32m200[39m [90m1863 ms - 139[39m
[35m[HTTP][39m [90m[39m
[35m[HTTP][39m [37m-->[39m [37mGET[39m [37m/wd/hub/session/0c3b2b85-8f25-4c45-a8e3-e2e552f09f74/element/00000000-0000-0569-ffff-ffff00000a94/location[39m
[35m[HTTP][39m [90m{}[39m
[35m[W3C (0c3b2b85)][39m Driver proxy active, passing request on via HTTP proxy
[35m[WD Proxy][39m Replacing sessionId 6dfa91e6-f490-4614-bac3-a9fbeb9475a6 with 0c3b2b85-8f25-4c45-a8e3-e2e552f09f74
[35m[HTTP][39m [37m<-- GET /wd/hub/session/0c3b2b85-8f25-4c45-a8e3-e2e552f09f74/element/00000000-0000-0569-ffff-ffff00000a94/location [39m[32m200[39m [90m40 ms - 79[39m
[35m[HTTP][39m [90m[39m
[35m[HTTP][39m [37m-->[39m [37mPOST[39m [37m/wd/hub/session/0c3b2b85-8f25-4c45-a8e3-e2e552f09f74/timeouts[39m
[35m[HTTP][39m [90m{"implicit":30000}[39m
[35m[HTTP][39m [37m<-- POST /wd/hub/session/0c3b2b85-8f25-4c45-a8e3-e2e552f09f74/timeouts [39m[32m200[39m [90m3 ms - 14[39m
[35m[HTTP][39m [90m[39m
[35m[HTTP][39m [37m-->[39m [37mPOST[39m [37m/wd/hub/session/0c3b2b85-8f25-4c45-a8e3-e2e552f09f74/touch/perform[39m
[35m[HTTP][39m [90m{"actions":[{"action":"tap","options":{"x":1,"y":1,"element":"00000000-0000-0569-ffff-ffff00000a94"}},{"action":"release","options":{}}]}[39m
[35m[UiAutomator2][39m calling get location: 00000000-0000-0569-ffff-ffff00000a94
[35m[HTTP][39m [37m<-- POST /wd/hub/session/0c3b2b85-8f25-4c45-a8e3-e2e552f09f74/touch/perform [39m[32m200[39m [90m249 ms - 14[39m
[35m[HTTP][39m [90m[39m
[35m[HTTP][39m [37m-->[39m [37mGET[39m [37m/wd/hub/session/0c3b2b85-8f25-4c45-a8e3-e2e552f09f74/context[39m
[35m[HTTP][39m [90m{}[39m
[35m[HTTP][39m [37m<-- GET /wd/hub/session/0c3b2b85-8f25-4c45-a8e3-e2e552f09f74/context [39m[32m200[39m [90m2 ms - 22[39m
[35m[HTTP][39m [90m[39m
[35m[HTTP][39m [37m-->[39m [37mGET[39m [37m/wd/hub/session/0c3b2b85-8f25-4c45-a8e3-e2e552f09f74/contexts[39m
[35m[HTTP][39m [90m{}[39m
[35m[HTTP][39m [37m<-- GET /wd/hub/session/0c3b2b85-8f25-4c45-a8e3-e2e552f09f74/contexts [39m[32m200[39m [90m342 ms - 41[39m
[35m[HTTP][39m [90m[39m
[35m[HTTP][39m [37m-->[39m [37mPOST[39m [37m/wd/hub/session/0c3b2b85-8f25-4c45-a8e3-e2e552f09f74/context[39m
[35m[HTTP][39m [90m{"name":"NATIVE_APP"}[39m
[35m[HTTP][39m [37m<-- POST /wd/hub/session/0c3b2b85-8f25-4c45-a8e3-e2e552f09f74/context [39m[32m200[39m [90m3 ms - 14[39m
[35m[HTTP][39m [90m[39m
[35m[HTTP][39m [37m-->[39m [37mGET[39m [37m/wd/hub/session/0c3b2b85-8f25-4c45-a8e3-e2e552f09f74/window/rect[39m
[35m[HTTP][39m [90m{}[39m
[35m[HTTP][39m [37m<-- GET /wd/hub/session/0c3b2b85-8f25-4c45-a8e3-e2e552f09f74/window/rect [39m[32m200[39m [90m32 ms - 50[39m
[35m[HTTP][39m [90m[39m
[35m[HTTP][39m [37m-->[39m [37mPOST[39m [37m/wd/hub/session/0c3b2b85-8f25-4c45-a8e3-e2e552f09f74/execute/sync[39m
[35m[HTTP][39m [90m{"script":"mobile: viewportScreenshot","args":[]}[39m
[35m[AndroidDriver][39m Executing native command 'mobile: viewportScreenshot'
[35m[HTTP][39m [37m<-- POST /wd/hub/session/0c3b2b85-8f25-4c45-a8e3-e2e552f09f74/execute/sync [39m[32m200[39m [90m1619 ms - 246276[39m
[35m[HTTP][39m [90m[39m
[35m[HTTP][39m [37m-->[39m [37mPOST[39m [37m/wd/hub/session/0c3b2b85-8f25-4c45-a8e3-e2e552f09f74/context[39m
[35m[HTTP][39m [90m{"name":"NATIVE_APP"}[39m
[35m[HTTP][39m [37m<-- POST /wd/hub/session/0c3b2b85-8f25-4c45-a8e3-e2e552f09f74/context [39m[32m200[39m [90m2 ms - 14[39m
[35m[HTTP][39m [90m[39m
[35m[HTTP][39m [37m-->[39m [37mPOST[39m [37m/wd/hub/session/0c3b2b85-8f25-4c45-a8e3-e2e552f09f74/timeouts[39m
[35m[HTTP][39m [90m{"implicit":50}[39m
[35m[HTTP][39m [37m<-- POST /wd/hub/session/0c3b2b85-8f25-4c45-a8e3-e2e552f09f74/timeouts [39m[32m200[39m [90m2 ms - 14[39m
[35m[HTTP][39m [90m[39m
[35m[HTTP][39m [37m-->[39m [37mGET[39m [37m/wd/hub/session/0c3b2b85-8f25-4c45-a8e3-e2e552f09f74/window/rect[39m
[35m[HTTP][39m [90m{}[39m
[35m[HTTP][39m [37m<-- GET /wd/hub/session/0c3b2b85-8f25-4c45-a8e3-e2e552f09f74/window/rect [39m[32m200[39m [90m25 ms - 50[39m
[35m[HTTP][39m [90m[39m
[35m[HTTP][39m [37m-->[39m [37mPOST[39m [37m/wd/hub/session/0c3b2b85-8f25-4c45-a8e3-e2e552f09f74/elements[39m
[35m[HTTP][39m [90m{"using":"xpath","value":"//*[@class = 'android.widget.FrameLayout' and @resource-id = 'bcaf.crm.kkb.saleskit:id/navigation_home' and (@text = '' or . = '')]"}[39m
[35m[HTTP][39m [37m<-- POST /wd/hub/session/0c3b2b85-8f25-4c45-a8e3-e2e552f09f74/elements [39m[32m200[39m [90m1412 ms - 139[39m
[35m[HTTP][39m [90m[39m
[35m[HTTP][39m [37m-->[39m [37mGET[39m [37m/wd/hub/session/0c3b2b85-8f25-4c45-a8e3-e2e552f09f74/element/00000000-0000-0569-ffff-ffff00000a8a/location[39m
[35m[HTTP][39m [90m{}[39m
[35m[W3C (0c3b2b85)][39m Driver proxy active, passing request on via HTTP proxy
[35m[WD Proxy][39m Replacing sessionId 6dfa91e6-f490-4614-bac3-a9fbeb9475a6 with 0c3b2b85-8f25-4c45-a8e3-e2e552f09f74
[35m[HTTP][39m [37m<-- GET /wd/hub/session/0c3b2b85-8f25-4c45-a8e3-e2e552f09f74/element/00000000-0000-0569-ffff-ffff00000a8a/location [39m[32m200[39m [90m36 ms - 77[39m
[35m[HTTP][39m [90m[39m
[35m[HTTP][39m [37m-->[39m [37mPOST[39m [37m/wd/hub/session/0c3b2b85-8f25-4c45-a8e3-e2e552f09f74/timeouts[39m
[35m[HTTP][39m [90m{"implicit":30000}[39m
[35m[HTTP][39m [37m<-- POST /wd/hub/session/0c3b2b85-8f25-4c45-a8e3-e2e552f09f74/timeouts [39m[32m200[39m [90m2 ms - 14[39m
[35m[HTTP][39m [90m[39m
[35m[HTTP][39m [37m-->[39m [37mPOST[39m [37m/wd/hub/session/0c3b2b85-8f25-4c45-a8e3-e2e552f09f74/touch/perform[39m
[35m[HTTP][39m [90m{"actions":[{"action":"tap","options":{"x":1,"y":1,"element":"00000000-0000-0569-ffff-ffff00000a8a"}},{"action":"release","options":{}}]}[39m
[35m[UiAutomator2][39m calling get location: 00000000-0000-0569-ffff-ffff00000a8a
[35m[HTTP][39m [37m<-- POST /wd/hub/session/0c3b2b85-8f25-4c45-a8e3-e2e552f09f74/touch/perform [39m[32m200[39m [90m1516 ms - 14[39m
[35m[HTTP][39m [90m[39m
[35m[HTTP][39m [37m-->[39m [37mGET[39m [37m/wd/hub/session/0c3b2b85-8f25-4c45-a8e3-e2e552f09f74/context[39m
[35m[HTTP][39m [90m{}[39m
[35m[HTTP][39m [37m<-- GET /wd/hub/session/0c3b2b85-8f25-4c45-a8e3-e2e552f09f74/context [39m[32m200[39m [90m3 ms - 22[39m
[35m[HTTP][39m [90m[39m
[35m[HTTP][39m [37m-->[39m [37mGET[39m [37m/wd/hub/session/0c3b2b85-8f25-4c45-a8e3-e2e552f09f74/contexts[39m
[35m[HTTP][39m [90m{}[39m
[35m[HTTP][39m [37m<-- GET /wd/hub/session/0c3b2b85-8f25-4c45-a8e3-e2e552f09f74/contexts [39m[32m200[39m [90m297 ms - 41[39m
[35m[HTTP][39m [90m[39m
[35m[HTTP][39m [37m-->[39m [37mPOST[39m [37m/wd/hub/session/0c3b2b85-8f25-4c45-a8e3-e2e552f09f74/context[39m
[35m[HTTP][39m [90m{"name":"NATIVE_APP"}[39m
[35m[HTTP][39m [37m<-- POST /wd/hub/session/0c3b2b85-8f25-4c45-a8e3-e2e552f09f74/context [39m[32m200[39m [90m2 ms - 14[39m
[35m[HTTP][39m [90m[39m
[35m[HTTP][39m [37m-->[39m [37mGET[39m [37m/wd/hub/session/0c3b2b85-8f25-4c45-a8e3-e2e552f09f74/window/rect[39m
[35m[HTTP][39m [90m{}[39m
[35m[HTTP][39m [37m<-- GET /wd/hub/session/0c3b2b85-8f25-4c45-a8e3-e2e552f09f74/window/rect [39m[32m200[39m [90m30 ms - 50[39m
[35m[HTTP][39m [90m[39m
[35m[HTTP][39m [37m-->[39m [37mPOST[39m [37m/wd/hub/session/0c3b2b85-8f25-4c45-a8e3-e2e552f09f74/execute/sync[39m
[35m[HTTP][39m [90m{"script":"mobile: viewportScreenshot","args":[]}[39m
[35m[AndroidDriver][39m Executing native command 'mobile: viewportScreenshot'
[35m[HTTP][39m [37m<-- POST /wd/hub/session/0c3b2b85-8f25-4c45-a8e3-e2e552f09f74/execute/sync [39m[32m200[39m [90m1582 ms - 289304[39m
[35m[HTTP][39m [90m[39m
[35m[HTTP][39m [37m-->[39m [37mPOST[39m [37m/wd/hub/session/0c3b2b85-8f25-4c45-a8e3-e2e552f09f74/context[39m
[35m[HTTP][39m [90m{"name":"NATIVE_APP"}[39m
[35m[HTTP][39m [37m<-- POST /wd/hub/session/0c3b2b85-8f25-4c45-a8e3-e2e552f09f74/context [39m[32m200[39m [90m2 ms - 14[39m
[35m[HTTP][39m [90m[39m
[35m[HTTP][39m [37m-->[39m [37mDELETE[39m [37m/wd/hub/session/0c3b2b85-8f25-4c45-a8e3-e2e552f09f74[39m
[35m[HTTP][39m [90m{}[39m
[35m[Appium][39m Removing session 0c3b2b85-8f25-4c45-a8e3-e2e552f09f74 from our master session list
[35m[UiAutomator2][39m Restoring hidden api policy to the device default configuration
[35m[HTTP][39m [37m<-- DELETE /wd/hub/session/0c3b2b85-8f25-4c45-a8e3-e2e552f09f74 [39m[32m200[39m [90m765 ms - 14[39m
[35m[HTTP][39m [90m[39m
