[35m[Appium][39m Welcome to Appium v1.22.2
[35m[Appium][39m Non-default server args:
[35m[Appium][39m   port: 49330
[35m[Appium][39m   loglevel: info
[35m[Appium][39m   tmpDir: C:\Users\NIAYUS~1\AppData\Local\Temp\\Katalon\Appium\Temp1652689517654
[35m[Appium][39m   chromedriverPort: 49331
[35m[Appium][39m Deprecated server args:
[35m[Appium][39m   [31m--chromedriver-port[39m => --default-capabilities
[35m[Appium][39m Default capabilities, which will be added to each request unless overridden by desired capabilities:
[35m[Appium][39m   chromedriverPort: 49331
[35m[Appium][39m Appium REST http interface listener started on 0.0.0.0:49330
[35m[HTTP][39m [37m-->[39m [37mGET[39m [37m/wd/hub/status[39m
[35m[HTTP][39m [90m{}[39m
[35m[HTTP][39m [37m<-- GET /wd/hub/status [39m[32m200[39m [90m14 ms - 68[39m
[35m[HTTP][39m [90m[39m
[35m[HTTP][39m [37m-->[39m [37mPOST[39m [37m/wd/hub/session[39m
[35m[HTTP][39m [90m{"desiredCapabilities":{"appActivity":".Settings","appPackage":"com.android.settings","newCommandTimeout":1800,"platformVersion":"11","automationName":"uiautomator2","autoGrantPermissions":true,"platformName":"Android","udid":"RR8N605F11Y","deviceName":"samsung SM-M315F (Android 11)","platform":"ANDROID","systemPort":8269},"capabilities":{"firstMatch":[{"appium:appActivity":".Settings","appium:appPackage":"com.android.settings","appium:autoGrantPermissions":true,"appium:automationName":"uiautomator2","appium:deviceName":"samsung SM-M315F (Android 11)","appium:newCommandTimeout":1800,"platform":"ANDROID","platformName":"android","appium:platformVersion":"11","appium:systemPort":8269,"appium:udid":"RR8N605F11Y"}]}}[39m
[35m[BaseDriver][39m The following capabilities are not standard capabilities and should have an extension prefix:
[35m[BaseDriver][39m   platform
[35m[BaseDriver][39m   chromedriverPort
[35m[Appium][39m Appium v1.22.2 creating new AndroidUiautomator2Driver (v1.70.1) session
[35m[BaseDriver][39m The following capabilities were provided, but are not recognized by Appium:
[35m[BaseDriver][39m   platform
[35m[BaseDriver][39m Session created with session id: 81635e3c-c803-4a8b-b1c3-34a2270a137f
[35m[UiAutomator2][39m Starting 'com.android.settings' directly on the device
[35m[ADB][39m Cannot sort build-tools folders ["29.0.3","android-8.1.0"] by semantic version names.
[35m[ADB][39m Falling back to sorting by modification date. Original error: Invalid Version: android-8.1.0
[35m[ADB][39m Found 2 'build-tools' folders under 'C:\Users\Nia Yusniati\.katalon\tools\android_sdk' (newest first):
[35m[ADB][39m     C:/Users/Nia Yusniati/.katalon/tools/android_sdk/build-tools/29.0.3
[35m[ADB][39m     C:/Users/Nia Yusniati/.katalon/tools/android_sdk/build-tools/android-8.1.0
[35m[ADB][39m Using 'adb.exe' from 'C:\Users\Nia Yusniati\.katalon\tools\android_sdk\platform-tools\adb.exe'
[35m[AndroidDriver][39m Retrieving device list
[35m[AndroidDriver][39m Using device: RR8N605F11Y
[35m[ADB][39m Using 'adb.exe' from 'C:\Users\Nia Yusniati\.katalon\tools\android_sdk\platform-tools\adb.exe'
[35m[ADB][39m Getting device platform version
[35m[UiAutomator2][39m Relaxing hidden api policy
[35m[AndroidDriver][39m No app sent in, not parsing package/activity
[35m[ADB][39m Using 'apksigner.jar' from 'C:\Users\Nia Yusniati\.katalon\tools\android_sdk\build-tools\29.0.3\lib\apksigner.jar'
[35m[ADB][39m 'C:\Users\Nia Yusniati\AppData\Roaming\npm\node_modules\appium\node_modules\appium-uiautomator2-server\apks\appium-uiautomator2-server-v4.27.0.apk' is signed with the default certificate
[35m[ADB][39m 'C:\Users\Nia Yusniati\AppData\Roaming\npm\node_modules\appium\node_modules\appium-uiautomator2-server\apks\appium-uiautomator2-server-debug-androidTest.apk' is signed with the default certificate
[35m[UiAutomator2][39m Server packages are not going to be (re)installed
[35m[ADB][39m Adding packages ["io.appium.settings","io.appium.uiautomator2.server","io.appium.uiautomator2.server.test"] to Doze whitelist
[35m[UiAutomator2][39m Starting UIAutomator2 server 4.27.0
[35m[UiAutomator2][39m Using UIAutomator2 server from 'C:\Users\Nia Yusniati\AppData\Roaming\npm\node_modules\appium\node_modules\appium-uiautomator2-server\apks\appium-uiautomator2-server-v4.27.0.apk' and test from 'C:\Users\Nia Yusniati\AppData\Roaming\npm\node_modules\appium\node_modules\appium-uiautomator2-server\apks\appium-uiautomator2-server-debug-androidTest.apk'
[35m[UiAutomator2][39m Waiting up to 30000ms for UiAutomator2 to be online...
[35m[WD Proxy][39m socket hang up
[35m[WD Proxy][39m socket hang up
[35m[WD Proxy][39m socket hang up
[35m[WD Proxy][39m Determined the downstream protocol as 'W3C'
[35m[AndroidDriver][39m Screen already unlocked, doing nothing
[35m[UiAutomator2][39m Starting 'com.android.settings/.Settings and waiting for 'com.android.settings/.Settings'
[35m[Appium][39m New AndroidUiautomator2Driver session created successfully, session 81635e3c-c803-4a8b-b1c3-34a2270a137f added to master session list
[35m[HTTP][39m [37m<-- POST /wd/hub/session [39m[32m200[39m [90m13164 ms - 1158[39m
[35m[HTTP][39m [90m[39m
[35m[HTTP][39m [37m-->[39m [37mGET[39m [37m/wd/hub/session/81635e3c-c803-4a8b-b1c3-34a2270a137f[39m
[35m[HTTP][39m [90m{}[39m
[35m[HTTP][39m [37m<-- GET /wd/hub/session/81635e3c-c803-4a8b-b1c3-34a2270a137f [39m[32m200[39m [90m20 ms - 1112[39m
[35m[HTTP][39m [90m[39m
[35m[HTTP][39m [37m-->[39m [37mGET[39m [37m/wd/hub/session/81635e3c-c803-4a8b-b1c3-34a2270a137f[39m
[35m[HTTP][39m [90m{}[39m
[35m[HTTP][39m [37m<-- GET /wd/hub/session/81635e3c-c803-4a8b-b1c3-34a2270a137f [39m[32m200[39m [90m13 ms - 1112[39m
[35m[HTTP][39m [90m[39m
[35m[HTTP][39m [37m-->[39m [37mGET[39m [37m/wd/hub/status[39m
[35m[HTTP][39m [90m{}[39m
[35m[HTTP][39m [37m<-- GET /wd/hub/status [39m[32m200[39m [90m2 ms - 68[39m
[35m[HTTP][39m [90m[39m
[35m[HTTP][39m [37m-->[39m [37mPOST[39m [37m/wd/hub/session/81635e3c-c803-4a8b-b1c3-34a2270a137f/timeouts[39m
[35m[HTTP][39m [90m{"implicit":30000}[39m
[35m[HTTP][39m [37m<-- POST /wd/hub/session/81635e3c-c803-4a8b-b1c3-34a2270a137f/timeouts [39m[32m200[39m [90m5 ms - 14[39m
[35m[HTTP][39m [90m[39m
[35m[HTTP][39m [37m-->[39m [37mGET[39m [37m/wd/hub/session/81635e3c-c803-4a8b-b1c3-34a2270a137f/screenshot[39m
[35m[HTTP][39m [90m{}[39m
[35m[HTTP][39m [37m<-- GET /wd/hub/session/81635e3c-c803-4a8b-b1c3-34a2270a137f/screenshot [39m[32m200[39m [90m560 ms - 225360[39m
[35m[HTTP][39m [90m[39m
[35m[HTTP][39m [37m-->[39m [37mGET[39m [37m/wd/hub/session/81635e3c-c803-4a8b-b1c3-34a2270a137f/window/rect[39m
[35m[HTTP][39m [90m{}[39m
[35m[HTTP][39m [37m<-- GET /wd/hub/session/81635e3c-c803-4a8b-b1c3-34a2270a137f/window/rect [39m[32m200[39m [90m25 ms - 50[39m
[35m[HTTP][39m [90m[39m
[35m[HTTP][39m [37m-->[39m [37mGET[39m [37m/wd/hub/session/81635e3c-c803-4a8b-b1c3-34a2270a137f/appium/device/system_bars[39m
[35m[HTTP][39m [90m{}[39m
[35m[HTTP][39m [37m<-- GET /wd/hub/session/81635e3c-c803-4a8b-b1c3-34a2270a137f/appium/device/system_bars [39m[32m200[39m [90m123 ms - 148[39m
[35m[HTTP][39m [90m[39m
[35m[HTTP][39m [37m-->[39m [37mPOST[39m [37m/wd/hub/session/81635e3c-c803-4a8b-b1c3-34a2270a137f/appium/device/activate_app[39m
[35m[HTTP][39m [90m{"bundleId":"bcaf.crm.kkb.saleskit"}[39m
[35m[HTTP][39m [37m<-- POST /wd/hub/session/81635e3c-c803-4a8b-b1c3-34a2270a137f/appium/device/activate_app [39m[32m200[39m [90m718 ms - 14[39m
[35m[HTTP][39m [90m[39m
[35m[HTTP][39m [37m-->[39m [37mGET[39m [37m/wd/hub/session/81635e3c-c803-4a8b-b1c3-34a2270a137f/context[39m
[35m[HTTP][39m [90m{}[39m
[35m[HTTP][39m [37m<-- GET /wd/hub/session/81635e3c-c803-4a8b-b1c3-34a2270a137f/context [39m[32m200[39m [90m3 ms - 22[39m
[35m[HTTP][39m [90m[39m
[35m[HTTP][39m [37m-->[39m [37mGET[39m [37m/wd/hub/session/81635e3c-c803-4a8b-b1c3-34a2270a137f/contexts[39m
[35m[HTTP][39m [90m{}[39m
[35m[HTTP][39m [37m<-- GET /wd/hub/session/81635e3c-c803-4a8b-b1c3-34a2270a137f/contexts [39m[32m200[39m [90m139 ms - 24[39m
[35m[HTTP][39m [90m[39m
[35m[HTTP][39m [37m-->[39m [37mPOST[39m [37m/wd/hub/session/81635e3c-c803-4a8b-b1c3-34a2270a137f/context[39m
[35m[HTTP][39m [90m{"name":"NATIVE_APP"}[39m
[35m[HTTP][39m [37m<-- POST /wd/hub/session/81635e3c-c803-4a8b-b1c3-34a2270a137f/context [39m[32m200[39m [90m4 ms - 14[39m
[35m[HTTP][39m [90m[39m
[35m[HTTP][39m [37m-->[39m [37mGET[39m [37m/wd/hub/session/81635e3c-c803-4a8b-b1c3-34a2270a137f/window/rect[39m
[35m[HTTP][39m [90m{}[39m
[35m[HTTP][39m [37m<-- GET /wd/hub/session/81635e3c-c803-4a8b-b1c3-34a2270a137f/window/rect [39m[32m200[39m [90m26 ms - 50[39m
[35m[HTTP][39m [90m[39m
[35m[HTTP][39m [37m-->[39m [37mPOST[39m [37m/wd/hub/session/81635e3c-c803-4a8b-b1c3-34a2270a137f/execute/sync[39m
[35m[HTTP][39m [90m{"script":"mobile: viewportScreenshot","args":[]}[39m
[35m[AndroidDriver][39m Executing native command 'mobile: viewportScreenshot'
[35m[HTTP][39m [37m<-- POST /wd/hub/session/81635e3c-c803-4a8b-b1c3-34a2270a137f/execute/sync [39m[32m200[39m [90m1761 ms - 250168[39m
[35m[HTTP][39m [90m[39m
[35m[HTTP][39m [37m-->[39m [37mPOST[39m [37m/wd/hub/session/81635e3c-c803-4a8b-b1c3-34a2270a137f/context[39m
[35m[HTTP][39m [90m{"name":"NATIVE_APP"}[39m
[35m[HTTP][39m [37m<-- POST /wd/hub/session/81635e3c-c803-4a8b-b1c3-34a2270a137f/context [39m[32m200[39m [90m3 ms - 14[39m
[35m[HTTP][39m [90m[39m
[35m[HTTP][39m [37m-->[39m [37mPOST[39m [37m/wd/hub/session/81635e3c-c803-4a8b-b1c3-34a2270a137f/timeouts[39m
[35m[HTTP][39m [90m{"implicit":50}[39m
[35m[HTTP][39m [37m<-- POST /wd/hub/session/81635e3c-c803-4a8b-b1c3-34a2270a137f/timeouts [39m[32m200[39m [90m3 ms - 14[39m
[35m[HTTP][39m [90m[39m
[35m[HTTP][39m [37m-->[39m [37mGET[39m [37m/wd/hub/session/81635e3c-c803-4a8b-b1c3-34a2270a137f/window/rect[39m
[35m[HTTP][39m [90m{}[39m
[35m[HTTP][39m [37m<-- GET /wd/hub/session/81635e3c-c803-4a8b-b1c3-34a2270a137f/window/rect [39m[32m200[39m [90m39 ms - 50[39m
[35m[HTTP][39m [90m[39m
[35m[HTTP][39m [37m-->[39m [37mPOST[39m [37m/wd/hub/session/81635e3c-c803-4a8b-b1c3-34a2270a137f/elements[39m
[35m[HTTP][39m [90m{"using":"xpath","value":"//*[@class = 'android.widget.EditText' and @resource-id = 'bcaf.crm.kkb.saleskit:id/applyMerk' and (@text = '' or . = '')]"}[39m
[35m[HTTP][39m [37m<-- POST /wd/hub/session/81635e3c-c803-4a8b-b1c3-34a2270a137f/elements [39m[32m200[39m [90m586 ms - 139[39m
[35m[HTTP][39m [90m[39m
[35m[HTTP][39m [37m-->[39m [37mGET[39m [37m/wd/hub/session/81635e3c-c803-4a8b-b1c3-34a2270a137f/element/00000000-0000-0658-ffff-ffff000007a3/location[39m
[35m[HTTP][39m [90m{}[39m
[35m[W3C (81635e3c)][39m Driver proxy active, passing request on via HTTP proxy
[35m[WD Proxy][39m Replacing sessionId a456c865-6f37-43d3-a117-3e82ff72542d with 81635e3c-c803-4a8b-b1c3-34a2270a137f
[35m[HTTP][39m [37m<-- GET /wd/hub/session/81635e3c-c803-4a8b-b1c3-34a2270a137f/element/00000000-0000-0658-ffff-ffff000007a3/location [39m[32m200[39m [90m30 ms - 78[39m
[35m[HTTP][39m [90m[39m
[35m[HTTP][39m [37m-->[39m [37mPOST[39m [37m/wd/hub/session/81635e3c-c803-4a8b-b1c3-34a2270a137f/timeouts[39m
[35m[HTTP][39m [90m{"implicit":30000}[39m
[35m[HTTP][39m [37m<-- POST /wd/hub/session/81635e3c-c803-4a8b-b1c3-34a2270a137f/timeouts [39m[32m200[39m [90m3 ms - 14[39m
[35m[HTTP][39m [90m[39m
[35m[HTTP][39m [37m-->[39m [37mPOST[39m [37m/wd/hub/session/81635e3c-c803-4a8b-b1c3-34a2270a137f/element/00000000-0000-0658-ffff-ffff000007a3/clear[39m
[35m[HTTP][39m [90m{"id":"00000000-0000-0658-ffff-ffff000007a3"}[39m
[35m[HTTP][39m [37m<-- POST /wd/hub/session/81635e3c-c803-4a8b-b1c3-34a2270a137f/element/00000000-0000-0658-ffff-ffff000007a3/clear [39m[32m200[39m [90m33 ms - 14[39m
[35m[HTTP][39m [90m[39m
[35m[HTTP][39m [37m-->[39m [37mPOST[39m [37m/wd/hub/session/81635e3c-c803-4a8b-b1c3-34a2270a137f/element/00000000-0000-0658-ffff-ffff000007a3/value[39m
[35m[HTTP][39m [90m{"id":"00000000-0000-0658-ffff-ffff000007a3","text":"HONDA","value":["H","O","N","D","A"]}[39m
[35m[HTTP][39m [37m<-- POST /wd/hub/session/81635e3c-c803-4a8b-b1c3-34a2270a137f/element/00000000-0000-0658-ffff-ffff000007a3/value [39m[32m200[39m [90m551 ms - 14[39m
[35m[HTTP][39m [90m[39m
[35m[HTTP][39m [37m-->[39m [37mPOST[39m [37m/wd/hub/session/81635e3c-c803-4a8b-b1c3-34a2270a137f/timeouts[39m
[35m[HTTP][39m [90m{"implicit":50}[39m
[35m[HTTP][39m [37m<-- POST /wd/hub/session/81635e3c-c803-4a8b-b1c3-34a2270a137f/timeouts [39m[32m200[39m [90m2 ms - 14[39m
[35m[HTTP][39m [90m[39m
[35m[HTTP][39m [37m-->[39m [37mGET[39m [37m/wd/hub/session/81635e3c-c803-4a8b-b1c3-34a2270a137f/window/rect[39m
[35m[HTTP][39m [90m{}[39m
[35m[HTTP][39m [37m<-- GET /wd/hub/session/81635e3c-c803-4a8b-b1c3-34a2270a137f/window/rect [39m[32m200[39m [90m32 ms - 50[39m
[35m[HTTP][39m [90m[39m
[35m[HTTP][39m [37m-->[39m [37mPOST[39m [37m/wd/hub/session/81635e3c-c803-4a8b-b1c3-34a2270a137f/elements[39m
[35m[HTTP][39m [90m{"using":"xpath","value":"//*[@class = 'android.widget.EditText' and @resource-id = 'bcaf.crm.kkb.saleskit:id/applyModel' and (@text = '' or . = '')]"}[39m
[35m[HTTP][39m [37m<-- POST /wd/hub/session/81635e3c-c803-4a8b-b1c3-34a2270a137f/elements [39m[32m200[39m [90m539 ms - 139[39m
[35m[HTTP][39m [90m[39m
[35m[HTTP][39m [37m-->[39m [37mGET[39m [37m/wd/hub/session/81635e3c-c803-4a8b-b1c3-34a2270a137f/element/00000000-0000-0658-ffff-ffff000007a8/location[39m
[35m[HTTP][39m [90m{}[39m
[35m[W3C (81635e3c)][39m Driver proxy active, passing request on via HTTP proxy
[35m[WD Proxy][39m Replacing sessionId a456c865-6f37-43d3-a117-3e82ff72542d with 81635e3c-c803-4a8b-b1c3-34a2270a137f
[35m[HTTP][39m [37m<-- GET /wd/hub/session/81635e3c-c803-4a8b-b1c3-34a2270a137f/element/00000000-0000-0658-ffff-ffff000007a8/location [39m[32m200[39m [90m25 ms - 79[39m
[35m[HTTP][39m [90m[39m
[35m[HTTP][39m [37m-->[39m [37mPOST[39m [37m/wd/hub/session/81635e3c-c803-4a8b-b1c3-34a2270a137f/timeouts[39m
[35m[HTTP][39m [90m{"implicit":30000}[39m
[35m[HTTP][39m [37m<-- POST /wd/hub/session/81635e3c-c803-4a8b-b1c3-34a2270a137f/timeouts [39m[32m200[39m [90m2 ms - 14[39m
[35m[HTTP][39m [90m[39m
[35m[HTTP][39m [37m-->[39m [37mPOST[39m [37m/wd/hub/session/81635e3c-c803-4a8b-b1c3-34a2270a137f/element/00000000-0000-0658-ffff-ffff000007a8/clear[39m
[35m[HTTP][39m [90m{"id":"00000000-0000-0658-ffff-ffff000007a8"}[39m
[35m[HTTP][39m [37m<-- POST /wd/hub/session/81635e3c-c803-4a8b-b1c3-34a2270a137f/element/00000000-0000-0658-ffff-ffff000007a8/clear [39m[32m200[39m [90m34 ms - 14[39m
[35m[HTTP][39m [90m[39m
[35m[HTTP][39m [37m-->[39m [37mPOST[39m [37m/wd/hub/session/81635e3c-c803-4a8b-b1c3-34a2270a137f/element/00000000-0000-0658-ffff-ffff000007a8/value[39m
[35m[HTTP][39m [90m{"id":"00000000-0000-0658-ffff-ffff000007a8","text":"ALL NEW CIVIC","value":["A","L","L"," ","N","E","W"," ","C","I","V","I","C"]}[39m
[35m[HTTP][39m [37m<-- POST /wd/hub/session/81635e3c-c803-4a8b-b1c3-34a2270a137f/element/00000000-0000-0658-ffff-ffff000007a8/value [39m[32m200[39m [90m539 ms - 14[39m
[35m[HTTP][39m [90m[39m
[35m[HTTP][39m [37m-->[39m [37mPOST[39m [37m/wd/hub/session/81635e3c-c803-4a8b-b1c3-34a2270a137f/timeouts[39m
[35m[HTTP][39m [90m{"implicit":50}[39m
[35m[HTTP][39m [37m<-- POST /wd/hub/session/81635e3c-c803-4a8b-b1c3-34a2270a137f/timeouts [39m[32m200[39m [90m4 ms - 14[39m
[35m[HTTP][39m [90m[39m
[35m[HTTP][39m [37m-->[39m [37mGET[39m [37m/wd/hub/session/81635e3c-c803-4a8b-b1c3-34a2270a137f/window/rect[39m
[35m[HTTP][39m [90m{}[39m
[35m[HTTP][39m [37m<-- GET /wd/hub/session/81635e3c-c803-4a8b-b1c3-34a2270a137f/window/rect [39m[32m200[39m [90m37 ms - 50[39m
[35m[HTTP][39m [90m[39m
[35m[HTTP][39m [37m-->[39m [37mPOST[39m [37m/wd/hub/session/81635e3c-c803-4a8b-b1c3-34a2270a137f/elements[39m
[35m[HTTP][39m [90m{"using":"xpath","value":"//*[@class = 'android.widget.EditText' and @resource-id = 'bcaf.crm.kkb.saleskit:id/applyType' and (@text = '' or . = '')]"}[39m
[35m[HTTP][39m [37m<-- POST /wd/hub/session/81635e3c-c803-4a8b-b1c3-34a2270a137f/elements [39m[32m200[39m [90m529 ms - 139[39m
[35m[HTTP][39m [90m[39m
[35m[HTTP][39m [37m-->[39m [37mGET[39m [37m/wd/hub/session/81635e3c-c803-4a8b-b1c3-34a2270a137f/element/00000000-0000-0658-ffff-ffff000007ad/location[39m
[35m[HTTP][39m [90m{}[39m
[35m[W3C (81635e3c)][39m Driver proxy active, passing request on via HTTP proxy
[35m[WD Proxy][39m Replacing sessionId a456c865-6f37-43d3-a117-3e82ff72542d with 81635e3c-c803-4a8b-b1c3-34a2270a137f
[35m[HTTP][39m [37m<-- GET /wd/hub/session/81635e3c-c803-4a8b-b1c3-34a2270a137f/element/00000000-0000-0658-ffff-ffff000007ad/location [39m[32m200[39m [90m37 ms - 79[39m
[35m[HTTP][39m [90m[39m
[35m[HTTP][39m [37m-->[39m [37mPOST[39m [37m/wd/hub/session/81635e3c-c803-4a8b-b1c3-34a2270a137f/timeouts[39m
[35m[HTTP][39m [90m{"implicit":30000}[39m
[35m[HTTP][39m [37m<-- POST /wd/hub/session/81635e3c-c803-4a8b-b1c3-34a2270a137f/timeouts [39m[32m200[39m [90m3 ms - 14[39m
[35m[HTTP][39m [90m[39m
[35m[HTTP][39m [37m-->[39m [37mPOST[39m [37m/wd/hub/session/81635e3c-c803-4a8b-b1c3-34a2270a137f/element/00000000-0000-0658-ffff-ffff000007ad/clear[39m
[35m[HTTP][39m [90m{"id":"00000000-0000-0658-ffff-ffff000007ad"}[39m
[35m[HTTP][39m [37m<-- POST /wd/hub/session/81635e3c-c803-4a8b-b1c3-34a2270a137f/element/00000000-0000-0658-ffff-ffff000007ad/clear [39m[32m200[39m [90m38 ms - 14[39m
[35m[HTTP][39m [90m[39m
[35m[HTTP][39m [37m-->[39m [37mPOST[39m [37m/wd/hub/session/81635e3c-c803-4a8b-b1c3-34a2270a137f/element/00000000-0000-0658-ffff-ffff000007ad/value[39m
[35m[HTTP][39m [90m{"id":"00000000-0000-0658-ffff-ffff000007ad","text":"R - KARBON","value":["R"," ","-"," ","K","A","R","B","O","N"]}[39m
[35m[HTTP][39m [37m<-- POST /wd/hub/session/81635e3c-c803-4a8b-b1c3-34a2270a137f/element/00000000-0000-0658-ffff-ffff000007ad/value [39m[32m200[39m [90m536 ms - 14[39m
[35m[HTTP][39m [90m[39m
[35m[HTTP][39m [37m-->[39m [37mGET[39m [37m/wd/hub/session/81635e3c-c803-4a8b-b1c3-34a2270a137f/context[39m
[35m[HTTP][39m [90m{}[39m
[35m[HTTP][39m [37m<-- GET /wd/hub/session/81635e3c-c803-4a8b-b1c3-34a2270a137f/context [39m[32m200[39m [90m2 ms - 22[39m
[35m[HTTP][39m [90m[39m
[35m[HTTP][39m [37m-->[39m [37mGET[39m [37m/wd/hub/session/81635e3c-c803-4a8b-b1c3-34a2270a137f/contexts[39m
[35m[HTTP][39m [90m{}[39m
[35m[HTTP][39m [37m<-- GET /wd/hub/session/81635e3c-c803-4a8b-b1c3-34a2270a137f/contexts [39m[32m200[39m [90m159 ms - 24[39m
[35m[HTTP][39m [90m[39m
[35m[HTTP][39m [37m-->[39m [37mPOST[39m [37m/wd/hub/session/81635e3c-c803-4a8b-b1c3-34a2270a137f/context[39m
[35m[HTTP][39m [90m{"name":"NATIVE_APP"}[39m
[35m[HTTP][39m [37m<-- POST /wd/hub/session/81635e3c-c803-4a8b-b1c3-34a2270a137f/context [39m[32m200[39m [90m2 ms - 14[39m
[35m[HTTP][39m [90m[39m
[35m[HTTP][39m [37m-->[39m [37mGET[39m [37m/wd/hub/session/81635e3c-c803-4a8b-b1c3-34a2270a137f/window/rect[39m
[35m[HTTP][39m [90m{}[39m
[35m[HTTP][39m [37m<-- GET /wd/hub/session/81635e3c-c803-4a8b-b1c3-34a2270a137f/window/rect [39m[32m200[39m [90m25 ms - 50[39m
[35m[HTTP][39m [90m[39m
[35m[HTTP][39m [37m-->[39m [37mPOST[39m [37m/wd/hub/session/81635e3c-c803-4a8b-b1c3-34a2270a137f/execute/sync[39m
[35m[HTTP][39m [90m{"script":"mobile: viewportScreenshot","args":[]}[39m
[35m[AndroidDriver][39m Executing native command 'mobile: viewportScreenshot'
[35m[HTTP][39m [37m<-- POST /wd/hub/session/81635e3c-c803-4a8b-b1c3-34a2270a137f/execute/sync [39m[32m200[39m [90m1462 ms - 275380[39m
[35m[HTTP][39m [90m[39m
[35m[HTTP][39m [37m-->[39m [37mPOST[39m [37m/wd/hub/session/81635e3c-c803-4a8b-b1c3-34a2270a137f/context[39m
[35m[HTTP][39m [90m{"name":"NATIVE_APP"}[39m
[35m[HTTP][39m [37m<-- POST /wd/hub/session/81635e3c-c803-4a8b-b1c3-34a2270a137f/context [39m[32m200[39m [90m2 ms - 14[39m
[35m[HTTP][39m [90m[39m
[35m[HTTP][39m [37m-->[39m [37mPOST[39m [37m/wd/hub/session/81635e3c-c803-4a8b-b1c3-34a2270a137f/timeouts[39m
[35m[HTTP][39m [90m{"implicit":50}[39m
[35m[HTTP][39m [37m<-- POST /wd/hub/session/81635e3c-c803-4a8b-b1c3-34a2270a137f/timeouts [39m[32m200[39m [90m2 ms - 14[39m
[35m[HTTP][39m [90m[39m
[35m[HTTP][39m [37m-->[39m [37mGET[39m [37m/wd/hub/session/81635e3c-c803-4a8b-b1c3-34a2270a137f/window/rect[39m
[35m[HTTP][39m [90m{}[39m
[35m[HTTP][39m [37m<-- GET /wd/hub/session/81635e3c-c803-4a8b-b1c3-34a2270a137f/window/rect [39m[32m200[39m [90m25 ms - 50[39m
[35m[HTTP][39m [90m[39m
[35m[HTTP][39m [37m-->[39m [37mPOST[39m [37m/wd/hub/session/81635e3c-c803-4a8b-b1c3-34a2270a137f/elements[39m
[35m[HTTP][39m [90m{"using":"xpath","value":"//*[@class = 'android.widget.Button' and (@text = 'Submit' or . = 'Submit') and @resource-id = 'bcaf.crm.kkb.saleskit:id/btnSubmit']"}[39m
[35m[HTTP][39m [37m<-- POST /wd/hub/session/81635e3c-c803-4a8b-b1c3-34a2270a137f/elements [39m[32m200[39m [90m500 ms - 139[39m
[35m[HTTP][39m [90m[39m
[35m[HTTP][39m [37m-->[39m [37mGET[39m [37m/wd/hub/session/81635e3c-c803-4a8b-b1c3-34a2270a137f/element/00000000-0000-0658-ffff-ffff000007b5/location[39m
[35m[HTTP][39m [90m{}[39m
[35m[W3C (81635e3c)][39m Driver proxy active, passing request on via HTTP proxy
[35m[WD Proxy][39m Replacing sessionId a456c865-6f37-43d3-a117-3e82ff72542d with 81635e3c-c803-4a8b-b1c3-34a2270a137f
[35m[HTTP][39m [37m<-- GET /wd/hub/session/81635e3c-c803-4a8b-b1c3-34a2270a137f/element/00000000-0000-0658-ffff-ffff000007b5/location [39m[32m200[39m [90m97 ms - 78[39m
[35m[HTTP][39m [90m[39m
[35m[HTTP][39m [37m-->[39m [37mPOST[39m [37m/wd/hub/session/81635e3c-c803-4a8b-b1c3-34a2270a137f/timeouts[39m
[35m[HTTP][39m [90m{"implicit":30000}[39m
[35m[HTTP][39m [37m<-- POST /wd/hub/session/81635e3c-c803-4a8b-b1c3-34a2270a137f/timeouts [39m[32m200[39m [90m3 ms - 14[39m
[35m[HTTP][39m [90m[39m
[35m[HTTP][39m [37m-->[39m [37mPOST[39m [37m/wd/hub/session/81635e3c-c803-4a8b-b1c3-34a2270a137f/touch/perform[39m
[35m[HTTP][39m [90m{"actions":[{"action":"tap","options":{"x":1,"y":1,"element":"00000000-0000-0658-ffff-ffff000007b5"}},{"action":"release","options":{}}]}[39m
[35m[UiAutomator2][39m calling get location: 00000000-0000-0658-ffff-ffff000007b5
[35m[HTTP][39m [37m<-- POST /wd/hub/session/81635e3c-c803-4a8b-b1c3-34a2270a137f/touch/perform [39m[32m200[39m [90m292 ms - 14[39m
[35m[HTTP][39m [90m[39m
[35m[HTTP][39m [37m-->[39m [37mGET[39m [37m/wd/hub/session/81635e3c-c803-4a8b-b1c3-34a2270a137f/context[39m
[35m[HTTP][39m [90m{}[39m
[35m[HTTP][39m [37m<-- GET /wd/hub/session/81635e3c-c803-4a8b-b1c3-34a2270a137f/context [39m[32m200[39m [90m2 ms - 22[39m
[35m[HTTP][39m [90m[39m
[35m[HTTP][39m [37m-->[39m [37mGET[39m [37m/wd/hub/session/81635e3c-c803-4a8b-b1c3-34a2270a137f/contexts[39m
[35m[HTTP][39m [90m{}[39m
[35m[HTTP][39m [37m<-- GET /wd/hub/session/81635e3c-c803-4a8b-b1c3-34a2270a137f/contexts [39m[32m200[39m [90m144 ms - 24[39m
[35m[HTTP][39m [90m[39m
[35m[HTTP][39m [37m-->[39m [37mPOST[39m [37m/wd/hub/session/81635e3c-c803-4a8b-b1c3-34a2270a137f/context[39m
[35m[HTTP][39m [90m{"name":"NATIVE_APP"}[39m
[35m[HTTP][39m [37m<-- POST /wd/hub/session/81635e3c-c803-4a8b-b1c3-34a2270a137f/context [39m[32m200[39m [90m2 ms - 14[39m
[35m[HTTP][39m [90m[39m
[35m[HTTP][39m [37m-->[39m [37mGET[39m [37m/wd/hub/session/81635e3c-c803-4a8b-b1c3-34a2270a137f/window/rect[39m
[35m[HTTP][39m [90m{}[39m
[35m[HTTP][39m [37m<-- GET /wd/hub/session/81635e3c-c803-4a8b-b1c3-34a2270a137f/window/rect [39m[32m200[39m [90m34 ms - 50[39m
[35m[HTTP][39m [90m[39m
[35m[HTTP][39m [37m-->[39m [37mPOST[39m [37m/wd/hub/session/81635e3c-c803-4a8b-b1c3-34a2270a137f/execute/sync[39m
[35m[HTTP][39m [90m{"script":"mobile: viewportScreenshot","args":[]}[39m
[35m[AndroidDriver][39m Executing native command 'mobile: viewportScreenshot'
[35m[HTTP][39m [37m<-- POST /wd/hub/session/81635e3c-c803-4a8b-b1c3-34a2270a137f/execute/sync [39m[32m200[39m [90m1613 ms - 248560[39m
[35m[HTTP][39m [90m[39m
[35m[HTTP][39m [37m-->[39m [37mPOST[39m [37m/wd/hub/session/81635e3c-c803-4a8b-b1c3-34a2270a137f/context[39m
[35m[HTTP][39m [90m{"name":"NATIVE_APP"}[39m
[35m[HTTP][39m [37m<-- POST /wd/hub/session/81635e3c-c803-4a8b-b1c3-34a2270a137f/context [39m[32m200[39m [90m2 ms - 14[39m
[35m[HTTP][39m [90m[39m
[35m[HTTP][39m [37m-->[39m [37mPOST[39m [37m/wd/hub/session/81635e3c-c803-4a8b-b1c3-34a2270a137f/timeouts[39m
[35m[HTTP][39m [90m{"implicit":50}[39m
[35m[HTTP][39m [37m<-- POST /wd/hub/session/81635e3c-c803-4a8b-b1c3-34a2270a137f/timeouts [39m[32m200[39m [90m2 ms - 14[39m
[35m[HTTP][39m [90m[39m
[35m[HTTP][39m [37m-->[39m [37mGET[39m [37m/wd/hub/session/81635e3c-c803-4a8b-b1c3-34a2270a137f/window/rect[39m
[35m[HTTP][39m [90m{}[39m
[35m[HTTP][39m [37m<-- GET /wd/hub/session/81635e3c-c803-4a8b-b1c3-34a2270a137f/window/rect [39m[32m200[39m [90m45 ms - 50[39m
[35m[HTTP][39m [90m[39m
[35m[HTTP][39m [37m-->[39m [37mPOST[39m [37m/wd/hub/session/81635e3c-c803-4a8b-b1c3-34a2270a137f/elements[39m
[35m[HTTP][39m [90m{"using":"xpath","value":"//*[@class = 'android.widget.Button' and (@text = 'SUBMIT' or . = 'SUBMIT') and @resource-id = 'android:id/button1']"}[39m
[35m[HTTP][39m [37m<-- POST /wd/hub/session/81635e3c-c803-4a8b-b1c3-34a2270a137f/elements [39m[32m200[39m [90m213 ms - 139[39m
[35m[HTTP][39m [90m[39m
[35m[HTTP][39m [37m-->[39m [37mGET[39m [37m/wd/hub/session/81635e3c-c803-4a8b-b1c3-34a2270a137f/element/00000000-0000-066b-ffff-ffff000007ce/location[39m
[35m[HTTP][39m [90m{}[39m
[35m[W3C (81635e3c)][39m Driver proxy active, passing request on via HTTP proxy
[35m[WD Proxy][39m Replacing sessionId a456c865-6f37-43d3-a117-3e82ff72542d with 81635e3c-c803-4a8b-b1c3-34a2270a137f
[35m[HTTP][39m [37m<-- GET /wd/hub/session/81635e3c-c803-4a8b-b1c3-34a2270a137f/element/00000000-0000-066b-ffff-ffff000007ce/location [39m[32m200[39m [90m52 ms - 79[39m
[35m[HTTP][39m [90m[39m
[35m[HTTP][39m [37m-->[39m [37mPOST[39m [37m/wd/hub/session/81635e3c-c803-4a8b-b1c3-34a2270a137f/timeouts[39m
[35m[HTTP][39m [90m{"implicit":30000}[39m
[35m[HTTP][39m [37m<-- POST /wd/hub/session/81635e3c-c803-4a8b-b1c3-34a2270a137f/timeouts [39m[32m200[39m [90m3 ms - 14[39m
[35m[HTTP][39m [90m[39m
[35m[HTTP][39m [37m-->[39m [37mPOST[39m [37m/wd/hub/session/81635e3c-c803-4a8b-b1c3-34a2270a137f/touch/perform[39m
[35m[HTTP][39m [90m{"actions":[{"action":"tap","options":{"x":1,"y":1,"element":"00000000-0000-066b-ffff-ffff000007ce"}},{"action":"release","options":{}}]}[39m
[35m[UiAutomator2][39m calling get location: 00000000-0000-066b-ffff-ffff000007ce
[35m[HTTP][39m [37m<-- POST /wd/hub/session/81635e3c-c803-4a8b-b1c3-34a2270a137f/touch/perform [39m[32m200[39m [90m875 ms - 14[39m
[35m[HTTP][39m [90m[39m
[35m[HTTP][39m [37m-->[39m [37mGET[39m [37m/wd/hub/session/81635e3c-c803-4a8b-b1c3-34a2270a137f/context[39m
[35m[HTTP][39m [90m{}[39m
[35m[HTTP][39m [37m<-- GET /wd/hub/session/81635e3c-c803-4a8b-b1c3-34a2270a137f/context [39m[32m200[39m [90m4 ms - 22[39m
[35m[HTTP][39m [90m[39m
[35m[HTTP][39m [37m-->[39m [37mGET[39m [37m/wd/hub/session/81635e3c-c803-4a8b-b1c3-34a2270a137f/contexts[39m
[35m[HTTP][39m [90m{}[39m
[35m[HTTP][39m [37m<-- GET /wd/hub/session/81635e3c-c803-4a8b-b1c3-34a2270a137f/contexts [39m[32m200[39m [90m175 ms - 24[39m
[35m[HTTP][39m [90m[39m
[35m[HTTP][39m [37m-->[39m [37mPOST[39m [37m/wd/hub/session/81635e3c-c803-4a8b-b1c3-34a2270a137f/context[39m
[35m[HTTP][39m [90m{"name":"NATIVE_APP"}[39m
[35m[HTTP][39m [37m<-- POST /wd/hub/session/81635e3c-c803-4a8b-b1c3-34a2270a137f/context [39m[32m200[39m [90m3 ms - 14[39m
[35m[HTTP][39m [90m[39m
[35m[HTTP][39m [37m-->[39m [37mGET[39m [37m/wd/hub/session/81635e3c-c803-4a8b-b1c3-34a2270a137f/window/rect[39m
[35m[HTTP][39m [90m{}[39m
[35m[HTTP][39m [37m<-- GET /wd/hub/session/81635e3c-c803-4a8b-b1c3-34a2270a137f/window/rect [39m[32m200[39m [90m69 ms - 50[39m
[35m[HTTP][39m [90m[39m
[35m[HTTP][39m [37m-->[39m [37mPOST[39m [37m/wd/hub/session/81635e3c-c803-4a8b-b1c3-34a2270a137f/execute/sync[39m
[35m[HTTP][39m [90m{"script":"mobile: viewportScreenshot","args":[]}[39m
[35m[AndroidDriver][39m Executing native command 'mobile: viewportScreenshot'
[35m[HTTP][39m [37m<-- POST /wd/hub/session/81635e3c-c803-4a8b-b1c3-34a2270a137f/execute/sync [39m[32m200[39m [90m1831 ms - 261276[39m
[35m[HTTP][39m [90m[39m
[35m[HTTP][39m [37m-->[39m [37mPOST[39m [37m/wd/hub/session/81635e3c-c803-4a8b-b1c3-34a2270a137f/context[39m
[35m[HTTP][39m [90m{"name":"NATIVE_APP"}[39m
[35m[HTTP][39m [37m<-- POST /wd/hub/session/81635e3c-c803-4a8b-b1c3-34a2270a137f/context [39m[32m200[39m [90m2 ms - 14[39m
[35m[HTTP][39m [90m[39m
[35m[HTTP][39m [37m-->[39m [37mDELETE[39m [37m/wd/hub/session/81635e3c-c803-4a8b-b1c3-34a2270a137f[39m
[35m[HTTP][39m [90m{}[39m
[35m[Appium][39m Removing session 81635e3c-c803-4a8b-b1c3-34a2270a137f from our master session list
[35m[UiAutomator2][39m Restoring hidden api policy to the device default configuration
[35m[HTTP][39m [37m<-- DELETE /wd/hub/session/81635e3c-c803-4a8b-b1c3-34a2270a137f [39m[32m200[39m [90m745 ms - 14[39m
[35m[HTTP][39m [90m[39m
