[35m[Appium][39m Welcome to Appium v1.22.2
[35m[Appium][39m Non-default server args:
[35m[Appium][39m   port: 56160
[35m[Appium][39m   loglevel: info
[35m[Appium][39m   tmpDir: C:\Users\NIAYUS~1\AppData\Local\Temp\\Katalon\Appium\Temp1652949433978
[35m[Appium][39m   chromedriverPort: 56161
[35m[Appium][39m Deprecated server args:
[35m[Appium][39m   [31m--chromedriver-port[39m => --default-capabilities
[35m[Appium][39m Default capabilities, which will be added to each request unless overridden by desired capabilities:
[35m[Appium][39m   chromedriverPort: 56161
[35m[Appium][39m Appium REST http interface listener started on 0.0.0.0:56160
[35m[HTTP][39m [37m-->[39m [37mGET[39m [37m/wd/hub/status[39m
[35m[HTTP][39m [90m{}[39m
[35m[HTTP][39m [37m<-- GET /wd/hub/status [39m[32m200[39m [90m15 ms - 68[39m
[35m[HTTP][39m [90m[39m
[35m[HTTP][39m [37m-->[39m [37mPOST[39m [37m/wd/hub/session[39m
[35m[HTTP][39m [90m{"desiredCapabilities":{"appActivity":".Settings","appPackage":"com.android.settings","newCommandTimeout":1800,"platformVersion":"11","automationName":"uiautomator2","autoGrantPermissions":true,"platformName":"Android","udid":"RR8N605F11Y","deviceName":"samsung SM-M315F (Android 11)","platform":"ANDROID","systemPort":8229},"capabilities":{"firstMatch":[{"appium:appActivity":".Settings","appium:appPackage":"com.android.settings","appium:autoGrantPermissions":true,"appium:automationName":"uiautomator2","appium:deviceName":"samsung SM-M315F (Android 11)","appium:newCommandTimeout":1800,"platform":"ANDROID","platformName":"android","appium:platformVersion":"11","appium:systemPort":8229,"appium:udid":"RR8N605F11Y"}]}}[39m
[35m[BaseDriver][39m The following capabilities are not standard capabilities and should have an extension prefix:
[35m[BaseDriver][39m   platform
[35m[BaseDriver][39m   chromedriverPort
[35m[Appium][39m Appium v1.22.2 creating new AndroidUiautomator2Driver (v1.70.1) session
[35m[BaseDriver][39m The following capabilities were provided, but are not recognized by Appium:
[35m[BaseDriver][39m   platform
[35m[BaseDriver][39m Session created with session id: 674da945-9d16-47d1-9369-1d338d3ecada
[35m[UiAutomator2][39m Starting 'com.android.settings' directly on the device
[35m[ADB][39m Cannot sort build-tools folders ["29.0.3","android-8.1.0"] by semantic version names.
[35m[ADB][39m Falling back to sorting by modification date. Original error: Invalid Version: android-8.1.0
[35m[ADB][39m Found 2 'build-tools' folders under 'C:\Users\Nia Yusniati\.katalon\tools\android_sdk' (newest first):
[35m[ADB][39m     C:/Users/Nia Yusniati/.katalon/tools/android_sdk/build-tools/29.0.3
[35m[ADB][39m     C:/Users/Nia Yusniati/.katalon/tools/android_sdk/build-tools/android-8.1.0
[35m[ADB][39m Using 'adb.exe' from 'C:\Users\Nia Yusniati\.katalon\tools\android_sdk\platform-tools\adb.exe'
[35m[AndroidDriver][39m Retrieving device list
[35m[AndroidDriver][39m Using device: RR8N605F11Y
[35m[ADB][39m Using 'adb.exe' from 'C:\Users\Nia Yusniati\.katalon\tools\android_sdk\platform-tools\adb.exe'
[35m[ADB][39m Getting device platform version
[35m[UiAutomator2][39m Relaxing hidden api policy
[35m[AndroidDriver][39m No app sent in, not parsing package/activity
[35m[ADB][39m Using 'apksigner.jar' from 'C:\Users\Nia Yusniati\.katalon\tools\android_sdk\build-tools\29.0.3\lib\apksigner.jar'
[35m[ADB][39m 'C:\Users\Nia Yusniati\AppData\Roaming\npm\node_modules\appium\node_modules\appium-uiautomator2-server\apks\appium-uiautomator2-server-v4.27.0.apk' is signed with the default certificate
[35m[ADB][39m 'C:\Users\Nia Yusniati\AppData\Roaming\npm\node_modules\appium\node_modules\appium-uiautomator2-server\apks\appium-uiautomator2-server-debug-androidTest.apk' is signed with the default certificate
[35m[UiAutomator2][39m Server packages are not going to be (re)installed
[35m[ADB][39m Adding packages ["io.appium.settings","io.appium.uiautomator2.server","io.appium.uiautomator2.server.test"] to Doze whitelist
[35m[UiAutomator2][39m Starting UIAutomator2 server 4.27.0
[35m[UiAutomator2][39m Using UIAutomator2 server from 'C:\Users\Nia Yusniati\AppData\Roaming\npm\node_modules\appium\node_modules\appium-uiautomator2-server\apks\appium-uiautomator2-server-v4.27.0.apk' and test from 'C:\Users\Nia Yusniati\AppData\Roaming\npm\node_modules\appium\node_modules\appium-uiautomator2-server\apks\appium-uiautomator2-server-debug-androidTest.apk'
[35m[UiAutomator2][39m Waiting up to 30000ms for UiAutomator2 to be online...
[35m[WD Proxy][39m socket hang up
[35m[WD Proxy][39m socket hang up
[35m[WD Proxy][39m socket hang up
[35m[WD Proxy][39m Determined the downstream protocol as 'W3C'
[35m[AndroidDriver][39m Screen already unlocked, doing nothing
[35m[UiAutomator2][39m Starting 'com.android.settings/.Settings and waiting for 'com.android.settings/.Settings'
[35m[Appium][39m New AndroidUiautomator2Driver session created successfully, session 674da945-9d16-47d1-9369-1d338d3ecada added to master session list
[35m[HTTP][39m [37m<-- POST /wd/hub/session [39m[32m200[39m [90m11268 ms - 1158[39m
[35m[HTTP][39m [90m[39m
[35m[HTTP][39m [37m-->[39m [37mGET[39m [37m/wd/hub/session/674da945-9d16-47d1-9369-1d338d3ecada[39m
[35m[HTTP][39m [90m{}[39m
[35m[HTTP][39m [37m<-- GET /wd/hub/session/674da945-9d16-47d1-9369-1d338d3ecada [39m[32m200[39m [90m19 ms - 1112[39m
[35m[HTTP][39m [90m[39m
[35m[HTTP][39m [37m-->[39m [37mGET[39m [37m/wd/hub/session/674da945-9d16-47d1-9369-1d338d3ecada[39m
[35m[HTTP][39m [90m{}[39m
[35m[HTTP][39m [37m<-- GET /wd/hub/session/674da945-9d16-47d1-9369-1d338d3ecada [39m[32m200[39m [90m15 ms - 1112[39m
[35m[HTTP][39m [90m[39m
[35m[HTTP][39m [37m-->[39m [37mGET[39m [37m/wd/hub/status[39m
[35m[HTTP][39m [90m{}[39m
[35m[HTTP][39m [37m<-- GET /wd/hub/status [39m[32m200[39m [90m1 ms - 68[39m
[35m[HTTP][39m [90m[39m
[35m[HTTP][39m [37m-->[39m [37mPOST[39m [37m/wd/hub/session/674da945-9d16-47d1-9369-1d338d3ecada/timeouts[39m
[35m[HTTP][39m [90m{"implicit":30000}[39m
[35m[HTTP][39m [37m<-- POST /wd/hub/session/674da945-9d16-47d1-9369-1d338d3ecada/timeouts [39m[32m200[39m [90m5 ms - 14[39m
[35m[HTTP][39m [90m[39m
[35m[HTTP][39m [37m-->[39m [37mGET[39m [37m/wd/hub/session/674da945-9d16-47d1-9369-1d338d3ecada/screenshot[39m
[35m[HTTP][39m [90m{}[39m
[35m[HTTP][39m [37m<-- GET /wd/hub/session/674da945-9d16-47d1-9369-1d338d3ecada/screenshot [39m[32m200[39m [90m640 ms - 250332[39m
[35m[HTTP][39m [90m[39m
[35m[HTTP][39m [37m-->[39m [37mGET[39m [37m/wd/hub/session/674da945-9d16-47d1-9369-1d338d3ecada/window/rect[39m
[35m[HTTP][39m [90m{}[39m
[35m[HTTP][39m [37m<-- GET /wd/hub/session/674da945-9d16-47d1-9369-1d338d3ecada/window/rect [39m[32m200[39m [90m20 ms - 50[39m
[35m[HTTP][39m [90m[39m
[35m[HTTP][39m [37m-->[39m [37mGET[39m [37m/wd/hub/session/674da945-9d16-47d1-9369-1d338d3ecada/appium/device/system_bars[39m
[35m[HTTP][39m [90m{}[39m
[35m[HTTP][39m [37m<-- GET /wd/hub/session/674da945-9d16-47d1-9369-1d338d3ecada/appium/device/system_bars [39m[32m200[39m [90m169 ms - 148[39m
[35m[HTTP][39m [90m[39m
[35m[HTTP][39m [37m-->[39m [37mPOST[39m [37m/wd/hub/session/674da945-9d16-47d1-9369-1d338d3ecada/appium/device/activate_app[39m
[35m[HTTP][39m [90m{"bundleId":"bcaf.crm.kkb.saleskit"}[39m
[35m[HTTP][39m [37m<-- POST /wd/hub/session/674da945-9d16-47d1-9369-1d338d3ecada/appium/device/activate_app [39m[32m200[39m [90m673 ms - 14[39m
[35m[HTTP][39m [90m[39m
[35m[HTTP][39m [37m-->[39m [37mGET[39m [37m/wd/hub/session/674da945-9d16-47d1-9369-1d338d3ecada/context[39m
[35m[HTTP][39m [90m{}[39m
[35m[HTTP][39m [37m<-- GET /wd/hub/session/674da945-9d16-47d1-9369-1d338d3ecada/context [39m[32m200[39m [90m6 ms - 22[39m
[35m[HTTP][39m [90m[39m
[35m[HTTP][39m [37m-->[39m [37mGET[39m [37m/wd/hub/session/674da945-9d16-47d1-9369-1d338d3ecada/contexts[39m
[35m[HTTP][39m [90m{}[39m
[35m[HTTP][39m [37m<-- GET /wd/hub/session/674da945-9d16-47d1-9369-1d338d3ecada/contexts [39m[32m200[39m [90m151 ms - 24[39m
[35m[HTTP][39m [90m[39m
[35m[HTTP][39m [37m-->[39m [37mPOST[39m [37m/wd/hub/session/674da945-9d16-47d1-9369-1d338d3ecada/context[39m
[35m[HTTP][39m [90m{"name":"NATIVE_APP"}[39m
[35m[HTTP][39m [37m<-- POST /wd/hub/session/674da945-9d16-47d1-9369-1d338d3ecada/context [39m[32m200[39m [90m3 ms - 14[39m
[35m[HTTP][39m [90m[39m
[35m[HTTP][39m [37m-->[39m [37mGET[39m [37m/wd/hub/session/674da945-9d16-47d1-9369-1d338d3ecada/window/rect[39m
[35m[HTTP][39m [90m{}[39m
[35m[HTTP][39m [37m<-- GET /wd/hub/session/674da945-9d16-47d1-9369-1d338d3ecada/window/rect [39m[32m200[39m [90m28 ms - 50[39m
[35m[HTTP][39m [90m[39m
[35m[HTTP][39m [37m-->[39m [37mPOST[39m [37m/wd/hub/session/674da945-9d16-47d1-9369-1d338d3ecada/execute/sync[39m
[35m[HTTP][39m [90m{"script":"mobile: viewportScreenshot","args":[]}[39m
[35m[AndroidDriver][39m Executing native command 'mobile: viewportScreenshot'
[35m[HTTP][39m [37m<-- POST /wd/hub/session/674da945-9d16-47d1-9369-1d338d3ecada/execute/sync [39m[32m200[39m [90m1382 ms - 250168[39m
[35m[HTTP][39m [90m[39m
[35m[HTTP][39m [37m-->[39m [37mPOST[39m [37m/wd/hub/session/674da945-9d16-47d1-9369-1d338d3ecada/context[39m
[35m[HTTP][39m [90m{"name":"NATIVE_APP"}[39m
[35m[HTTP][39m [37m<-- POST /wd/hub/session/674da945-9d16-47d1-9369-1d338d3ecada/context [39m[32m200[39m [90m2 ms - 14[39m
[35m[HTTP][39m [90m[39m
[35m[HTTP][39m [37m-->[39m [37mPOST[39m [37m/wd/hub/session/674da945-9d16-47d1-9369-1d338d3ecada/timeouts[39m
[35m[HTTP][39m [90m{"implicit":50}[39m
[35m[HTTP][39m [37m<-- POST /wd/hub/session/674da945-9d16-47d1-9369-1d338d3ecada/timeouts [39m[32m200[39m [90m2 ms - 14[39m
[35m[HTTP][39m [90m[39m
[35m[HTTP][39m [37m-->[39m [37mGET[39m [37m/wd/hub/session/674da945-9d16-47d1-9369-1d338d3ecada/window/rect[39m
[35m[HTTP][39m [90m{}[39m
[35m[HTTP][39m [37m<-- GET /wd/hub/session/674da945-9d16-47d1-9369-1d338d3ecada/window/rect [39m[32m200[39m [90m33 ms - 50[39m
[35m[HTTP][39m [90m[39m
[35m[HTTP][39m [37m-->[39m [37mPOST[39m [37m/wd/hub/session/674da945-9d16-47d1-9369-1d338d3ecada/elements[39m
[35m[HTTP][39m [90m{"using":"xpath","value":"//*[@class = 'android.widget.EditText' and @resource-id = 'bcaf.crm.kkb.saleskit:id/applyMerk' and (@text = '' or . = '')]"}[39m
[35m[HTTP][39m [37m<-- POST /wd/hub/session/674da945-9d16-47d1-9369-1d338d3ecada/elements [39m[32m200[39m [90m548 ms - 139[39m
[35m[HTTP][39m [90m[39m
[35m[HTTP][39m [37m-->[39m [37mGET[39m [37m/wd/hub/session/674da945-9d16-47d1-9369-1d338d3ecada/element/00000000-0000-07e7-ffff-ffff000004ca/location[39m
[35m[HTTP][39m [90m{}[39m
[35m[W3C (674da945)][39m Driver proxy active, passing request on via HTTP proxy
[35m[WD Proxy][39m Replacing sessionId af82d3f2-c47b-4a26-ab44-f483fc71a162 with 674da945-9d16-47d1-9369-1d338d3ecada
[35m[HTTP][39m [37m<-- GET /wd/hub/session/674da945-9d16-47d1-9369-1d338d3ecada/element/00000000-0000-07e7-ffff-ffff000004ca/location [39m[32m200[39m [90m28 ms - 78[39m
[35m[HTTP][39m [90m[39m
[35m[HTTP][39m [37m-->[39m [37mPOST[39m [37m/wd/hub/session/674da945-9d16-47d1-9369-1d338d3ecada/timeouts[39m
[35m[HTTP][39m [90m{"implicit":30000}[39m
[35m[HTTP][39m [37m<-- POST /wd/hub/session/674da945-9d16-47d1-9369-1d338d3ecada/timeouts [39m[32m200[39m [90m1 ms - 14[39m
[35m[HTTP][39m [90m[39m
[35m[HTTP][39m [37m-->[39m [37mPOST[39m [37m/wd/hub/session/674da945-9d16-47d1-9369-1d338d3ecada/element/00000000-0000-07e7-ffff-ffff000004ca/clear[39m
[35m[HTTP][39m [90m{"id":"00000000-0000-07e7-ffff-ffff000004ca"}[39m
[35m[HTTP][39m [37m<-- POST /wd/hub/session/674da945-9d16-47d1-9369-1d338d3ecada/element/00000000-0000-07e7-ffff-ffff000004ca/clear [39m[32m200[39m [90m33 ms - 14[39m
[35m[HTTP][39m [90m[39m
[35m[HTTP][39m [37m-->[39m [37mPOST[39m [37m/wd/hub/session/674da945-9d16-47d1-9369-1d338d3ecada/element/00000000-0000-07e7-ffff-ffff000004ca/value[39m
[35m[HTTP][39m [90m{"id":"00000000-0000-07e7-ffff-ffff000004ca","text":"HONDA","value":["H","O","N","D","A"]}[39m
[35m[HTTP][39m [37m<-- POST /wd/hub/session/674da945-9d16-47d1-9369-1d338d3ecada/element/00000000-0000-07e7-ffff-ffff000004ca/value [39m[32m200[39m [90m894 ms - 14[39m
[35m[HTTP][39m [90m[39m
[35m[HTTP][39m [37m-->[39m [37mPOST[39m [37m/wd/hub/session/674da945-9d16-47d1-9369-1d338d3ecada/timeouts[39m
[35m[HTTP][39m [90m{"implicit":50}[39m
[35m[HTTP][39m [37m<-- POST /wd/hub/session/674da945-9d16-47d1-9369-1d338d3ecada/timeouts [39m[32m200[39m [90m2 ms - 14[39m
[35m[HTTP][39m [90m[39m
[35m[HTTP][39m [37m-->[39m [37mGET[39m [37m/wd/hub/session/674da945-9d16-47d1-9369-1d338d3ecada/window/rect[39m
[35m[HTTP][39m [90m{}[39m
[35m[HTTP][39m [37m<-- GET /wd/hub/session/674da945-9d16-47d1-9369-1d338d3ecada/window/rect [39m[32m200[39m [90m27 ms - 50[39m
[35m[HTTP][39m [90m[39m
[35m[HTTP][39m [37m-->[39m [37mPOST[39m [37m/wd/hub/session/674da945-9d16-47d1-9369-1d338d3ecada/elements[39m
[35m[HTTP][39m [90m{"using":"xpath","value":"//*[@class = 'android.widget.EditText' and @resource-id = 'bcaf.crm.kkb.saleskit:id/applyModel' and (@text = '' or . = '')]"}[39m
[35m[HTTP][39m [37m<-- POST /wd/hub/session/674da945-9d16-47d1-9369-1d338d3ecada/elements [39m[32m200[39m [90m558 ms - 139[39m
[35m[HTTP][39m [90m[39m
[35m[HTTP][39m [37m-->[39m [37mGET[39m [37m/wd/hub/session/674da945-9d16-47d1-9369-1d338d3ecada/element/00000000-0000-07e7-ffff-ffff000004cf/location[39m
[35m[HTTP][39m [90m{}[39m
[35m[W3C (674da945)][39m Driver proxy active, passing request on via HTTP proxy
[35m[WD Proxy][39m Replacing sessionId af82d3f2-c47b-4a26-ab44-f483fc71a162 with 674da945-9d16-47d1-9369-1d338d3ecada
[35m[HTTP][39m [37m<-- GET /wd/hub/session/674da945-9d16-47d1-9369-1d338d3ecada/element/00000000-0000-07e7-ffff-ffff000004cf/location [39m[32m200[39m [90m23 ms - 79[39m
[35m[HTTP][39m [90m[39m
[35m[HTTP][39m [37m-->[39m [37mPOST[39m [37m/wd/hub/session/674da945-9d16-47d1-9369-1d338d3ecada/timeouts[39m
[35m[HTTP][39m [90m{"implicit":30000}[39m
[35m[HTTP][39m [37m<-- POST /wd/hub/session/674da945-9d16-47d1-9369-1d338d3ecada/timeouts [39m[32m200[39m [90m2 ms - 14[39m
[35m[HTTP][39m [90m[39m
[35m[HTTP][39m [37m-->[39m [37mPOST[39m [37m/wd/hub/session/674da945-9d16-47d1-9369-1d338d3ecada/element/00000000-0000-07e7-ffff-ffff000004cf/clear[39m
[35m[HTTP][39m [90m{"id":"00000000-0000-07e7-ffff-ffff000004cf"}[39m
[35m[HTTP][39m [37m<-- POST /wd/hub/session/674da945-9d16-47d1-9369-1d338d3ecada/element/00000000-0000-07e7-ffff-ffff000004cf/clear [39m[32m200[39m [90m34 ms - 14[39m
[35m[HTTP][39m [90m[39m
[35m[HTTP][39m [37m-->[39m [37mPOST[39m [37m/wd/hub/session/674da945-9d16-47d1-9369-1d338d3ecada/element/00000000-0000-07e7-ffff-ffff000004cf/value[39m
[35m[HTTP][39m [90m{"id":"00000000-0000-07e7-ffff-ffff000004cf","text":"ALL NEW CIVIC","value":["A","L","L"," ","N","E","W"," ","C","I","V","I","C"]}[39m
[35m[HTTP][39m [37m<-- POST /wd/hub/session/674da945-9d16-47d1-9369-1d338d3ecada/element/00000000-0000-07e7-ffff-ffff000004cf/value [39m[32m200[39m [90m544 ms - 14[39m
[35m[HTTP][39m [90m[39m
[35m[HTTP][39m [37m-->[39m [37mPOST[39m [37m/wd/hub/session/674da945-9d16-47d1-9369-1d338d3ecada/timeouts[39m
[35m[HTTP][39m [90m{"implicit":50}[39m
[35m[HTTP][39m [37m<-- POST /wd/hub/session/674da945-9d16-47d1-9369-1d338d3ecada/timeouts [39m[32m200[39m [90m1 ms - 14[39m
[35m[HTTP][39m [90m[39m
[35m[HTTP][39m [37m-->[39m [37mGET[39m [37m/wd/hub/session/674da945-9d16-47d1-9369-1d338d3ecada/window/rect[39m
[35m[HTTP][39m [90m{}[39m
[35m[HTTP][39m [37m<-- GET /wd/hub/session/674da945-9d16-47d1-9369-1d338d3ecada/window/rect [39m[32m200[39m [90m40 ms - 50[39m
[35m[HTTP][39m [90m[39m
[35m[HTTP][39m [37m-->[39m [37mPOST[39m [37m/wd/hub/session/674da945-9d16-47d1-9369-1d338d3ecada/elements[39m
[35m[HTTP][39m [90m{"using":"xpath","value":"//*[@class = 'android.widget.EditText' and @resource-id = 'bcaf.crm.kkb.saleskit:id/applyType' and (@text = '' or . = '')]"}[39m
[35m[HTTP][39m [37m<-- POST /wd/hub/session/674da945-9d16-47d1-9369-1d338d3ecada/elements [39m[32m200[39m [90m482 ms - 139[39m
[35m[HTTP][39m [90m[39m
[35m[HTTP][39m [37m-->[39m [37mGET[39m [37m/wd/hub/session/674da945-9d16-47d1-9369-1d338d3ecada/element/00000000-0000-07e7-ffff-ffff000004d4/location[39m
[35m[HTTP][39m [90m{}[39m
[35m[W3C (674da945)][39m Driver proxy active, passing request on via HTTP proxy
[35m[WD Proxy][39m Replacing sessionId af82d3f2-c47b-4a26-ab44-f483fc71a162 with 674da945-9d16-47d1-9369-1d338d3ecada
[35m[HTTP][39m [37m<-- GET /wd/hub/session/674da945-9d16-47d1-9369-1d338d3ecada/element/00000000-0000-07e7-ffff-ffff000004d4/location [39m[32m200[39m [90m36 ms - 79[39m
[35m[HTTP][39m [90m[39m
[35m[HTTP][39m [37m-->[39m [37mPOST[39m [37m/wd/hub/session/674da945-9d16-47d1-9369-1d338d3ecada/timeouts[39m
[35m[HTTP][39m [90m{"implicit":30000}[39m
[35m[HTTP][39m [37m<-- POST /wd/hub/session/674da945-9d16-47d1-9369-1d338d3ecada/timeouts [39m[32m200[39m [90m3 ms - 14[39m
[35m[HTTP][39m [90m[39m
[35m[HTTP][39m [37m-->[39m [37mPOST[39m [37m/wd/hub/session/674da945-9d16-47d1-9369-1d338d3ecada/element/00000000-0000-07e7-ffff-ffff000004d4/clear[39m
[35m[HTTP][39m [90m{"id":"00000000-0000-07e7-ffff-ffff000004d4"}[39m
[35m[HTTP][39m [37m<-- POST /wd/hub/session/674da945-9d16-47d1-9369-1d338d3ecada/element/00000000-0000-07e7-ffff-ffff000004d4/clear [39m[32m200[39m [90m42 ms - 14[39m
[35m[HTTP][39m [90m[39m
[35m[HTTP][39m [37m-->[39m [37mPOST[39m [37m/wd/hub/session/674da945-9d16-47d1-9369-1d338d3ecada/element/00000000-0000-07e7-ffff-ffff000004d4/value[39m
[35m[HTTP][39m [90m{"id":"00000000-0000-07e7-ffff-ffff000004d4","text":"R - KARBON","value":["R"," ","-"," ","K","A","R","B","O","N"]}[39m
[35m[HTTP][39m [37m<-- POST /wd/hub/session/674da945-9d16-47d1-9369-1d338d3ecada/element/00000000-0000-07e7-ffff-ffff000004d4/value [39m[32m200[39m [90m953 ms - 14[39m
[35m[HTTP][39m [90m[39m
[35m[HTTP][39m [37m-->[39m [37mGET[39m [37m/wd/hub/session/674da945-9d16-47d1-9369-1d338d3ecada/context[39m
[35m[HTTP][39m [90m{}[39m
[35m[HTTP][39m [37m<-- GET /wd/hub/session/674da945-9d16-47d1-9369-1d338d3ecada/context [39m[32m200[39m [90m3 ms - 22[39m
[35m[HTTP][39m [90m[39m
[35m[HTTP][39m [37m-->[39m [37mGET[39m [37m/wd/hub/session/674da945-9d16-47d1-9369-1d338d3ecada/contexts[39m
[35m[HTTP][39m [90m{}[39m
[35m[HTTP][39m [37m<-- GET /wd/hub/session/674da945-9d16-47d1-9369-1d338d3ecada/contexts [39m[32m200[39m [90m112 ms - 24[39m
[35m[HTTP][39m [90m[39m
[35m[HTTP][39m [37m-->[39m [37mPOST[39m [37m/wd/hub/session/674da945-9d16-47d1-9369-1d338d3ecada/context[39m
[35m[HTTP][39m [90m{"name":"NATIVE_APP"}[39m
[35m[HTTP][39m [37m<-- POST /wd/hub/session/674da945-9d16-47d1-9369-1d338d3ecada/context [39m[32m200[39m [90m1 ms - 14[39m
[35m[HTTP][39m [90m[39m
[35m[HTTP][39m [37m-->[39m [37mGET[39m [37m/wd/hub/session/674da945-9d16-47d1-9369-1d338d3ecada/window/rect[39m
[35m[HTTP][39m [90m{}[39m
[35m[HTTP][39m [37m<-- GET /wd/hub/session/674da945-9d16-47d1-9369-1d338d3ecada/window/rect [39m[32m200[39m [90m28 ms - 50[39m
[35m[HTTP][39m [90m[39m
[35m[HTTP][39m [37m-->[39m [37mPOST[39m [37m/wd/hub/session/674da945-9d16-47d1-9369-1d338d3ecada/execute/sync[39m
[35m[HTTP][39m [90m{"script":"mobile: viewportScreenshot","args":[]}[39m
[35m[AndroidDriver][39m Executing native command 'mobile: viewportScreenshot'
[35m[HTTP][39m [37m<-- POST /wd/hub/session/674da945-9d16-47d1-9369-1d338d3ecada/execute/sync [39m[32m200[39m [90m1290 ms - 275380[39m
[35m[HTTP][39m [90m[39m
[35m[HTTP][39m [37m-->[39m [37mPOST[39m [37m/wd/hub/session/674da945-9d16-47d1-9369-1d338d3ecada/context[39m
[35m[HTTP][39m [90m{"name":"NATIVE_APP"}[39m
[35m[HTTP][39m [37m<-- POST /wd/hub/session/674da945-9d16-47d1-9369-1d338d3ecada/context [39m[32m200[39m [90m2 ms - 14[39m
[35m[HTTP][39m [90m[39m
[35m[HTTP][39m [37m-->[39m [37mPOST[39m [37m/wd/hub/session/674da945-9d16-47d1-9369-1d338d3ecada/timeouts[39m
[35m[HTTP][39m [90m{"implicit":50}[39m
[35m[HTTP][39m [37m<-- POST /wd/hub/session/674da945-9d16-47d1-9369-1d338d3ecada/timeouts [39m[32m200[39m [90m1 ms - 14[39m
[35m[HTTP][39m [90m[39m
[35m[HTTP][39m [37m-->[39m [37mGET[39m [37m/wd/hub/session/674da945-9d16-47d1-9369-1d338d3ecada/window/rect[39m
[35m[HTTP][39m [90m{}[39m
[35m[HTTP][39m [37m<-- GET /wd/hub/session/674da945-9d16-47d1-9369-1d338d3ecada/window/rect [39m[32m200[39m [90m33 ms - 50[39m
[35m[HTTP][39m [90m[39m
[35m[HTTP][39m [37m-->[39m [37mPOST[39m [37m/wd/hub/session/674da945-9d16-47d1-9369-1d338d3ecada/elements[39m
[35m[HTTP][39m [90m{"using":"xpath","value":"//*[@class = 'android.widget.Button' and (@text = 'Submit' or . = 'Submit') and @resource-id = 'bcaf.crm.kkb.saleskit:id/btnSubmit']"}[39m
[35m[HTTP][39m [37m<-- POST /wd/hub/session/674da945-9d16-47d1-9369-1d338d3ecada/elements [39m[32m200[39m [90m396 ms - 139[39m
[35m[HTTP][39m [90m[39m
[35m[HTTP][39m [37m-->[39m [37mGET[39m [37m/wd/hub/session/674da945-9d16-47d1-9369-1d338d3ecada/element/00000000-0000-07e7-ffff-ffff000004dc/location[39m
[35m[HTTP][39m [90m{}[39m
[35m[W3C (674da945)][39m Driver proxy active, passing request on via HTTP proxy
[35m[WD Proxy][39m Replacing sessionId af82d3f2-c47b-4a26-ab44-f483fc71a162 with 674da945-9d16-47d1-9369-1d338d3ecada
[35m[HTTP][39m [37m<-- GET /wd/hub/session/674da945-9d16-47d1-9369-1d338d3ecada/element/00000000-0000-07e7-ffff-ffff000004dc/location [39m[32m200[39m [90m42 ms - 78[39m
[35m[HTTP][39m [90m[39m
[35m[HTTP][39m [37m-->[39m [37mPOST[39m [37m/wd/hub/session/674da945-9d16-47d1-9369-1d338d3ecada/timeouts[39m
[35m[HTTP][39m [90m{"implicit":30000}[39m
[35m[HTTP][39m [37m<-- POST /wd/hub/session/674da945-9d16-47d1-9369-1d338d3ecada/timeouts [39m[32m200[39m [90m2 ms - 14[39m
[35m[HTTP][39m [90m[39m
[35m[HTTP][39m [37m-->[39m [37mPOST[39m [37m/wd/hub/session/674da945-9d16-47d1-9369-1d338d3ecada/touch/perform[39m
[35m[HTTP][39m [90m{"actions":[{"action":"tap","options":{"x":1,"y":1,"element":"00000000-0000-07e7-ffff-ffff000004dc"}},{"action":"release","options":{}}]}[39m
[35m[UiAutomator2][39m calling get location: 00000000-0000-07e7-ffff-ffff000004dc
[35m[HTTP][39m [37m<-- POST /wd/hub/session/674da945-9d16-47d1-9369-1d338d3ecada/touch/perform [39m[32m200[39m [90m304 ms - 14[39m
[35m[HTTP][39m [90m[39m
[35m[HTTP][39m [37m-->[39m [37mGET[39m [37m/wd/hub/session/674da945-9d16-47d1-9369-1d338d3ecada/context[39m
[35m[HTTP][39m [90m{}[39m
[35m[HTTP][39m [37m<-- GET /wd/hub/session/674da945-9d16-47d1-9369-1d338d3ecada/context [39m[32m200[39m [90m1 ms - 22[39m
[35m[HTTP][39m [90m[39m
[35m[HTTP][39m [37m-->[39m [37mGET[39m [37m/wd/hub/session/674da945-9d16-47d1-9369-1d338d3ecada/contexts[39m
[35m[HTTP][39m [90m{}[39m
[35m[HTTP][39m [37m<-- GET /wd/hub/session/674da945-9d16-47d1-9369-1d338d3ecada/contexts [39m[32m200[39m [90m108 ms - 24[39m
[35m[HTTP][39m [90m[39m
[35m[HTTP][39m [37m-->[39m [37mPOST[39m [37m/wd/hub/session/674da945-9d16-47d1-9369-1d338d3ecada/context[39m
[35m[HTTP][39m [90m{"name":"NATIVE_APP"}[39m
[35m[HTTP][39m [37m<-- POST /wd/hub/session/674da945-9d16-47d1-9369-1d338d3ecada/context [39m[32m200[39m [90m2 ms - 14[39m
[35m[HTTP][39m [90m[39m
[35m[HTTP][39m [37m-->[39m [37mGET[39m [37m/wd/hub/session/674da945-9d16-47d1-9369-1d338d3ecada/window/rect[39m
[35m[HTTP][39m [90m{}[39m
[35m[HTTP][39m [37m<-- GET /wd/hub/session/674da945-9d16-47d1-9369-1d338d3ecada/window/rect [39m[32m200[39m [90m35 ms - 50[39m
[35m[HTTP][39m [90m[39m
[35m[HTTP][39m [37m-->[39m [37mPOST[39m [37m/wd/hub/session/674da945-9d16-47d1-9369-1d338d3ecada/execute/sync[39m
[35m[HTTP][39m [90m{"script":"mobile: viewportScreenshot","args":[]}[39m
[35m[AndroidDriver][39m Executing native command 'mobile: viewportScreenshot'
[35m[HTTP][39m [37m<-- POST /wd/hub/session/674da945-9d16-47d1-9369-1d338d3ecada/execute/sync [39m[32m200[39m [90m1282 ms - 248560[39m
[35m[HTTP][39m [90m[39m
[35m[HTTP][39m [37m-->[39m [37mPOST[39m [37m/wd/hub/session/674da945-9d16-47d1-9369-1d338d3ecada/context[39m
[35m[HTTP][39m [90m{"name":"NATIVE_APP"}[39m
[35m[HTTP][39m [37m<-- POST /wd/hub/session/674da945-9d16-47d1-9369-1d338d3ecada/context [39m[32m200[39m [90m2 ms - 14[39m
[35m[HTTP][39m [90m[39m
[35m[HTTP][39m [37m-->[39m [37mPOST[39m [37m/wd/hub/session/674da945-9d16-47d1-9369-1d338d3ecada/timeouts[39m
[35m[HTTP][39m [90m{"implicit":50}[39m
[35m[HTTP][39m [37m<-- POST /wd/hub/session/674da945-9d16-47d1-9369-1d338d3ecada/timeouts [39m[32m200[39m [90m2 ms - 14[39m
[35m[HTTP][39m [90m[39m
[35m[HTTP][39m [37m-->[39m [37mGET[39m [37m/wd/hub/session/674da945-9d16-47d1-9369-1d338d3ecada/window/rect[39m
[35m[HTTP][39m [90m{}[39m
[35m[HTTP][39m [37m<-- GET /wd/hub/session/674da945-9d16-47d1-9369-1d338d3ecada/window/rect [39m[32m200[39m [90m45 ms - 50[39m
[35m[HTTP][39m [90m[39m
[35m[HTTP][39m [37m-->[39m [37mPOST[39m [37m/wd/hub/session/674da945-9d16-47d1-9369-1d338d3ecada/elements[39m
[35m[HTTP][39m [90m{"using":"xpath","value":"//*[@class = 'android.widget.Button' and (@text = 'SUBMIT' or . = 'SUBMIT') and @resource-id = 'android:id/button1']"}[39m
[35m[HTTP][39m [37m<-- POST /wd/hub/session/674da945-9d16-47d1-9369-1d338d3ecada/elements [39m[32m200[39m [90m190 ms - 139[39m
[35m[HTTP][39m [90m[39m
[35m[HTTP][39m [37m-->[39m [37mGET[39m [37m/wd/hub/session/674da945-9d16-47d1-9369-1d338d3ecada/element/00000000-0000-07f3-ffff-ffff000004f5/location[39m
[35m[HTTP][39m [90m{}[39m
[35m[W3C (674da945)][39m Driver proxy active, passing request on via HTTP proxy
[35m[WD Proxy][39m Replacing sessionId af82d3f2-c47b-4a26-ab44-f483fc71a162 with 674da945-9d16-47d1-9369-1d338d3ecada
[35m[HTTP][39m [37m<-- GET /wd/hub/session/674da945-9d16-47d1-9369-1d338d3ecada/element/00000000-0000-07f3-ffff-ffff000004f5/location [39m[32m200[39m [90m47 ms - 79[39m
[35m[HTTP][39m [90m[39m
[35m[HTTP][39m [37m-->[39m [37mPOST[39m [37m/wd/hub/session/674da945-9d16-47d1-9369-1d338d3ecada/timeouts[39m
[35m[HTTP][39m [90m{"implicit":30000}[39m
[35m[HTTP][39m [37m<-- POST /wd/hub/session/674da945-9d16-47d1-9369-1d338d3ecada/timeouts [39m[32m200[39m [90m3 ms - 14[39m
[35m[HTTP][39m [90m[39m
[35m[HTTP][39m [37m-->[39m [37mPOST[39m [37m/wd/hub/session/674da945-9d16-47d1-9369-1d338d3ecada/touch/perform[39m
[35m[HTTP][39m [90m{"actions":[{"action":"tap","options":{"x":1,"y":1,"element":"00000000-0000-07f3-ffff-ffff000004f5"}},{"action":"release","options":{}}]}[39m
[35m[UiAutomator2][39m calling get location: 00000000-0000-07f3-ffff-ffff000004f5
[35m[HTTP][39m [37m<-- POST /wd/hub/session/674da945-9d16-47d1-9369-1d338d3ecada/touch/perform [39m[32m200[39m [90m266 ms - 14[39m
[35m[HTTP][39m [90m[39m
[35m[HTTP][39m [37m-->[39m [37mGET[39m [37m/wd/hub/session/674da945-9d16-47d1-9369-1d338d3ecada/context[39m
[35m[HTTP][39m [90m{}[39m
[35m[HTTP][39m [37m<-- GET /wd/hub/session/674da945-9d16-47d1-9369-1d338d3ecada/context [39m[32m200[39m [90m4 ms - 22[39m
[35m[HTTP][39m [90m[39m
[35m[HTTP][39m [37m-->[39m [37mGET[39m [37m/wd/hub/session/674da945-9d16-47d1-9369-1d338d3ecada/contexts[39m
[35m[HTTP][39m [90m{}[39m
[35m[HTTP][39m [37m<-- GET /wd/hub/session/674da945-9d16-47d1-9369-1d338d3ecada/contexts [39m[32m200[39m [90m147 ms - 24[39m
[35m[HTTP][39m [90m[39m
[35m[HTTP][39m [37m-->[39m [37mPOST[39m [37m/wd/hub/session/674da945-9d16-47d1-9369-1d338d3ecada/context[39m
[35m[HTTP][39m [90m{"name":"NATIVE_APP"}[39m
[35m[HTTP][39m [37m<-- POST /wd/hub/session/674da945-9d16-47d1-9369-1d338d3ecada/context [39m[32m200[39m [90m2 ms - 14[39m
[35m[HTTP][39m [90m[39m
[35m[HTTP][39m [37m-->[39m [37mGET[39m [37m/wd/hub/session/674da945-9d16-47d1-9369-1d338d3ecada/window/rect[39m
[35m[HTTP][39m [90m{}[39m
[35m[HTTP][39m [37m<-- GET /wd/hub/session/674da945-9d16-47d1-9369-1d338d3ecada/window/rect [39m[32m200[39m [90m50 ms - 50[39m
[35m[HTTP][39m [90m[39m
[35m[HTTP][39m [37m-->[39m [37mPOST[39m [37m/wd/hub/session/674da945-9d16-47d1-9369-1d338d3ecada/execute/sync[39m
[35m[HTTP][39m [90m{"script":"mobile: viewportScreenshot","args":[]}[39m
[35m[AndroidDriver][39m Executing native command 'mobile: viewportScreenshot'
[35m[HTTP][39m [37m<-- POST /wd/hub/session/674da945-9d16-47d1-9369-1d338d3ecada/execute/sync [39m[32m200[39m [90m1481 ms - 260812[39m
[35m[HTTP][39m [90m[39m
[35m[HTTP][39m [37m-->[39m [37mPOST[39m [37m/wd/hub/session/674da945-9d16-47d1-9369-1d338d3ecada/context[39m
[35m[HTTP][39m [90m{"name":"NATIVE_APP"}[39m
[35m[HTTP][39m [37m<-- POST /wd/hub/session/674da945-9d16-47d1-9369-1d338d3ecada/context [39m[32m200[39m [90m1 ms - 14[39m
[35m[HTTP][39m [90m[39m
[35m[HTTP][39m [37m-->[39m [37mDELETE[39m [37m/wd/hub/session/674da945-9d16-47d1-9369-1d338d3ecada[39m
[35m[HTTP][39m [90m{}[39m
[35m[Appium][39m Removing session 674da945-9d16-47d1-9369-1d338d3ecada from our master session list
[35m[UiAutomator2][39m Restoring hidden api policy to the device default configuration
[35m[HTTP][39m [37m<-- DELETE /wd/hub/session/674da945-9d16-47d1-9369-1d338d3ecada [39m[32m200[39m [90m627 ms - 14[39m
[35m[HTTP][39m [90m[39m
