[35m[Appium][39m Welcome to Appium v1.22.2
[35m[Appium][39m Non-default server args:
[35m[Appium][39m   port: 49655
[35m[Appium][39m   loglevel: info
[35m[Appium][39m   tmpDir: C:\Users\NIAYUS~1\AppData\Local\Temp\\Katalon\Appium\Temp1652686417799
[35m[Appium][39m   chromedriverPort: 49656
[35m[Appium][39m Deprecated server args:
[35m[Appium][39m   [31m--chromedriver-port[39m => --default-capabilities
[35m[Appium][39m Default capabilities, which will be added to each request unless overridden by desired capabilities:
[35m[Appium][39m   chromedriverPort: 49656
[35m[Appium][39m Appium REST http interface listener started on 0.0.0.0:49655
[35m[HTTP][39m [37m-->[39m [37mGET[39m [37m/wd/hub/status[39m
[35m[HTTP][39m [90m{}[39m
[35m[HTTP][39m [37m<-- GET /wd/hub/status [39m[32m200[39m [90m7 ms - 68[39m
[35m[HTTP][39m [90m[39m
[35m[HTTP][39m [37m-->[39m [37mPOST[39m [37m/wd/hub/session[39m
[35m[HTTP][39m [90m{"desiredCapabilities":{"appActivity":".Settings","appPackage":"com.android.settings","newCommandTimeout":1800,"platformVersion":"11","automationName":"uiautomator2","autoGrantPermissions":true,"platformName":"Android","udid":"RR8N605F11Y","deviceName":"samsung SM-M315F (Android 11)","platform":"ANDROID","systemPort":8211},"capabilities":{"firstMatch":[{"appium:appActivity":".Settings","appium:appPackage":"com.android.settings","appium:autoGrantPermissions":true,"appium:automationName":"uiautomator2","appium:deviceName":"samsung SM-M315F (Android 11)","appium:newCommandTimeout":1800,"platform":"ANDROID","platformName":"android","appium:platformVersion":"11","appium:systemPort":8211,"appium:udid":"RR8N605F11Y"}]}}[39m
[35m[BaseDriver][39m The following capabilities are not standard capabilities and should have an extension prefix:
[35m[BaseDriver][39m   platform
[35m[BaseDriver][39m   chromedriverPort
[35m[Appium][39m Appium v1.22.2 creating new AndroidUiautomator2Driver (v1.70.1) session
[35m[BaseDriver][39m The following capabilities were provided, but are not recognized by Appium:
[35m[BaseDriver][39m   platform
[35m[BaseDriver][39m Session created with session id: 2ab061bd-891f-488d-b93e-ac2db49dfeb8
[35m[UiAutomator2][39m Starting 'com.android.settings' directly on the device
[35m[ADB][39m Cannot sort build-tools folders ["29.0.3","android-8.1.0"] by semantic version names.
[35m[ADB][39m Falling back to sorting by modification date. Original error: Invalid Version: android-8.1.0
[35m[ADB][39m Found 2 'build-tools' folders under 'C:\Users\Nia Yusniati\.katalon\tools\android_sdk' (newest first):
[35m[ADB][39m     C:/Users/Nia Yusniati/.katalon/tools/android_sdk/build-tools/29.0.3
[35m[ADB][39m     C:/Users/Nia Yusniati/.katalon/tools/android_sdk/build-tools/android-8.1.0
[35m[ADB][39m Using 'adb.exe' from 'C:\Users\Nia Yusniati\.katalon\tools\android_sdk\platform-tools\adb.exe'
[35m[AndroidDriver][39m Retrieving device list
[35m[AndroidDriver][39m Using device: RR8N605F11Y
[35m[ADB][39m Using 'adb.exe' from 'C:\Users\Nia Yusniati\.katalon\tools\android_sdk\platform-tools\adb.exe'
[35m[ADB][39m Getting device platform version
[35m[UiAutomator2][39m Relaxing hidden api policy
[35m[AndroidDriver][39m No app sent in, not parsing package/activity
[35m[ADB][39m Using 'apksigner.jar' from 'C:\Users\Nia Yusniati\.katalon\tools\android_sdk\build-tools\29.0.3\lib\apksigner.jar'
[35m[ADB][39m 'C:\Users\Nia Yusniati\AppData\Roaming\npm\node_modules\appium\node_modules\appium-uiautomator2-server\apks\appium-uiautomator2-server-v4.27.0.apk' is signed with the default certificate
[35m[ADB][39m 'C:\Users\Nia Yusniati\AppData\Roaming\npm\node_modules\appium\node_modules\appium-uiautomator2-server\apks\appium-uiautomator2-server-debug-androidTest.apk' is signed with the default certificate
[35m[UiAutomator2][39m Server packages are not going to be (re)installed
[35m[ADB][39m Adding packages ["io.appium.settings","io.appium.uiautomator2.server","io.appium.uiautomator2.server.test"] to Doze whitelist
[35m[UiAutomator2][39m Starting UIAutomator2 server 4.27.0
[35m[UiAutomator2][39m Using UIAutomator2 server from 'C:\Users\Nia Yusniati\AppData\Roaming\npm\node_modules\appium\node_modules\appium-uiautomator2-server\apks\appium-uiautomator2-server-v4.27.0.apk' and test from 'C:\Users\Nia Yusniati\AppData\Roaming\npm\node_modules\appium\node_modules\appium-uiautomator2-server\apks\appium-uiautomator2-server-debug-androidTest.apk'
[35m[UiAutomator2][39m Waiting up to 30000ms for UiAutomator2 to be online...
[35m[WD Proxy][39m socket hang up
[35m[WD Proxy][39m socket hang up
[35m[WD Proxy][39m socket hang up
[35m[WD Proxy][39m Determined the downstream protocol as 'W3C'
[35m[AndroidDriver][39m Screen already unlocked, doing nothing
[35m[UiAutomator2][39m Starting 'com.android.settings/.Settings and waiting for 'com.android.settings/.Settings'
[35m[Appium][39m New AndroidUiautomator2Driver session created successfully, session 2ab061bd-891f-488d-b93e-ac2db49dfeb8 added to master session list
[35m[HTTP][39m [37m<-- POST /wd/hub/session [39m[32m200[39m [90m10751 ms - 1158[39m
[35m[HTTP][39m [90m[39m
[35m[HTTP][39m [37m-->[39m [37mGET[39m [37m/wd/hub/session/2ab061bd-891f-488d-b93e-ac2db49dfeb8[39m
[35m[HTTP][39m [90m{}[39m
[35m[HTTP][39m [37m<-- GET /wd/hub/session/2ab061bd-891f-488d-b93e-ac2db49dfeb8 [39m[32m200[39m [90m14 ms - 1112[39m
[35m[HTTP][39m [90m[39m
[35m[HTTP][39m [37m-->[39m [37mGET[39m [37m/wd/hub/session/2ab061bd-891f-488d-b93e-ac2db49dfeb8[39m
[35m[HTTP][39m [90m{}[39m
[35m[HTTP][39m [37m<-- GET /wd/hub/session/2ab061bd-891f-488d-b93e-ac2db49dfeb8 [39m[32m200[39m [90m15 ms - 1112[39m
[35m[HTTP][39m [90m[39m
[35m[HTTP][39m [37m-->[39m [37mGET[39m [37m/wd/hub/status[39m
[35m[HTTP][39m [90m{}[39m
[35m[HTTP][39m [37m<-- GET /wd/hub/status [39m[32m200[39m [90m1 ms - 68[39m
[35m[HTTP][39m [90m[39m
[35m[HTTP][39m [37m-->[39m [37mPOST[39m [37m/wd/hub/session/2ab061bd-891f-488d-b93e-ac2db49dfeb8/timeouts[39m
[35m[HTTP][39m [90m{"implicit":30000}[39m
[35m[HTTP][39m [37m<-- POST /wd/hub/session/2ab061bd-891f-488d-b93e-ac2db49dfeb8/timeouts [39m[32m200[39m [90m4 ms - 14[39m
[35m[HTTP][39m [90m[39m
[35m[HTTP][39m [37m-->[39m [37mGET[39m [37m/wd/hub/session/2ab061bd-891f-488d-b93e-ac2db49dfeb8/screenshot[39m
[35m[HTTP][39m [90m{}[39m
[35m[HTTP][39m [37m<-- GET /wd/hub/session/2ab061bd-891f-488d-b93e-ac2db49dfeb8/screenshot [39m[32m200[39m [90m539 ms - 224284[39m
[35m[HTTP][39m [90m[39m
[35m[HTTP][39m [37m-->[39m [37mGET[39m [37m/wd/hub/session/2ab061bd-891f-488d-b93e-ac2db49dfeb8/window/rect[39m
[35m[HTTP][39m [90m{}[39m
[35m[HTTP][39m [37m<-- GET /wd/hub/session/2ab061bd-891f-488d-b93e-ac2db49dfeb8/window/rect [39m[32m200[39m [90m19 ms - 50[39m
[35m[HTTP][39m [90m[39m
[35m[HTTP][39m [37m-->[39m [37mGET[39m [37m/wd/hub/session/2ab061bd-891f-488d-b93e-ac2db49dfeb8/appium/device/system_bars[39m
[35m[HTTP][39m [90m{}[39m
[35m[HTTP][39m [37m<-- GET /wd/hub/session/2ab061bd-891f-488d-b93e-ac2db49dfeb8/appium/device/system_bars [39m[32m200[39m [90m122 ms - 148[39m
[35m[HTTP][39m [90m[39m
[35m[HTTP][39m [37m-->[39m [37mPOST[39m [37m/wd/hub/session/2ab061bd-891f-488d-b93e-ac2db49dfeb8/appium/device/activate_app[39m
[35m[HTTP][39m [90m{"bundleId":"bcaf.crm.kkb.saleskit"}[39m
[35m[HTTP][39m [37m<-- POST /wd/hub/session/2ab061bd-891f-488d-b93e-ac2db49dfeb8/appium/device/activate_app [39m[32m200[39m [90m590 ms - 14[39m
[35m[HTTP][39m [90m[39m
[35m[HTTP][39m [37m-->[39m [37mGET[39m [37m/wd/hub/session/2ab061bd-891f-488d-b93e-ac2db49dfeb8/context[39m
[35m[HTTP][39m [90m{}[39m
[35m[HTTP][39m [37m<-- GET /wd/hub/session/2ab061bd-891f-488d-b93e-ac2db49dfeb8/context [39m[32m200[39m [90m2 ms - 22[39m
[35m[HTTP][39m [90m[39m
[35m[HTTP][39m [37m-->[39m [37mGET[39m [37m/wd/hub/session/2ab061bd-891f-488d-b93e-ac2db49dfeb8/contexts[39m
[35m[HTTP][39m [90m{}[39m
[35m[HTTP][39m [37m<-- GET /wd/hub/session/2ab061bd-891f-488d-b93e-ac2db49dfeb8/contexts [39m[32m200[39m [90m231 ms - 41[39m
[35m[HTTP][39m [90m[39m
[35m[HTTP][39m [37m-->[39m [37mPOST[39m [37m/wd/hub/session/2ab061bd-891f-488d-b93e-ac2db49dfeb8/context[39m
[35m[HTTP][39m [90m{"name":"NATIVE_APP"}[39m
[35m[HTTP][39m [37m<-- POST /wd/hub/session/2ab061bd-891f-488d-b93e-ac2db49dfeb8/context [39m[32m200[39m [90m3 ms - 14[39m
[35m[HTTP][39m [90m[39m
[35m[HTTP][39m [37m-->[39m [37mPOST[39m [37m/wd/hub/session/2ab061bd-891f-488d-b93e-ac2db49dfeb8/touch/perform[39m
[35m[HTTP][39m [90m{"actions":[{"action":"press","options":{"x":300,"y":500}},{"action":"wait","options":{"ms":500}},{"action":"moveTo","options":{"x":0,"y":500}},{"action":"release","options":{}}]}[39m
[35m[HTTP][39m [37m<-- POST /wd/hub/session/2ab061bd-891f-488d-b93e-ac2db49dfeb8/touch/perform [39m[32m200[39m [90m1099 ms - 14[39m
[35m[HTTP][39m [90m[39m
[35m[HTTP][39m [37m-->[39m [37mPOST[39m [37m/wd/hub/session/2ab061bd-891f-488d-b93e-ac2db49dfeb8/context[39m
[35m[HTTP][39m [90m{"name":"NATIVE_APP"}[39m
[35m[HTTP][39m [37m<-- POST /wd/hub/session/2ab061bd-891f-488d-b93e-ac2db49dfeb8/context [39m[32m200[39m [90m2 ms - 14[39m
[35m[HTTP][39m [90m[39m
[35m[HTTP][39m [37m-->[39m [37mGET[39m [37m/wd/hub/session/2ab061bd-891f-488d-b93e-ac2db49dfeb8/context[39m
[35m[HTTP][39m [90m{}[39m
[35m[HTTP][39m [37m<-- GET /wd/hub/session/2ab061bd-891f-488d-b93e-ac2db49dfeb8/context [39m[32m200[39m [90m2 ms - 22[39m
[35m[HTTP][39m [90m[39m
[35m[HTTP][39m [37m-->[39m [37mGET[39m [37m/wd/hub/session/2ab061bd-891f-488d-b93e-ac2db49dfeb8/contexts[39m
[35m[HTTP][39m [90m{}[39m
[35m[HTTP][39m [37m<-- GET /wd/hub/session/2ab061bd-891f-488d-b93e-ac2db49dfeb8/contexts [39m[32m200[39m [90m177 ms - 41[39m
[35m[HTTP][39m [90m[39m
[35m[HTTP][39m [37m-->[39m [37mPOST[39m [37m/wd/hub/session/2ab061bd-891f-488d-b93e-ac2db49dfeb8/context[39m
[35m[HTTP][39m [90m{"name":"NATIVE_APP"}[39m
[35m[HTTP][39m [37m<-- POST /wd/hub/session/2ab061bd-891f-488d-b93e-ac2db49dfeb8/context [39m[32m200[39m [90m2 ms - 14[39m
[35m[HTTP][39m [90m[39m
[35m[HTTP][39m [37m-->[39m [37mGET[39m [37m/wd/hub/session/2ab061bd-891f-488d-b93e-ac2db49dfeb8/window/rect[39m
[35m[HTTP][39m [90m{}[39m
[35m[HTTP][39m [37m<-- GET /wd/hub/session/2ab061bd-891f-488d-b93e-ac2db49dfeb8/window/rect [39m[32m200[39m [90m16 ms - 50[39m
[35m[HTTP][39m [90m[39m
[35m[HTTP][39m [37m-->[39m [37mPOST[39m [37m/wd/hub/session/2ab061bd-891f-488d-b93e-ac2db49dfeb8/execute/sync[39m
[35m[HTTP][39m [90m{"script":"mobile: viewportScreenshot","args":[]}[39m
[35m[AndroidDriver][39m Executing native command 'mobile: viewportScreenshot'
[35m[HTTP][39m [37m<-- POST /wd/hub/session/2ab061bd-891f-488d-b93e-ac2db49dfeb8/execute/sync [39m[32m200[39m [90m1257 ms - 265216[39m
[35m[HTTP][39m [90m[39m
[35m[HTTP][39m [37m-->[39m [37mPOST[39m [37m/wd/hub/session/2ab061bd-891f-488d-b93e-ac2db49dfeb8/context[39m
[35m[HTTP][39m [90m{"name":"NATIVE_APP"}[39m
[35m[HTTP][39m [37m<-- POST /wd/hub/session/2ab061bd-891f-488d-b93e-ac2db49dfeb8/context [39m[32m200[39m [90m2 ms - 14[39m
[35m[HTTP][39m [90m[39m
[35m[HTTP][39m [37m-->[39m [37mPOST[39m [37m/wd/hub/session/2ab061bd-891f-488d-b93e-ac2db49dfeb8/timeouts[39m
[35m[HTTP][39m [90m{"implicit":50}[39m
[35m[HTTP][39m [37m<-- POST /wd/hub/session/2ab061bd-891f-488d-b93e-ac2db49dfeb8/timeouts [39m[32m200[39m [90m2 ms - 14[39m
[35m[HTTP][39m [90m[39m
[35m[HTTP][39m [37m-->[39m [37mGET[39m [37m/wd/hub/session/2ab061bd-891f-488d-b93e-ac2db49dfeb8/window/rect[39m
[35m[HTTP][39m [90m{}[39m
[35m[HTTP][39m [37m<-- GET /wd/hub/session/2ab061bd-891f-488d-b93e-ac2db49dfeb8/window/rect [39m[32m200[39m [90m22 ms - 50[39m
[35m[HTTP][39m [90m[39m
[35m[HTTP][39m [37m-->[39m [37mPOST[39m [37m/wd/hub/session/2ab061bd-891f-488d-b93e-ac2db49dfeb8/elements[39m
[35m[HTTP][39m [90m{"using":"xpath","value":"//hierarchy/android.widget.FrameLayout[1]/android.widget.LinearLayout[1]/android.widget.FrameLayout[1]/android.widget.FrameLayout[1]/android.widget.FrameLayout[1]/android.view.ViewGroup[1]/android.widget.FrameLayout[1]/android.view.ViewGroup[1]/android.view.ViewGroup[1]/android.widget.ScrollView[1]/android.widget.LinearLayout[1]/android.widget.LinearLayout[1]/android.view.ViewGroup[1]/android.widget.FrameLayout[1]/androidx.recyclerview.widget.RecyclerView[1]/android.view.ViewGroup[5]/android.widget.ImageView[1]"}[39m
[35m[HTTP][39m [37m<-- POST /wd/hub/session/2ab061bd-891f-488d-b93e-ac2db49dfeb8/elements [39m[32m200[39m [90m649 ms - 139[39m
[35m[HTTP][39m [90m[39m
[35m[HTTP][39m [37m-->[39m [37mGET[39m [37m/wd/hub/session/2ab061bd-891f-488d-b93e-ac2db49dfeb8/element/00000000-0000-0519-ffff-ffff00000645/location[39m
[35m[HTTP][39m [90m{}[39m
[35m[W3C (2ab061bd)][39m Driver proxy active, passing request on via HTTP proxy
[35m[WD Proxy][39m Replacing sessionId d263ef4e-fe64-4e0d-b7b2-30bad35bb0a5 with 2ab061bd-891f-488d-b93e-ac2db49dfeb8
[35m[HTTP][39m [37m<-- GET /wd/hub/session/2ab061bd-891f-488d-b93e-ac2db49dfeb8/element/00000000-0000-0519-ffff-ffff00000645/location [39m[32m200[39m [90m28 ms - 78[39m
[35m[HTTP][39m [90m[39m
[35m[HTTP][39m [37m-->[39m [37mPOST[39m [37m/wd/hub/session/2ab061bd-891f-488d-b93e-ac2db49dfeb8/timeouts[39m
[35m[HTTP][39m [90m{"implicit":30000}[39m
[35m[HTTP][39m [37m<-- POST /wd/hub/session/2ab061bd-891f-488d-b93e-ac2db49dfeb8/timeouts [39m[32m200[39m [90m1 ms - 14[39m
[35m[HTTP][39m [90m[39m
[35m[HTTP][39m [37m-->[39m [37mPOST[39m [37m/wd/hub/session/2ab061bd-891f-488d-b93e-ac2db49dfeb8/touch/perform[39m
[35m[HTTP][39m [90m{"actions":[{"action":"tap","options":{"x":1,"y":1,"element":"00000000-0000-0519-ffff-ffff00000645"}},{"action":"release","options":{}}]}[39m
[35m[UiAutomator2][39m calling get location: 00000000-0000-0519-ffff-ffff00000645
[35m[HTTP][39m [37m<-- POST /wd/hub/session/2ab061bd-891f-488d-b93e-ac2db49dfeb8/touch/perform [39m[32m200[39m [90m211 ms - 14[39m
[35m[HTTP][39m [90m[39m
[35m[HTTP][39m [37m-->[39m [37mGET[39m [37m/wd/hub/session/2ab061bd-891f-488d-b93e-ac2db49dfeb8/context[39m
[35m[HTTP][39m [90m{}[39m
[35m[HTTP][39m [37m<-- GET /wd/hub/session/2ab061bd-891f-488d-b93e-ac2db49dfeb8/context [39m[32m200[39m [90m2 ms - 22[39m
[35m[HTTP][39m [90m[39m
[35m[HTTP][39m [37m-->[39m [37mGET[39m [37m/wd/hub/session/2ab061bd-891f-488d-b93e-ac2db49dfeb8/contexts[39m
[35m[HTTP][39m [90m{}[39m
[35m[HTTP][39m [37m<-- GET /wd/hub/session/2ab061bd-891f-488d-b93e-ac2db49dfeb8/contexts [39m[32m200[39m [90m212 ms - 41[39m
[35m[HTTP][39m [90m[39m
[35m[HTTP][39m [37m-->[39m [37mPOST[39m [37m/wd/hub/session/2ab061bd-891f-488d-b93e-ac2db49dfeb8/context[39m
[35m[HTTP][39m [90m{"name":"NATIVE_APP"}[39m
[35m[HTTP][39m [37m<-- POST /wd/hub/session/2ab061bd-891f-488d-b93e-ac2db49dfeb8/context [39m[32m200[39m [90m2 ms - 14[39m
[35m[HTTP][39m [90m[39m
[35m[HTTP][39m [37m-->[39m [37mGET[39m [37m/wd/hub/session/2ab061bd-891f-488d-b93e-ac2db49dfeb8/window/rect[39m
[35m[HTTP][39m [90m{}[39m
[35m[HTTP][39m [37m<-- GET /wd/hub/session/2ab061bd-891f-488d-b93e-ac2db49dfeb8/window/rect [39m[32m200[39m [90m49 ms - 50[39m
[35m[HTTP][39m [90m[39m
[35m[HTTP][39m [37m-->[39m [37mPOST[39m [37m/wd/hub/session/2ab061bd-891f-488d-b93e-ac2db49dfeb8/execute/sync[39m
[35m[HTTP][39m [90m{"script":"mobile: viewportScreenshot","args":[]}[39m
[35m[AndroidDriver][39m Executing native command 'mobile: viewportScreenshot'
[35m[HTTP][39m [37m<-- POST /wd/hub/session/2ab061bd-891f-488d-b93e-ac2db49dfeb8/execute/sync [39m[32m200[39m [90m1286 ms - 288352[39m
[35m[HTTP][39m [90m[39m
[35m[HTTP][39m [37m-->[39m [37mPOST[39m [37m/wd/hub/session/2ab061bd-891f-488d-b93e-ac2db49dfeb8/context[39m
[35m[HTTP][39m [90m{"name":"NATIVE_APP"}[39m
[35m[HTTP][39m [37m<-- POST /wd/hub/session/2ab061bd-891f-488d-b93e-ac2db49dfeb8/context [39m[32m200[39m [90m2 ms - 14[39m
[35m[HTTP][39m [90m[39m
[35m[HTTP][39m [37m-->[39m [37mPOST[39m [37m/wd/hub/session/2ab061bd-891f-488d-b93e-ac2db49dfeb8/timeouts[39m
[35m[HTTP][39m [90m{"implicit":50}[39m
[35m[HTTP][39m [37m<-- POST /wd/hub/session/2ab061bd-891f-488d-b93e-ac2db49dfeb8/timeouts [39m[32m200[39m [90m2 ms - 14[39m
[35m[HTTP][39m [90m[39m
[35m[HTTP][39m [37m-->[39m [37mGET[39m [37m/wd/hub/session/2ab061bd-891f-488d-b93e-ac2db49dfeb8/window/rect[39m
[35m[HTTP][39m [90m{}[39m
[35m[HTTP][39m [37m<-- GET /wd/hub/session/2ab061bd-891f-488d-b93e-ac2db49dfeb8/window/rect [39m[32m200[39m [90m46 ms - 50[39m
[35m[HTTP][39m [90m[39m
[35m[HTTP][39m [37m-->[39m [37mPOST[39m [37m/wd/hub/session/2ab061bd-891f-488d-b93e-ac2db49dfeb8/elements[39m
[35m[HTTP][39m [90m{"using":"xpath","value":"//*[@class = 'android.widget.TextView' and (@text = 'Input Pencarian' or . = 'Input Pencarian') and @resource-id = 'bcaf.crm.kkb.saleskit:id/textSearchKcuKcp']"}[39m
[35m[HTTP][39m [37m<-- POST /wd/hub/session/2ab061bd-891f-488d-b93e-ac2db49dfeb8/elements [39m[32m200[39m [90m359 ms - 139[39m
[35m[HTTP][39m [90m[39m
[35m[HTTP][39m [37m-->[39m [37mGET[39m [37m/wd/hub/session/2ab061bd-891f-488d-b93e-ac2db49dfeb8/element/00000000-0000-0525-ffff-ffff00000670/location[39m
[35m[HTTP][39m [90m{}[39m
[35m[W3C (2ab061bd)][39m Driver proxy active, passing request on via HTTP proxy
[35m[WD Proxy][39m Replacing sessionId d263ef4e-fe64-4e0d-b7b2-30bad35bb0a5 with 2ab061bd-891f-488d-b93e-ac2db49dfeb8
[35m[HTTP][39m [37m<-- GET /wd/hub/session/2ab061bd-891f-488d-b93e-ac2db49dfeb8/element/00000000-0000-0525-ffff-ffff00000670/location [39m[32m200[39m [90m39 ms - 78[39m
[35m[HTTP][39m [90m[39m
[35m[HTTP][39m [37m-->[39m [37mPOST[39m [37m/wd/hub/session/2ab061bd-891f-488d-b93e-ac2db49dfeb8/timeouts[39m
[35m[HTTP][39m [90m{"implicit":30000}[39m
[35m[HTTP][39m [37m<-- POST /wd/hub/session/2ab061bd-891f-488d-b93e-ac2db49dfeb8/timeouts [39m[32m200[39m [90m2 ms - 14[39m
[35m[HTTP][39m [90m[39m
[35m[HTTP][39m [37m-->[39m [37mPOST[39m [37m/wd/hub/session/2ab061bd-891f-488d-b93e-ac2db49dfeb8/touch/perform[39m
[35m[HTTP][39m [90m{"actions":[{"action":"tap","options":{"x":1,"y":1,"element":"00000000-0000-0525-ffff-ffff00000670"}},{"action":"release","options":{}}]}[39m
[35m[UiAutomator2][39m calling get location: 00000000-0000-0525-ffff-ffff00000670
[35m[HTTP][39m [37m<-- POST /wd/hub/session/2ab061bd-891f-488d-b93e-ac2db49dfeb8/touch/perform [39m[32m200[39m [90m226 ms - 14[39m
[35m[HTTP][39m [90m[39m
[35m[HTTP][39m [37m-->[39m [37mPOST[39m [37m/wd/hub/session/2ab061bd-891f-488d-b93e-ac2db49dfeb8/timeouts[39m
[35m[HTTP][39m [90m{"implicit":50}[39m
[35m[HTTP][39m [37m<-- POST /wd/hub/session/2ab061bd-891f-488d-b93e-ac2db49dfeb8/timeouts [39m[32m200[39m [90m1 ms - 14[39m
[35m[HTTP][39m [90m[39m
[35m[HTTP][39m [37m-->[39m [37mGET[39m [37m/wd/hub/session/2ab061bd-891f-488d-b93e-ac2db49dfeb8/window/rect[39m
[35m[HTTP][39m [90m{}[39m
[35m[HTTP][39m [37m<-- GET /wd/hub/session/2ab061bd-891f-488d-b93e-ac2db49dfeb8/window/rect [39m[32m200[39m [90m15 ms - 50[39m
[35m[HTTP][39m [90m[39m
[35m[HTTP][39m [37m-->[39m [37mPOST[39m [37m/wd/hub/session/2ab061bd-891f-488d-b93e-ac2db49dfeb8/elements[39m
[35m[HTTP][39m [90m{"using":"xpath","value":"//*[@class = 'android.widget.EditText' and @resource-id = 'bcaf.crm.kkb.saleskit:id/editKcuKcp' and (@text = '' or . = '')]"}[39m
[35m[HTTP][39m [37m<-- POST /wd/hub/session/2ab061bd-891f-488d-b93e-ac2db49dfeb8/elements [39m[32m200[39m [90m1041 ms - 139[39m
[35m[HTTP][39m [90m[39m
[35m[HTTP][39m [37m-->[39m [37mGET[39m [37m/wd/hub/session/2ab061bd-891f-488d-b93e-ac2db49dfeb8/element/00000000-0000-0526-ffff-ffff000006a0/location[39m
[35m[HTTP][39m [90m{}[39m
[35m[W3C (2ab061bd)][39m Driver proxy active, passing request on via HTTP proxy
[35m[WD Proxy][39m Replacing sessionId d263ef4e-fe64-4e0d-b7b2-30bad35bb0a5 with 2ab061bd-891f-488d-b93e-ac2db49dfeb8
[35m[HTTP][39m [37m<-- GET /wd/hub/session/2ab061bd-891f-488d-b93e-ac2db49dfeb8/element/00000000-0000-0526-ffff-ffff000006a0/location [39m[32m200[39m [90m38 ms - 78[39m
[35m[HTTP][39m [90m[39m
[35m[HTTP][39m [37m-->[39m [37mPOST[39m [37m/wd/hub/session/2ab061bd-891f-488d-b93e-ac2db49dfeb8/timeouts[39m
[35m[HTTP][39m [90m{"implicit":30000}[39m
[35m[HTTP][39m [37m<-- POST /wd/hub/session/2ab061bd-891f-488d-b93e-ac2db49dfeb8/timeouts [39m[32m200[39m [90m1 ms - 14[39m
[35m[HTTP][39m [90m[39m
[35m[HTTP][39m [37m-->[39m [37mPOST[39m [37m/wd/hub/session/2ab061bd-891f-488d-b93e-ac2db49dfeb8/element/00000000-0000-0526-ffff-ffff000006a0/clear[39m
[35m[HTTP][39m [90m{"id":"00000000-0000-0526-ffff-ffff000006a0"}[39m
[35m[HTTP][39m [37m<-- POST /wd/hub/session/2ab061bd-891f-488d-b93e-ac2db49dfeb8/element/00000000-0000-0526-ffff-ffff000006a0/clear [39m[32m200[39m [90m52 ms - 14[39m
[35m[HTTP][39m [90m[39m
[35m[HTTP][39m [37m-->[39m [37mPOST[39m [37m/wd/hub/session/2ab061bd-891f-488d-b93e-ac2db49dfeb8/element/00000000-0000-0526-ffff-ffff000006a0/value[39m
[35m[HTTP][39m [90m{"id":"00000000-0000-0526-ffff-ffff000006a0","text":"(KCU) SOLO SLAMET RIYADI","value":["(","K","C","U",")"," ","S","O","L","O"," ","S","L","A","M","E","T"," ","R","I","Y","A","D","I"]}[39m
[35m[HTTP][39m [37m<-- POST /wd/hub/session/2ab061bd-891f-488d-b93e-ac2db49dfeb8/element/00000000-0000-0526-ffff-ffff000006a0/value [39m[32m200[39m [90m584 ms - 14[39m
[35m[HTTP][39m [90m[39m
[35m[HTTP][39m [37m-->[39m [37mPOST[39m [37m/wd/hub/session/2ab061bd-891f-488d-b93e-ac2db49dfeb8/timeouts[39m
[35m[HTTP][39m [90m{"implicit":50}[39m
[35m[HTTP][39m [37m<-- POST /wd/hub/session/2ab061bd-891f-488d-b93e-ac2db49dfeb8/timeouts [39m[32m200[39m [90m2 ms - 14[39m
[35m[HTTP][39m [90m[39m
[35m[HTTP][39m [37m-->[39m [37mGET[39m [37m/wd/hub/session/2ab061bd-891f-488d-b93e-ac2db49dfeb8/window/rect[39m
[35m[HTTP][39m [90m{}[39m
[35m[HTTP][39m [37m<-- GET /wd/hub/session/2ab061bd-891f-488d-b93e-ac2db49dfeb8/window/rect [39m[32m200[39m [90m30 ms - 50[39m
[35m[HTTP][39m [90m[39m
[35m[HTTP][39m [37m-->[39m [37mPOST[39m [37m/wd/hub/session/2ab061bd-891f-488d-b93e-ac2db49dfeb8/elements[39m
[35m[HTTP][39m [90m{"using":"xpath","value":"//*[@class = 'android.widget.EditText' and @resource-id = 'bcaf.crm.kkb.saleskit:id/editCustomer' and (@text = '' or . = '')]"}[39m
[35m[HTTP][39m [37m<-- POST /wd/hub/session/2ab061bd-891f-488d-b93e-ac2db49dfeb8/elements [39m[32m200[39m [90m573 ms - 139[39m
[35m[HTTP][39m [90m[39m
[35m[HTTP][39m [37m-->[39m [37mGET[39m [37m/wd/hub/session/2ab061bd-891f-488d-b93e-ac2db49dfeb8/element/00000000-0000-0526-ffff-ffff000006a4/location[39m
[35m[HTTP][39m [90m{}[39m
[35m[W3C (2ab061bd)][39m Driver proxy active, passing request on via HTTP proxy
[35m[WD Proxy][39m Replacing sessionId d263ef4e-fe64-4e0d-b7b2-30bad35bb0a5 with 2ab061bd-891f-488d-b93e-ac2db49dfeb8
[35m[HTTP][39m [37m<-- GET /wd/hub/session/2ab061bd-891f-488d-b93e-ac2db49dfeb8/element/00000000-0000-0526-ffff-ffff000006a4/location [39m[32m200[39m [90m36 ms - 78[39m
[35m[HTTP][39m [90m[39m
[35m[HTTP][39m [37m-->[39m [37mPOST[39m [37m/wd/hub/session/2ab061bd-891f-488d-b93e-ac2db49dfeb8/timeouts[39m
[35m[HTTP][39m [90m{"implicit":30000}[39m
[35m[HTTP][39m [37m<-- POST /wd/hub/session/2ab061bd-891f-488d-b93e-ac2db49dfeb8/timeouts [39m[32m200[39m [90m1 ms - 14[39m
[35m[HTTP][39m [90m[39m
[35m[HTTP][39m [37m-->[39m [37mPOST[39m [37m/wd/hub/session/2ab061bd-891f-488d-b93e-ac2db49dfeb8/element/00000000-0000-0526-ffff-ffff000006a4/clear[39m
[35m[HTTP][39m [90m{"id":"00000000-0000-0526-ffff-ffff000006a4"}[39m
[35m[HTTP][39m [37m<-- POST /wd/hub/session/2ab061bd-891f-488d-b93e-ac2db49dfeb8/element/00000000-0000-0526-ffff-ffff000006a4/clear [39m[32m200[39m [90m52 ms - 14[39m
[35m[HTTP][39m [90m[39m
[35m[HTTP][39m [37m-->[39m [37mPOST[39m [37m/wd/hub/session/2ab061bd-891f-488d-b93e-ac2db49dfeb8/element/00000000-0000-0526-ffff-ffff000006a4/value[39m
[35m[HTTP][39m [90m{"id":"00000000-0000-0526-ffff-ffff000006a4","text":"Test Tracking","value":["T","e","s","t"," ","T","r","a","c","k","i","n","g"]}[39m
[35m[HTTP][39m [37m<-- POST /wd/hub/session/2ab061bd-891f-488d-b93e-ac2db49dfeb8/element/00000000-0000-0526-ffff-ffff000006a4/value [39m[32m200[39m [90m538 ms - 14[39m
[35m[HTTP][39m [90m[39m
[35m[HTTP][39m [37m-->[39m [37mGET[39m [37m/wd/hub/session/2ab061bd-891f-488d-b93e-ac2db49dfeb8/context[39m
[35m[HTTP][39m [90m{}[39m
[35m[HTTP][39m [37m<-- GET /wd/hub/session/2ab061bd-891f-488d-b93e-ac2db49dfeb8/context [39m[32m200[39m [90m2 ms - 22[39m
[35m[HTTP][39m [90m[39m
[35m[HTTP][39m [37m-->[39m [37mGET[39m [37m/wd/hub/session/2ab061bd-891f-488d-b93e-ac2db49dfeb8/contexts[39m
[35m[HTTP][39m [90m{}[39m
[35m[HTTP][39m [37m<-- GET /wd/hub/session/2ab061bd-891f-488d-b93e-ac2db49dfeb8/contexts [39m[32m200[39m [90m205 ms - 41[39m
[35m[HTTP][39m [90m[39m
[35m[HTTP][39m [37m-->[39m [37mPOST[39m [37m/wd/hub/session/2ab061bd-891f-488d-b93e-ac2db49dfeb8/context[39m
[35m[HTTP][39m [90m{"name":"NATIVE_APP"}[39m
[35m[HTTP][39m [37m<-- POST /wd/hub/session/2ab061bd-891f-488d-b93e-ac2db49dfeb8/context [39m[32m200[39m [90m1 ms - 14[39m
[35m[HTTP][39m [90m[39m
[35m[HTTP][39m [37m-->[39m [37mGET[39m [37m/wd/hub/session/2ab061bd-891f-488d-b93e-ac2db49dfeb8/window/rect[39m
[35m[HTTP][39m [90m{}[39m
[35m[HTTP][39m [37m<-- GET /wd/hub/session/2ab061bd-891f-488d-b93e-ac2db49dfeb8/window/rect [39m[32m200[39m [90m23 ms - 50[39m
[35m[HTTP][39m [90m[39m
[35m[HTTP][39m [37m-->[39m [37mPOST[39m [37m/wd/hub/session/2ab061bd-891f-488d-b93e-ac2db49dfeb8/execute/sync[39m
[35m[HTTP][39m [90m{"script":"mobile: viewportScreenshot","args":[]}[39m
[35m[AndroidDriver][39m Executing native command 'mobile: viewportScreenshot'
[35m[HTTP][39m [37m<-- POST /wd/hub/session/2ab061bd-891f-488d-b93e-ac2db49dfeb8/execute/sync [39m[32m200[39m [90m1261 ms - 168516[39m
[35m[HTTP][39m [90m[39m
[35m[HTTP][39m [37m-->[39m [37mPOST[39m [37m/wd/hub/session/2ab061bd-891f-488d-b93e-ac2db49dfeb8/context[39m
[35m[HTTP][39m [90m{"name":"NATIVE_APP"}[39m
[35m[HTTP][39m [37m<-- POST /wd/hub/session/2ab061bd-891f-488d-b93e-ac2db49dfeb8/context [39m[32m200[39m [90m2 ms - 14[39m
[35m[HTTP][39m [90m[39m
[35m[HTTP][39m [37m-->[39m [37mPOST[39m [37m/wd/hub/session/2ab061bd-891f-488d-b93e-ac2db49dfeb8/timeouts[39m
[35m[HTTP][39m [90m{"implicit":50}[39m
[35m[HTTP][39m [37m<-- POST /wd/hub/session/2ab061bd-891f-488d-b93e-ac2db49dfeb8/timeouts [39m[32m200[39m [90m2 ms - 14[39m
[35m[HTTP][39m [90m[39m
[35m[HTTP][39m [37m-->[39m [37mGET[39m [37m/wd/hub/session/2ab061bd-891f-488d-b93e-ac2db49dfeb8/window/rect[39m
[35m[HTTP][39m [90m{}[39m
[35m[HTTP][39m [37m<-- GET /wd/hub/session/2ab061bd-891f-488d-b93e-ac2db49dfeb8/window/rect [39m[32m200[39m [90m41 ms - 50[39m
[35m[HTTP][39m [90m[39m
[35m[HTTP][39m [37m-->[39m [37mPOST[39m [37m/wd/hub/session/2ab061bd-891f-488d-b93e-ac2db49dfeb8/elements[39m
[35m[HTTP][39m [90m{"using":"xpath","value":"//*[@class = 'android.widget.Button' and (@text = 'Cari' or . = 'Cari') and @resource-id = 'bcaf.crm.kkb.saleskit:id/buttonSearch']"}[39m
[35m[HTTP][39m [37m<-- POST /wd/hub/session/2ab061bd-891f-488d-b93e-ac2db49dfeb8/elements [39m[32m200[39m [90m706 ms - 139[39m
[35m[HTTP][39m [90m[39m
[35m[HTTP][39m [37m-->[39m [37mGET[39m [37m/wd/hub/session/2ab061bd-891f-488d-b93e-ac2db49dfeb8/element/00000000-0000-0526-ffff-ffff000006a9/location[39m
[35m[HTTP][39m [90m{}[39m
[35m[W3C (2ab061bd)][39m Driver proxy active, passing request on via HTTP proxy
[35m[WD Proxy][39m Replacing sessionId d263ef4e-fe64-4e0d-b7b2-30bad35bb0a5 with 2ab061bd-891f-488d-b93e-ac2db49dfeb8
[35m[HTTP][39m [37m<-- GET /wd/hub/session/2ab061bd-891f-488d-b93e-ac2db49dfeb8/element/00000000-0000-0526-ffff-ffff000006a9/location [39m[32m200[39m [90m27 ms - 79[39m
[35m[HTTP][39m [90m[39m
[35m[HTTP][39m [37m-->[39m [37mPOST[39m [37m/wd/hub/session/2ab061bd-891f-488d-b93e-ac2db49dfeb8/timeouts[39m
[35m[HTTP][39m [90m{"implicit":30000}[39m
[35m[HTTP][39m [37m<-- POST /wd/hub/session/2ab061bd-891f-488d-b93e-ac2db49dfeb8/timeouts [39m[32m200[39m [90m2 ms - 14[39m
[35m[HTTP][39m [90m[39m
[35m[HTTP][39m [37m-->[39m [37mPOST[39m [37m/wd/hub/session/2ab061bd-891f-488d-b93e-ac2db49dfeb8/touch/perform[39m
[35m[HTTP][39m [90m{"actions":[{"action":"tap","options":{"x":1,"y":1,"element":"00000000-0000-0526-ffff-ffff000006a9"}},{"action":"release","options":{}}]}[39m
[35m[UiAutomator2][39m calling get location: 00000000-0000-0526-ffff-ffff000006a9
[35m[HTTP][39m [37m<-- POST /wd/hub/session/2ab061bd-891f-488d-b93e-ac2db49dfeb8/touch/perform [39m[32m200[39m [90m236 ms - 14[39m
[35m[HTTP][39m [90m[39m
[35m[HTTP][39m [37m-->[39m [37mGET[39m [37m/wd/hub/session/2ab061bd-891f-488d-b93e-ac2db49dfeb8/context[39m
[35m[HTTP][39m [90m{}[39m
[35m[HTTP][39m [37m<-- GET /wd/hub/session/2ab061bd-891f-488d-b93e-ac2db49dfeb8/context [39m[32m200[39m [90m2 ms - 22[39m
[35m[HTTP][39m [90m[39m
[35m[HTTP][39m [37m-->[39m [37mGET[39m [37m/wd/hub/session/2ab061bd-891f-488d-b93e-ac2db49dfeb8/contexts[39m
[35m[HTTP][39m [90m{}[39m
[35m[HTTP][39m [37m<-- GET /wd/hub/session/2ab061bd-891f-488d-b93e-ac2db49dfeb8/contexts [39m[32m200[39m [90m218 ms - 41[39m
[35m[HTTP][39m [90m[39m
[35m[HTTP][39m [37m-->[39m [37mPOST[39m [37m/wd/hub/session/2ab061bd-891f-488d-b93e-ac2db49dfeb8/context[39m
[35m[HTTP][39m [90m{"name":"NATIVE_APP"}[39m
[35m[HTTP][39m [37m<-- POST /wd/hub/session/2ab061bd-891f-488d-b93e-ac2db49dfeb8/context [39m[32m200[39m [90m1 ms - 14[39m
[35m[HTTP][39m [90m[39m
[35m[HTTP][39m [37m-->[39m [37mPOST[39m [37m/wd/hub/session/2ab061bd-891f-488d-b93e-ac2db49dfeb8/touch/perform[39m
[35m[HTTP][39m [90m{"actions":[{"action":"press","options":{"x":0,"y":1000}},{"action":"wait","options":{"ms":500}},{"action":"moveTo","options":{"x":0,"y":500}},{"action":"release","options":{}}]}[39m
[35m[HTTP][39m [37m<-- POST /wd/hub/session/2ab061bd-891f-488d-b93e-ac2db49dfeb8/touch/perform [39m[32m200[39m [90m1081 ms - 14[39m
[35m[HTTP][39m [90m[39m
[35m[HTTP][39m [37m-->[39m [37mPOST[39m [37m/wd/hub/session/2ab061bd-891f-488d-b93e-ac2db49dfeb8/context[39m
[35m[HTTP][39m [90m{"name":"NATIVE_APP"}[39m
[35m[HTTP][39m [37m<-- POST /wd/hub/session/2ab061bd-891f-488d-b93e-ac2db49dfeb8/context [39m[32m200[39m [90m3 ms - 14[39m
[35m[HTTP][39m [90m[39m
[35m[HTTP][39m [37m-->[39m [37mGET[39m [37m/wd/hub/session/2ab061bd-891f-488d-b93e-ac2db49dfeb8/context[39m
[35m[HTTP][39m [90m{}[39m
[35m[HTTP][39m [37m<-- GET /wd/hub/session/2ab061bd-891f-488d-b93e-ac2db49dfeb8/context [39m[32m200[39m [90m1 ms - 22[39m
[35m[HTTP][39m [90m[39m
[35m[HTTP][39m [37m-->[39m [37mGET[39m [37m/wd/hub/session/2ab061bd-891f-488d-b93e-ac2db49dfeb8/contexts[39m
[35m[HTTP][39m [90m{}[39m
[35m[HTTP][39m [37m<-- GET /wd/hub/session/2ab061bd-891f-488d-b93e-ac2db49dfeb8/contexts [39m[32m200[39m [90m193 ms - 41[39m
[35m[HTTP][39m [90m[39m
[35m[HTTP][39m [37m-->[39m [37mPOST[39m [37m/wd/hub/session/2ab061bd-891f-488d-b93e-ac2db49dfeb8/context[39m
[35m[HTTP][39m [90m{"name":"NATIVE_APP"}[39m
[35m[HTTP][39m [37m<-- POST /wd/hub/session/2ab061bd-891f-488d-b93e-ac2db49dfeb8/context [39m[32m200[39m [90m1 ms - 14[39m
[35m[HTTP][39m [90m[39m
[35m[HTTP][39m [37m-->[39m [37mGET[39m [37m/wd/hub/session/2ab061bd-891f-488d-b93e-ac2db49dfeb8/window/rect[39m
[35m[HTTP][39m [90m{}[39m
[35m[HTTP][39m [37m<-- GET /wd/hub/session/2ab061bd-891f-488d-b93e-ac2db49dfeb8/window/rect [39m[32m200[39m [90m30 ms - 50[39m
[35m[HTTP][39m [90m[39m
[35m[HTTP][39m [37m-->[39m [37mPOST[39m [37m/wd/hub/session/2ab061bd-891f-488d-b93e-ac2db49dfeb8/execute/sync[39m
[35m[HTTP][39m [90m{"script":"mobile: viewportScreenshot","args":[]}[39m
[35m[AndroidDriver][39m Executing native command 'mobile: viewportScreenshot'
[35m[HTTP][39m [37m<-- POST /wd/hub/session/2ab061bd-891f-488d-b93e-ac2db49dfeb8/execute/sync [39m[32m200[39m [90m1347 ms - 391352[39m
[35m[HTTP][39m [90m[39m
[35m[HTTP][39m [37m-->[39m [37mPOST[39m [37m/wd/hub/session/2ab061bd-891f-488d-b93e-ac2db49dfeb8/context[39m
[35m[HTTP][39m [90m{"name":"NATIVE_APP"}[39m
[35m[HTTP][39m [37m<-- POST /wd/hub/session/2ab061bd-891f-488d-b93e-ac2db49dfeb8/context [39m[32m200[39m [90m2 ms - 14[39m
[35m[HTTP][39m [90m[39m
[35m[HTTP][39m [37m-->[39m [37mPOST[39m [37m/wd/hub/session/2ab061bd-891f-488d-b93e-ac2db49dfeb8/timeouts[39m
[35m[HTTP][39m [90m{"implicit":50}[39m
[35m[HTTP][39m [37m<-- POST /wd/hub/session/2ab061bd-891f-488d-b93e-ac2db49dfeb8/timeouts [39m[32m200[39m [90m1 ms - 14[39m
[35m[HTTP][39m [90m[39m
[35m[HTTP][39m [37m-->[39m [37mGET[39m [37m/wd/hub/session/2ab061bd-891f-488d-b93e-ac2db49dfeb8/window/rect[39m
[35m[HTTP][39m [90m{}[39m
[35m[HTTP][39m [37m<-- GET /wd/hub/session/2ab061bd-891f-488d-b93e-ac2db49dfeb8/window/rect [39m[32m200[39m [90m36 ms - 50[39m
[35m[HTTP][39m [90m[39m
[35m[HTTP][39m [37m-->[39m [37mPOST[39m [37m/wd/hub/session/2ab061bd-891f-488d-b93e-ac2db49dfeb8/elements[39m
[35m[HTTP][39m [90m{"using":"xpath","value":"//hierarchy/android.widget.FrameLayout[1]/android.widget.LinearLayout[1]/android.widget.FrameLayout[1]/android.widget.FrameLayout[1]/android.widget.FrameLayout[1]/android.view.ViewGroup[1]/android.view.ViewGroup[1]/android.widget.ScrollView[1]/android.view.ViewGroup[1]/androidx.recyclerview.widget.RecyclerView[1]/android.widget.FrameLayout[3]/android.view.ViewGroup[1]/android.view.ViewGroup[1]/android.widget.TextView[1]"}[39m
[35m[HTTP][39m [37m<-- POST /wd/hub/session/2ab061bd-891f-488d-b93e-ac2db49dfeb8/elements [39m[32m200[39m [90m389 ms - 139[39m
[35m[HTTP][39m [90m[39m
[35m[HTTP][39m [37m-->[39m [37mGET[39m [37m/wd/hub/session/2ab061bd-891f-488d-b93e-ac2db49dfeb8/element/00000000-0000-0525-ffff-ffff000006e5/location[39m
[35m[HTTP][39m [90m{}[39m
[35m[W3C (2ab061bd)][39m Driver proxy active, passing request on via HTTP proxy
[35m[WD Proxy][39m Replacing sessionId d263ef4e-fe64-4e0d-b7b2-30bad35bb0a5 with 2ab061bd-891f-488d-b93e-ac2db49dfeb8
[35m[HTTP][39m [37m<-- GET /wd/hub/session/2ab061bd-891f-488d-b93e-ac2db49dfeb8/element/00000000-0000-0525-ffff-ffff000006e5/location [39m[32m200[39m [90m35 ms - 79[39m
[35m[HTTP][39m [90m[39m
[35m[HTTP][39m [37m-->[39m [37mPOST[39m [37m/wd/hub/session/2ab061bd-891f-488d-b93e-ac2db49dfeb8/timeouts[39m
[35m[HTTP][39m [90m{"implicit":30000}[39m
[35m[HTTP][39m [37m<-- POST /wd/hub/session/2ab061bd-891f-488d-b93e-ac2db49dfeb8/timeouts [39m[32m200[39m [90m1 ms - 14[39m
[35m[HTTP][39m [90m[39m
[35m[HTTP][39m [37m-->[39m [37mPOST[39m [37m/wd/hub/session/2ab061bd-891f-488d-b93e-ac2db49dfeb8/touch/perform[39m
[35m[HTTP][39m [90m{"actions":[{"action":"tap","options":{"x":1,"y":1,"element":"00000000-0000-0525-ffff-ffff000006e5"}},{"action":"release","options":{}}]}[39m
[35m[UiAutomator2][39m calling get location: 00000000-0000-0525-ffff-ffff000006e5
[35m[HTTP][39m [37m<-- POST /wd/hub/session/2ab061bd-891f-488d-b93e-ac2db49dfeb8/touch/perform [39m[32m200[39m [90m1337 ms - 14[39m
[35m[HTTP][39m [90m[39m
[35m[HTTP][39m [37m-->[39m [37mGET[39m [37m/wd/hub/session/2ab061bd-891f-488d-b93e-ac2db49dfeb8/context[39m
[35m[HTTP][39m [90m{}[39m
[35m[HTTP][39m [37m<-- GET /wd/hub/session/2ab061bd-891f-488d-b93e-ac2db49dfeb8/context [39m[32m200[39m [90m1 ms - 22[39m
[35m[HTTP][39m [90m[39m
[35m[HTTP][39m [37m-->[39m [37mGET[39m [37m/wd/hub/session/2ab061bd-891f-488d-b93e-ac2db49dfeb8/contexts[39m
[35m[HTTP][39m [90m{}[39m
[35m[HTTP][39m [37m<-- GET /wd/hub/session/2ab061bd-891f-488d-b93e-ac2db49dfeb8/contexts [39m[32m200[39m [90m275 ms - 41[39m
[35m[HTTP][39m [90m[39m
[35m[HTTP][39m [37m-->[39m [37mPOST[39m [37m/wd/hub/session/2ab061bd-891f-488d-b93e-ac2db49dfeb8/context[39m
[35m[HTTP][39m [90m{"name":"NATIVE_APP"}[39m
[35m[HTTP][39m [37m<-- POST /wd/hub/session/2ab061bd-891f-488d-b93e-ac2db49dfeb8/context [39m[32m200[39m [90m1 ms - 14[39m
[35m[HTTP][39m [90m[39m
[35m[HTTP][39m [37m-->[39m [37mGET[39m [37m/wd/hub/session/2ab061bd-891f-488d-b93e-ac2db49dfeb8/window/rect[39m
[35m[HTTP][39m [90m{}[39m
[35m[HTTP][39m [37m<-- GET /wd/hub/session/2ab061bd-891f-488d-b93e-ac2db49dfeb8/window/rect [39m[32m200[39m [90m14 ms - 50[39m
[35m[HTTP][39m [90m[39m
[35m[HTTP][39m [37m-->[39m [37mPOST[39m [37m/wd/hub/session/2ab061bd-891f-488d-b93e-ac2db49dfeb8/execute/sync[39m
[35m[HTTP][39m [90m{"script":"mobile: viewportScreenshot","args":[]}[39m
[35m[AndroidDriver][39m Executing native command 'mobile: viewportScreenshot'
[35m[HTTP][39m [37m<-- POST /wd/hub/session/2ab061bd-891f-488d-b93e-ac2db49dfeb8/execute/sync [39m[32m200[39m [90m1272 ms - 179376[39m
[35m[HTTP][39m [90m[39m
[35m[HTTP][39m [37m-->[39m [37mPOST[39m [37m/wd/hub/session/2ab061bd-891f-488d-b93e-ac2db49dfeb8/context[39m
[35m[HTTP][39m [90m{"name":"NATIVE_APP"}[39m
[35m[HTTP][39m [37m<-- POST /wd/hub/session/2ab061bd-891f-488d-b93e-ac2db49dfeb8/context [39m[32m200[39m [90m1 ms - 14[39m
[35m[HTTP][39m [90m[39m
[35m[HTTP][39m [37m-->[39m [37mDELETE[39m [37m/wd/hub/session/2ab061bd-891f-488d-b93e-ac2db49dfeb8[39m
[35m[HTTP][39m [90m{}[39m
[35m[Appium][39m Removing session 2ab061bd-891f-488d-b93e-ac2db49dfeb8 from our master session list
[35m[UiAutomator2][39m Restoring hidden api policy to the device default configuration
[35m[HTTP][39m [37m<-- DELETE /wd/hub/session/2ab061bd-891f-488d-b93e-ac2db49dfeb8 [39m[32m200[39m [90m600 ms - 14[39m
