[35m[Appium][39m Welcome to Appium v1.22.2
[35m[Appium][39m Non-default server args:
[35m[Appium][39m   port: 50075
[35m[Appium][39m   loglevel: info
[35m[Appium][39m   tmpDir: C:\Users\NIAYUS~1\AppData\Local\Temp\\Katalon\Appium\Temp1652686715466
[35m[Appium][39m   chromedriverPort: 50076
[35m[Appium][39m Deprecated server args:
[35m[Appium][39m   [31m--chromedriver-port[39m => --default-capabilities
[35m[Appium][39m Default capabilities, which will be added to each request unless overridden by desired capabilities:
[35m[Appium][39m   chromedriverPort: 50076
[35m[Appium][39m Appium REST http interface listener started on 0.0.0.0:50075
[35m[HTTP][39m [37m-->[39m [37mGET[39m [37m/wd/hub/status[39m
[35m[HTTP][39m [90m{}[39m
[35m[HTTP][39m [37m<-- GET /wd/hub/status [39m[32m200[39m [90m6 ms - 68[39m
[35m[HTTP][39m [90m[39m
[35m[HTTP][39m [37m-->[39m [37mPOST[39m [37m/wd/hub/session[39m
[35m[HTTP][39m [90m{"desiredCapabilities":{"appActivity":".Settings","appPackage":"com.android.settings","newCommandTimeout":1800,"platformVersion":"11","automationName":"uiautomator2","autoGrantPermissions":true,"platformName":"Android","udid":"RR8N605F11Y","deviceName":"samsung SM-M315F (Android 11)","platform":"ANDROID","systemPort":8252},"capabilities":{"firstMatch":[{"appium:appActivity":".Settings","appium:appPackage":"com.android.settings","appium:autoGrantPermissions":true,"appium:automationName":"uiautomator2","appium:deviceName":"samsung SM-M315F (Android 11)","appium:newCommandTimeout":1800,"platform":"ANDROID","platformName":"android","appium:platformVersion":"11","appium:systemPort":8252,"appium:udid":"RR8N605F11Y"}]}}[39m
[35m[BaseDriver][39m The following capabilities are not standard capabilities and should have an extension prefix:
[35m[BaseDriver][39m   platform
[35m[BaseDriver][39m   chromedriverPort
[35m[Appium][39m Appium v1.22.2 creating new AndroidUiautomator2Driver (v1.70.1) session
[35m[BaseDriver][39m The following capabilities were provided, but are not recognized by Appium:
[35m[BaseDriver][39m   platform
[35m[BaseDriver][39m Session created with session id: 2cc3bff9-eb8d-4320-8d99-05978788312c
[35m[UiAutomator2][39m Starting 'com.android.settings' directly on the device
[35m[ADB][39m Cannot sort build-tools folders ["29.0.3","android-8.1.0"] by semantic version names.
[35m[ADB][39m Falling back to sorting by modification date. Original error: Invalid Version: android-8.1.0
[35m[ADB][39m Found 2 'build-tools' folders under 'C:\Users\Nia Yusniati\.katalon\tools\android_sdk' (newest first):
[35m[ADB][39m     C:/Users/Nia Yusniati/.katalon/tools/android_sdk/build-tools/29.0.3
[35m[ADB][39m     C:/Users/Nia Yusniati/.katalon/tools/android_sdk/build-tools/android-8.1.0
[35m[ADB][39m Using 'adb.exe' from 'C:\Users\Nia Yusniati\.katalon\tools\android_sdk\platform-tools\adb.exe'
[35m[AndroidDriver][39m Retrieving device list
[35m[AndroidDriver][39m Using device: RR8N605F11Y
[35m[ADB][39m Using 'adb.exe' from 'C:\Users\Nia Yusniati\.katalon\tools\android_sdk\platform-tools\adb.exe'
[35m[ADB][39m Getting device platform version
[35m[UiAutomator2][39m Relaxing hidden api policy
[35m[AndroidDriver][39m No app sent in, not parsing package/activity
[35m[ADB][39m Using 'apksigner.jar' from 'C:\Users\Nia Yusniati\.katalon\tools\android_sdk\build-tools\29.0.3\lib\apksigner.jar'
[35m[ADB][39m 'C:\Users\Nia Yusniati\AppData\Roaming\npm\node_modules\appium\node_modules\appium-uiautomator2-server\apks\appium-uiautomator2-server-v4.27.0.apk' is signed with the default certificate
[35m[ADB][39m 'C:\Users\Nia Yusniati\AppData\Roaming\npm\node_modules\appium\node_modules\appium-uiautomator2-server\apks\appium-uiautomator2-server-debug-androidTest.apk' is signed with the default certificate
[35m[UiAutomator2][39m Server packages are not going to be (re)installed
[35m[ADB][39m Adding packages ["io.appium.settings","io.appium.uiautomator2.server","io.appium.uiautomator2.server.test"] to Doze whitelist
[35m[UiAutomator2][39m Starting UIAutomator2 server 4.27.0
[35m[UiAutomator2][39m Using UIAutomator2 server from 'C:\Users\Nia Yusniati\AppData\Roaming\npm\node_modules\appium\node_modules\appium-uiautomator2-server\apks\appium-uiautomator2-server-v4.27.0.apk' and test from 'C:\Users\Nia Yusniati\AppData\Roaming\npm\node_modules\appium\node_modules\appium-uiautomator2-server\apks\appium-uiautomator2-server-debug-androidTest.apk'
[35m[UiAutomator2][39m Waiting up to 30000ms for UiAutomator2 to be online...
[35m[WD Proxy][39m socket hang up
[35m[WD Proxy][39m socket hang up
[35m[WD Proxy][39m socket hang up
[35m[WD Proxy][39m Determined the downstream protocol as 'W3C'
[35m[AndroidDriver][39m Screen already unlocked, doing nothing
[35m[UiAutomator2][39m Starting 'com.android.settings/.Settings and waiting for 'com.android.settings/.Settings'
[35m[Appium][39m New AndroidUiautomator2Driver session created successfully, session 2cc3bff9-eb8d-4320-8d99-05978788312c added to master session list
[35m[HTTP][39m [37m<-- POST /wd/hub/session [39m[32m200[39m [90m9971 ms - 1158[39m
[35m[HTTP][39m [90m[39m
[35m[HTTP][39m [37m-->[39m [37mGET[39m [37m/wd/hub/session/2cc3bff9-eb8d-4320-8d99-05978788312c[39m
[35m[HTTP][39m [90m{}[39m
[35m[HTTP][39m [37m<-- GET /wd/hub/session/2cc3bff9-eb8d-4320-8d99-05978788312c [39m[32m200[39m [90m20 ms - 1112[39m
[35m[HTTP][39m [90m[39m
[35m[HTTP][39m [37m-->[39m [37mGET[39m [37m/wd/hub/session/2cc3bff9-eb8d-4320-8d99-05978788312c[39m
[35m[HTTP][39m [90m{}[39m
[35m[HTTP][39m [37m<-- GET /wd/hub/session/2cc3bff9-eb8d-4320-8d99-05978788312c [39m[32m200[39m [90m11 ms - 1112[39m
[35m[HTTP][39m [90m[39m
[35m[HTTP][39m [37m-->[39m [37mGET[39m [37m/wd/hub/status[39m
[35m[HTTP][39m [90m{}[39m
[35m[HTTP][39m [37m<-- GET /wd/hub/status [39m[32m200[39m [90m1 ms - 68[39m
[35m[HTTP][39m [90m[39m
[35m[HTTP][39m [37m-->[39m [37mPOST[39m [37m/wd/hub/session/2cc3bff9-eb8d-4320-8d99-05978788312c/timeouts[39m
[35m[HTTP][39m [90m{"implicit":30000}[39m
[35m[HTTP][39m [37m<-- POST /wd/hub/session/2cc3bff9-eb8d-4320-8d99-05978788312c/timeouts [39m[32m200[39m [90m5 ms - 14[39m
[35m[HTTP][39m [90m[39m
[35m[HTTP][39m [37m-->[39m [37mGET[39m [37m/wd/hub/session/2cc3bff9-eb8d-4320-8d99-05978788312c/screenshot[39m
[35m[HTTP][39m [90m{}[39m
[35m[HTTP][39m [37m<-- GET /wd/hub/session/2cc3bff9-eb8d-4320-8d99-05978788312c/screenshot [39m[32m200[39m [90m543 ms - 228044[39m
[35m[HTTP][39m [90m[39m
[35m[HTTP][39m [37m-->[39m [37mGET[39m [37m/wd/hub/session/2cc3bff9-eb8d-4320-8d99-05978788312c/window/rect[39m
[35m[HTTP][39m [90m{}[39m
[35m[HTTP][39m [37m<-- GET /wd/hub/session/2cc3bff9-eb8d-4320-8d99-05978788312c/window/rect [39m[32m200[39m [90m21 ms - 50[39m
[35m[HTTP][39m [90m[39m
[35m[HTTP][39m [37m-->[39m [37mGET[39m [37m/wd/hub/session/2cc3bff9-eb8d-4320-8d99-05978788312c/appium/device/system_bars[39m
[35m[HTTP][39m [90m{}[39m
[35m[HTTP][39m [37m<-- GET /wd/hub/session/2cc3bff9-eb8d-4320-8d99-05978788312c/appium/device/system_bars [39m[32m200[39m [90m92 ms - 148[39m
[35m[HTTP][39m [90m[39m
[35m[HTTP][39m [37m-->[39m [37mPOST[39m [37m/wd/hub/session/2cc3bff9-eb8d-4320-8d99-05978788312c/appium/device/activate_app[39m
[35m[HTTP][39m [90m{"bundleId":"bcaf.crm.kkb.saleskit"}[39m
[35m[HTTP][39m [37m<-- POST /wd/hub/session/2cc3bff9-eb8d-4320-8d99-05978788312c/appium/device/activate_app [39m[32m200[39m [90m534 ms - 14[39m
[35m[HTTP][39m [90m[39m
[35m[HTTP][39m [37m-->[39m [37mGET[39m [37m/wd/hub/session/2cc3bff9-eb8d-4320-8d99-05978788312c/context[39m
[35m[HTTP][39m [90m{}[39m
[35m[HTTP][39m [37m<-- GET /wd/hub/session/2cc3bff9-eb8d-4320-8d99-05978788312c/context [39m[32m200[39m [90m2 ms - 22[39m
[35m[HTTP][39m [90m[39m
[35m[HTTP][39m [37m-->[39m [37mGET[39m [37m/wd/hub/session/2cc3bff9-eb8d-4320-8d99-05978788312c/contexts[39m
[35m[HTTP][39m [90m{}[39m
[35m[HTTP][39m [37m<-- GET /wd/hub/session/2cc3bff9-eb8d-4320-8d99-05978788312c/contexts [39m[32m200[39m [90m218 ms - 41[39m
[35m[HTTP][39m [90m[39m
[35m[HTTP][39m [37m-->[39m [37mPOST[39m [37m/wd/hub/session/2cc3bff9-eb8d-4320-8d99-05978788312c/context[39m
[35m[HTTP][39m [90m{"name":"NATIVE_APP"}[39m
[35m[HTTP][39m [37m<-- POST /wd/hub/session/2cc3bff9-eb8d-4320-8d99-05978788312c/context [39m[32m200[39m [90m3 ms - 14[39m
[35m[HTTP][39m [90m[39m
[35m[HTTP][39m [37m-->[39m [37mPOST[39m [37m/wd/hub/session/2cc3bff9-eb8d-4320-8d99-05978788312c/touch/perform[39m
[35m[HTTP][39m [90m{"actions":[{"action":"press","options":{"x":300,"y":500}},{"action":"wait","options":{"ms":500}},{"action":"moveTo","options":{"x":0,"y":500}},{"action":"release","options":{}}]}[39m
[35m[HTTP][39m [37m<-- POST /wd/hub/session/2cc3bff9-eb8d-4320-8d99-05978788312c/touch/perform [39m[32m200[39m [90m1168 ms - 14[39m
[35m[HTTP][39m [90m[39m
[35m[HTTP][39m [37m-->[39m [37mPOST[39m [37m/wd/hub/session/2cc3bff9-eb8d-4320-8d99-05978788312c/context[39m
[35m[HTTP][39m [90m{"name":"NATIVE_APP"}[39m
[35m[HTTP][39m [37m<-- POST /wd/hub/session/2cc3bff9-eb8d-4320-8d99-05978788312c/context [39m[32m200[39m [90m2 ms - 14[39m
[35m[HTTP][39m [90m[39m
[35m[HTTP][39m [37m-->[39m [37mGET[39m [37m/wd/hub/session/2cc3bff9-eb8d-4320-8d99-05978788312c/context[39m
[35m[HTTP][39m [90m{}[39m
[35m[HTTP][39m [37m<-- GET /wd/hub/session/2cc3bff9-eb8d-4320-8d99-05978788312c/context [39m[32m200[39m [90m2 ms - 22[39m
[35m[HTTP][39m [90m[39m
[35m[HTTP][39m [37m-->[39m [37mGET[39m [37m/wd/hub/session/2cc3bff9-eb8d-4320-8d99-05978788312c/contexts[39m
[35m[HTTP][39m [90m{}[39m
[35m[HTTP][39m [37m<-- GET /wd/hub/session/2cc3bff9-eb8d-4320-8d99-05978788312c/contexts [39m[32m200[39m [90m212 ms - 41[39m
[35m[HTTP][39m [90m[39m
[35m[HTTP][39m [37m-->[39m [37mPOST[39m [37m/wd/hub/session/2cc3bff9-eb8d-4320-8d99-05978788312c/context[39m
[35m[HTTP][39m [90m{"name":"NATIVE_APP"}[39m
[35m[HTTP][39m [37m<-- POST /wd/hub/session/2cc3bff9-eb8d-4320-8d99-05978788312c/context [39m[32m200[39m [90m1 ms - 14[39m
[35m[HTTP][39m [90m[39m
[35m[HTTP][39m [37m-->[39m [37mGET[39m [37m/wd/hub/session/2cc3bff9-eb8d-4320-8d99-05978788312c/window/rect[39m
[35m[HTTP][39m [90m{}[39m
[35m[HTTP][39m [37m<-- GET /wd/hub/session/2cc3bff9-eb8d-4320-8d99-05978788312c/window/rect [39m[32m200[39m [90m30 ms - 50[39m
[35m[HTTP][39m [90m[39m
[35m[HTTP][39m [37m-->[39m [37mPOST[39m [37m/wd/hub/session/2cc3bff9-eb8d-4320-8d99-05978788312c/execute/sync[39m
[35m[HTTP][39m [90m{"script":"mobile: viewportScreenshot","args":[]}[39m
[35m[AndroidDriver][39m Executing native command 'mobile: viewportScreenshot'
[35m[HTTP][39m [37m<-- POST /wd/hub/session/2cc3bff9-eb8d-4320-8d99-05978788312c/execute/sync [39m[32m200[39m [90m1272 ms - 251668[39m
[35m[HTTP][39m [90m[39m
[35m[HTTP][39m [37m-->[39m [37mPOST[39m [37m/wd/hub/session/2cc3bff9-eb8d-4320-8d99-05978788312c/context[39m
[35m[HTTP][39m [90m{"name":"NATIVE_APP"}[39m
[35m[HTTP][39m [37m<-- POST /wd/hub/session/2cc3bff9-eb8d-4320-8d99-05978788312c/context [39m[32m200[39m [90m2 ms - 14[39m
[35m[HTTP][39m [90m[39m
[35m[HTTP][39m [37m-->[39m [37mPOST[39m [37m/wd/hub/session/2cc3bff9-eb8d-4320-8d99-05978788312c/timeouts[39m
[35m[HTTP][39m [90m{"implicit":50}[39m
[35m[HTTP][39m [37m<-- POST /wd/hub/session/2cc3bff9-eb8d-4320-8d99-05978788312c/timeouts [39m[32m200[39m [90m2 ms - 14[39m
[35m[HTTP][39m [90m[39m
[35m[HTTP][39m [37m-->[39m [37mGET[39m [37m/wd/hub/session/2cc3bff9-eb8d-4320-8d99-05978788312c/window/rect[39m
[35m[HTTP][39m [90m{}[39m
[35m[HTTP][39m [37m<-- GET /wd/hub/session/2cc3bff9-eb8d-4320-8d99-05978788312c/window/rect [39m[32m200[39m [90m26 ms - 50[39m
[35m[HTTP][39m [90m[39m
[35m[HTTP][39m [37m-->[39m [37mPOST[39m [37m/wd/hub/session/2cc3bff9-eb8d-4320-8d99-05978788312c/elements[39m
[35m[HTTP][39m [90m{"using":"xpath","value":"//hierarchy/android.widget.FrameLayout[1]/android.widget.LinearLayout[1]/android.widget.FrameLayout[1]/android.widget.FrameLayout[1]/android.widget.FrameLayout[1]/android.view.ViewGroup[1]/android.widget.FrameLayout[1]/android.view.ViewGroup[1]/android.view.ViewGroup[1]/android.widget.ScrollView[1]/android.widget.LinearLayout[1]/android.widget.LinearLayout[1]/android.view.ViewGroup[1]/android.widget.FrameLayout[1]/androidx.recyclerview.widget.RecyclerView[1]/android.view.ViewGroup[5]/android.widget.ImageView[1]"}[39m
[35m[HTTP][39m [37m<-- POST /wd/hub/session/2cc3bff9-eb8d-4320-8d99-05978788312c/elements [39m[32m200[39m [90m648 ms - 139[39m
[35m[HTTP][39m [90m[39m
[35m[HTTP][39m [37m-->[39m [37mGET[39m [37m/wd/hub/session/2cc3bff9-eb8d-4320-8d99-05978788312c/element/00000000-0000-0543-ffff-ffff000008a0/location[39m
[35m[HTTP][39m [90m{}[39m
[35m[W3C (2cc3bff9)][39m Driver proxy active, passing request on via HTTP proxy
[35m[WD Proxy][39m Replacing sessionId 5e519d78-8dd8-4dbb-a9a0-a4760086f1e0 with 2cc3bff9-eb8d-4320-8d99-05978788312c
[35m[HTTP][39m [37m<-- GET /wd/hub/session/2cc3bff9-eb8d-4320-8d99-05978788312c/element/00000000-0000-0543-ffff-ffff000008a0/location [39m[32m200[39m [90m24 ms - 78[39m
[35m[HTTP][39m [90m[39m
[35m[HTTP][39m [37m-->[39m [37mPOST[39m [37m/wd/hub/session/2cc3bff9-eb8d-4320-8d99-05978788312c/timeouts[39m
[35m[HTTP][39m [90m{"implicit":30000}[39m
[35m[HTTP][39m [37m<-- POST /wd/hub/session/2cc3bff9-eb8d-4320-8d99-05978788312c/timeouts [39m[32m200[39m [90m2 ms - 14[39m
[35m[HTTP][39m [90m[39m
[35m[HTTP][39m [37m-->[39m [37mPOST[39m [37m/wd/hub/session/2cc3bff9-eb8d-4320-8d99-05978788312c/touch/perform[39m
[35m[HTTP][39m [90m{"actions":[{"action":"tap","options":{"x":1,"y":1,"element":"00000000-0000-0543-ffff-ffff000008a0"}},{"action":"release","options":{}}]}[39m
[35m[UiAutomator2][39m calling get location: 00000000-0000-0543-ffff-ffff000008a0
[35m[HTTP][39m [37m<-- POST /wd/hub/session/2cc3bff9-eb8d-4320-8d99-05978788312c/touch/perform [39m[32m200[39m [90m229 ms - 14[39m
[35m[HTTP][39m [90m[39m
[35m[HTTP][39m [37m-->[39m [37mGET[39m [37m/wd/hub/session/2cc3bff9-eb8d-4320-8d99-05978788312c/context[39m
[35m[HTTP][39m [90m{}[39m
[35m[HTTP][39m [37m<-- GET /wd/hub/session/2cc3bff9-eb8d-4320-8d99-05978788312c/context [39m[32m200[39m [90m3 ms - 22[39m
[35m[HTTP][39m [90m[39m
[35m[HTTP][39m [37m-->[39m [37mGET[39m [37m/wd/hub/session/2cc3bff9-eb8d-4320-8d99-05978788312c/contexts[39m
[35m[HTTP][39m [90m{}[39m
[35m[HTTP][39m [37m<-- GET /wd/hub/session/2cc3bff9-eb8d-4320-8d99-05978788312c/contexts [39m[32m200[39m [90m203 ms - 41[39m
[35m[HTTP][39m [90m[39m
[35m[HTTP][39m [37m-->[39m [37mPOST[39m [37m/wd/hub/session/2cc3bff9-eb8d-4320-8d99-05978788312c/context[39m
[35m[HTTP][39m [90m{"name":"NATIVE_APP"}[39m
[35m[HTTP][39m [37m<-- POST /wd/hub/session/2cc3bff9-eb8d-4320-8d99-05978788312c/context [39m[32m200[39m [90m1 ms - 14[39m
[35m[HTTP][39m [90m[39m
[35m[HTTP][39m [37m-->[39m [37mGET[39m [37m/wd/hub/session/2cc3bff9-eb8d-4320-8d99-05978788312c/window/rect[39m
[35m[HTTP][39m [90m{}[39m
[35m[HTTP][39m [37m<-- GET /wd/hub/session/2cc3bff9-eb8d-4320-8d99-05978788312c/window/rect [39m[32m200[39m [90m19 ms - 50[39m
[35m[HTTP][39m [90m[39m
[35m[HTTP][39m [37m-->[39m [37mPOST[39m [37m/wd/hub/session/2cc3bff9-eb8d-4320-8d99-05978788312c/execute/sync[39m
[35m[HTTP][39m [90m{"script":"mobile: viewportScreenshot","args":[]}[39m
[35m[AndroidDriver][39m Executing native command 'mobile: viewportScreenshot'
[35m[HTTP][39m [37m<-- POST /wd/hub/session/2cc3bff9-eb8d-4320-8d99-05978788312c/execute/sync [39m[32m200[39m [90m1258 ms - 288352[39m
[35m[HTTP][39m [90m[39m
[35m[HTTP][39m [37m-->[39m [37mPOST[39m [37m/wd/hub/session/2cc3bff9-eb8d-4320-8d99-05978788312c/context[39m
[35m[HTTP][39m [90m{"name":"NATIVE_APP"}[39m
[35m[HTTP][39m [37m<-- POST /wd/hub/session/2cc3bff9-eb8d-4320-8d99-05978788312c/context [39m[32m200[39m [90m2 ms - 14[39m
[35m[HTTP][39m [90m[39m
[35m[HTTP][39m [37m-->[39m [37mPOST[39m [37m/wd/hub/session/2cc3bff9-eb8d-4320-8d99-05978788312c/timeouts[39m
[35m[HTTP][39m [90m{"implicit":50}[39m
[35m[HTTP][39m [37m<-- POST /wd/hub/session/2cc3bff9-eb8d-4320-8d99-05978788312c/timeouts [39m[32m200[39m [90m2 ms - 14[39m
[35m[HTTP][39m [90m[39m
[35m[HTTP][39m [37m-->[39m [37mGET[39m [37m/wd/hub/session/2cc3bff9-eb8d-4320-8d99-05978788312c/window/rect[39m
[35m[HTTP][39m [90m{}[39m
[35m[HTTP][39m [37m<-- GET /wd/hub/session/2cc3bff9-eb8d-4320-8d99-05978788312c/window/rect [39m[32m200[39m [90m28 ms - 50[39m
[35m[HTTP][39m [90m[39m
[35m[HTTP][39m [37m-->[39m [37mPOST[39m [37m/wd/hub/session/2cc3bff9-eb8d-4320-8d99-05978788312c/elements[39m
[35m[HTTP][39m [90m{"using":"xpath","value":"//*[@class = 'android.widget.TextView' and (@text = 'Input Pencarian' or . = 'Input Pencarian') and @resource-id = 'bcaf.crm.kkb.saleskit:id/textSearchKcuKcp']"}[39m
[35m[HTTP][39m [37m<-- POST /wd/hub/session/2cc3bff9-eb8d-4320-8d99-05978788312c/elements [39m[32m200[39m [90m238 ms - 139[39m
[35m[HTTP][39m [90m[39m
[35m[HTTP][39m [37m-->[39m [37mGET[39m [37m/wd/hub/session/2cc3bff9-eb8d-4320-8d99-05978788312c/element/00000000-0000-0551-ffff-ffff000008cb/location[39m
[35m[HTTP][39m [90m{}[39m
[35m[W3C (2cc3bff9)][39m Driver proxy active, passing request on via HTTP proxy
[35m[WD Proxy][39m Replacing sessionId 5e519d78-8dd8-4dbb-a9a0-a4760086f1e0 with 2cc3bff9-eb8d-4320-8d99-05978788312c
[35m[HTTP][39m [37m<-- GET /wd/hub/session/2cc3bff9-eb8d-4320-8d99-05978788312c/element/00000000-0000-0551-ffff-ffff000008cb/location [39m[32m200[39m [90m27 ms - 78[39m
[35m[HTTP][39m [90m[39m
[35m[HTTP][39m [37m-->[39m [37mPOST[39m [37m/wd/hub/session/2cc3bff9-eb8d-4320-8d99-05978788312c/timeouts[39m
[35m[HTTP][39m [90m{"implicit":30000}[39m
[35m[HTTP][39m [37m<-- POST /wd/hub/session/2cc3bff9-eb8d-4320-8d99-05978788312c/timeouts [39m[32m200[39m [90m1 ms - 14[39m
[35m[HTTP][39m [90m[39m
[35m[HTTP][39m [37m-->[39m [37mPOST[39m [37m/wd/hub/session/2cc3bff9-eb8d-4320-8d99-05978788312c/touch/perform[39m
[35m[HTTP][39m [90m{"actions":[{"action":"tap","options":{"x":1,"y":1,"element":"00000000-0000-0551-ffff-ffff000008cb"}},{"action":"release","options":{}}]}[39m
[35m[UiAutomator2][39m calling get location: 00000000-0000-0551-ffff-ffff000008cb
[35m[HTTP][39m [37m<-- POST /wd/hub/session/2cc3bff9-eb8d-4320-8d99-05978788312c/touch/perform [39m[32m200[39m [90m237 ms - 14[39m
[35m[HTTP][39m [90m[39m
[35m[HTTP][39m [37m-->[39m [37mPOST[39m [37m/wd/hub/session/2cc3bff9-eb8d-4320-8d99-05978788312c/timeouts[39m
[35m[HTTP][39m [90m{"implicit":50}[39m
[35m[HTTP][39m [37m<-- POST /wd/hub/session/2cc3bff9-eb8d-4320-8d99-05978788312c/timeouts [39m[32m200[39m [90m1 ms - 14[39m
[35m[HTTP][39m [90m[39m
[35m[HTTP][39m [37m-->[39m [37mGET[39m [37m/wd/hub/session/2cc3bff9-eb8d-4320-8d99-05978788312c/window/rect[39m
[35m[HTTP][39m [90m{}[39m
[35m[HTTP][39m [37m<-- GET /wd/hub/session/2cc3bff9-eb8d-4320-8d99-05978788312c/window/rect [39m[32m200[39m [90m22 ms - 50[39m
[35m[HTTP][39m [90m[39m
[35m[HTTP][39m [37m-->[39m [37mPOST[39m [37m/wd/hub/session/2cc3bff9-eb8d-4320-8d99-05978788312c/elements[39m
[35m[HTTP][39m [90m{"using":"xpath","value":"//*[@class = 'android.widget.EditText' and @resource-id = 'bcaf.crm.kkb.saleskit:id/editKcuKcp' and (@text = '' or . = '')]"}[39m
[35m[HTTP][39m [37m<-- POST /wd/hub/session/2cc3bff9-eb8d-4320-8d99-05978788312c/elements [39m[32m200[39m [90m885 ms - 139[39m
[35m[HTTP][39m [90m[39m
[35m[HTTP][39m [37m-->[39m [37mGET[39m [37m/wd/hub/session/2cc3bff9-eb8d-4320-8d99-05978788312c/element/00000000-0000-0552-ffff-ffff000008fb/location[39m
[35m[HTTP][39m [90m{}[39m
[35m[W3C (2cc3bff9)][39m Driver proxy active, passing request on via HTTP proxy
[35m[WD Proxy][39m Replacing sessionId 5e519d78-8dd8-4dbb-a9a0-a4760086f1e0 with 2cc3bff9-eb8d-4320-8d99-05978788312c
[35m[HTTP][39m [37m<-- GET /wd/hub/session/2cc3bff9-eb8d-4320-8d99-05978788312c/element/00000000-0000-0552-ffff-ffff000008fb/location [39m[32m200[39m [90m39 ms - 78[39m
[35m[HTTP][39m [90m[39m
[35m[HTTP][39m [37m-->[39m [37mPOST[39m [37m/wd/hub/session/2cc3bff9-eb8d-4320-8d99-05978788312c/timeouts[39m
[35m[HTTP][39m [90m{"implicit":30000}[39m
[35m[HTTP][39m [37m<-- POST /wd/hub/session/2cc3bff9-eb8d-4320-8d99-05978788312c/timeouts [39m[32m200[39m [90m1 ms - 14[39m
[35m[HTTP][39m [90m[39m
[35m[HTTP][39m [37m-->[39m [37mPOST[39m [37m/wd/hub/session/2cc3bff9-eb8d-4320-8d99-05978788312c/element/00000000-0000-0552-ffff-ffff000008fb/clear[39m
[35m[HTTP][39m [90m{"id":"00000000-0000-0552-ffff-ffff000008fb"}[39m
[35m[HTTP][39m [37m<-- POST /wd/hub/session/2cc3bff9-eb8d-4320-8d99-05978788312c/element/00000000-0000-0552-ffff-ffff000008fb/clear [39m[32m200[39m [90m54 ms - 14[39m
[35m[HTTP][39m [90m[39m
[35m[HTTP][39m [37m-->[39m [37mPOST[39m [37m/wd/hub/session/2cc3bff9-eb8d-4320-8d99-05978788312c/element/00000000-0000-0552-ffff-ffff000008fb/value[39m
[35m[HTTP][39m [90m{"id":"00000000-0000-0552-ffff-ffff000008fb","text":"(KCU) SOLO SLAMET RIYADI","value":["(","K","C","U",")"," ","S","O","L","O"," ","S","L","A","M","E","T"," ","R","I","Y","A","D","I"]}[39m
[35m[HTTP][39m [37m<-- POST /wd/hub/session/2cc3bff9-eb8d-4320-8d99-05978788312c/element/00000000-0000-0552-ffff-ffff000008fb/value [39m[32m200[39m [90m584 ms - 14[39m
[35m[HTTP][39m [90m[39m
[35m[HTTP][39m [37m-->[39m [37mPOST[39m [37m/wd/hub/session/2cc3bff9-eb8d-4320-8d99-05978788312c/timeouts[39m
[35m[HTTP][39m [90m{"implicit":50}[39m
[35m[HTTP][39m [37m<-- POST /wd/hub/session/2cc3bff9-eb8d-4320-8d99-05978788312c/timeouts [39m[32m200[39m [90m1 ms - 14[39m
[35m[HTTP][39m [90m[39m
[35m[HTTP][39m [37m-->[39m [37mGET[39m [37m/wd/hub/session/2cc3bff9-eb8d-4320-8d99-05978788312c/window/rect[39m
[35m[HTTP][39m [90m{}[39m
[35m[HTTP][39m [37m<-- GET /wd/hub/session/2cc3bff9-eb8d-4320-8d99-05978788312c/window/rect [39m[32m200[39m [90m47 ms - 50[39m
[35m[HTTP][39m [90m[39m
[35m[HTTP][39m [37m-->[39m [37mPOST[39m [37m/wd/hub/session/2cc3bff9-eb8d-4320-8d99-05978788312c/elements[39m
[35m[HTTP][39m [90m{"using":"xpath","value":"//*[@class = 'android.widget.EditText' and @resource-id = 'bcaf.crm.kkb.saleskit:id/editCustomer' and (@text = '' or . = '')]"}[39m
[35m[HTTP][39m [37m<-- POST /wd/hub/session/2cc3bff9-eb8d-4320-8d99-05978788312c/elements [39m[32m200[39m [90m638 ms - 139[39m
[35m[HTTP][39m [90m[39m
[35m[HTTP][39m [37m-->[39m [37mGET[39m [37m/wd/hub/session/2cc3bff9-eb8d-4320-8d99-05978788312c/element/00000000-0000-0552-ffff-ffff000008ff/location[39m
[35m[HTTP][39m [90m{}[39m
[35m[W3C (2cc3bff9)][39m Driver proxy active, passing request on via HTTP proxy
[35m[WD Proxy][39m Replacing sessionId 5e519d78-8dd8-4dbb-a9a0-a4760086f1e0 with 2cc3bff9-eb8d-4320-8d99-05978788312c
[35m[HTTP][39m [37m<-- GET /wd/hub/session/2cc3bff9-eb8d-4320-8d99-05978788312c/element/00000000-0000-0552-ffff-ffff000008ff/location [39m[32m200[39m [90m33 ms - 78[39m
[35m[HTTP][39m [90m[39m
[35m[HTTP][39m [37m-->[39m [37mPOST[39m [37m/wd/hub/session/2cc3bff9-eb8d-4320-8d99-05978788312c/timeouts[39m
[35m[HTTP][39m [90m{"implicit":30000}[39m
[35m[HTTP][39m [37m<-- POST /wd/hub/session/2cc3bff9-eb8d-4320-8d99-05978788312c/timeouts [39m[32m200[39m [90m1 ms - 14[39m
[35m[HTTP][39m [90m[39m
[35m[HTTP][39m [37m-->[39m [37mPOST[39m [37m/wd/hub/session/2cc3bff9-eb8d-4320-8d99-05978788312c/element/00000000-0000-0552-ffff-ffff000008ff/clear[39m
[35m[HTTP][39m [90m{"id":"00000000-0000-0552-ffff-ffff000008ff"}[39m
[35m[HTTP][39m [37m<-- POST /wd/hub/session/2cc3bff9-eb8d-4320-8d99-05978788312c/element/00000000-0000-0552-ffff-ffff000008ff/clear [39m[32m200[39m [90m38 ms - 14[39m
[35m[HTTP][39m [90m[39m
[35m[HTTP][39m [37m-->[39m [37mPOST[39m [37m/wd/hub/session/2cc3bff9-eb8d-4320-8d99-05978788312c/element/00000000-0000-0552-ffff-ffff000008ff/value[39m
[35m[HTTP][39m [90m{"id":"00000000-0000-0552-ffff-ffff000008ff","text":"Test Tracking","value":["T","e","s","t"," ","T","r","a","c","k","i","n","g"]}[39m
[35m[HTTP][39m [37m<-- POST /wd/hub/session/2cc3bff9-eb8d-4320-8d99-05978788312c/element/00000000-0000-0552-ffff-ffff000008ff/value [39m[32m200[39m [90m514 ms - 14[39m
[35m[HTTP][39m [90m[39m
[35m[HTTP][39m [37m-->[39m [37mGET[39m [37m/wd/hub/session/2cc3bff9-eb8d-4320-8d99-05978788312c/context[39m
[35m[HTTP][39m [90m{}[39m
[35m[HTTP][39m [37m<-- GET /wd/hub/session/2cc3bff9-eb8d-4320-8d99-05978788312c/context [39m[32m200[39m [90m1 ms - 22[39m
[35m[HTTP][39m [90m[39m
[35m[HTTP][39m [37m-->[39m [37mGET[39m [37m/wd/hub/session/2cc3bff9-eb8d-4320-8d99-05978788312c/contexts[39m
[35m[HTTP][39m [90m{}[39m
[35m[HTTP][39m [37m<-- GET /wd/hub/session/2cc3bff9-eb8d-4320-8d99-05978788312c/contexts [39m[32m200[39m [90m199 ms - 41[39m
[35m[HTTP][39m [90m[39m
[35m[HTTP][39m [37m-->[39m [37mPOST[39m [37m/wd/hub/session/2cc3bff9-eb8d-4320-8d99-05978788312c/context[39m
[35m[HTTP][39m [90m{"name":"NATIVE_APP"}[39m
[35m[HTTP][39m [37m<-- POST /wd/hub/session/2cc3bff9-eb8d-4320-8d99-05978788312c/context [39m[32m200[39m [90m2 ms - 14[39m
[35m[HTTP][39m [90m[39m
[35m[HTTP][39m [37m-->[39m [37mGET[39m [37m/wd/hub/session/2cc3bff9-eb8d-4320-8d99-05978788312c/window/rect[39m
[35m[HTTP][39m [90m{}[39m
[35m[HTTP][39m [37m<-- GET /wd/hub/session/2cc3bff9-eb8d-4320-8d99-05978788312c/window/rect [39m[32m200[39m [90m17 ms - 50[39m
[35m[HTTP][39m [90m[39m
[35m[HTTP][39m [37m-->[39m [37mPOST[39m [37m/wd/hub/session/2cc3bff9-eb8d-4320-8d99-05978788312c/execute/sync[39m
[35m[HTTP][39m [90m{"script":"mobile: viewportScreenshot","args":[]}[39m
[35m[AndroidDriver][39m Executing native command 'mobile: viewportScreenshot'
[35m[HTTP][39m [37m<-- POST /wd/hub/session/2cc3bff9-eb8d-4320-8d99-05978788312c/execute/sync [39m[32m200[39m [90m1129 ms - 168516[39m
[35m[HTTP][39m [90m[39m
[35m[HTTP][39m [37m-->[39m [37mPOST[39m [37m/wd/hub/session/2cc3bff9-eb8d-4320-8d99-05978788312c/context[39m
[35m[HTTP][39m [90m{"name":"NATIVE_APP"}[39m
[35m[HTTP][39m [37m<-- POST /wd/hub/session/2cc3bff9-eb8d-4320-8d99-05978788312c/context [39m[32m200[39m [90m1 ms - 14[39m
[35m[HTTP][39m [90m[39m
[35m[HTTP][39m [37m-->[39m [37mPOST[39m [37m/wd/hub/session/2cc3bff9-eb8d-4320-8d99-05978788312c/timeouts[39m
[35m[HTTP][39m [90m{"implicit":50}[39m
[35m[HTTP][39m [37m<-- POST /wd/hub/session/2cc3bff9-eb8d-4320-8d99-05978788312c/timeouts [39m[32m200[39m [90m2 ms - 14[39m
[35m[HTTP][39m [90m[39m
[35m[HTTP][39m [37m-->[39m [37mGET[39m [37m/wd/hub/session/2cc3bff9-eb8d-4320-8d99-05978788312c/window/rect[39m
[35m[HTTP][39m [90m{}[39m
[35m[HTTP][39m [37m<-- GET /wd/hub/session/2cc3bff9-eb8d-4320-8d99-05978788312c/window/rect [39m[32m200[39m [90m21 ms - 50[39m
[35m[HTTP][39m [90m[39m
[35m[HTTP][39m [37m-->[39m [37mPOST[39m [37m/wd/hub/session/2cc3bff9-eb8d-4320-8d99-05978788312c/elements[39m
[35m[HTTP][39m [90m{"using":"xpath","value":"//*[@class = 'android.widget.Button' and (@text = 'Cari' or . = 'Cari') and @resource-id = 'bcaf.crm.kkb.saleskit:id/buttonSearch']"}[39m
[35m[HTTP][39m [37m<-- POST /wd/hub/session/2cc3bff9-eb8d-4320-8d99-05978788312c/elements [39m[32m200[39m [90m317 ms - 139[39m
[35m[HTTP][39m [90m[39m
[35m[HTTP][39m [37m-->[39m [37mGET[39m [37m/wd/hub/session/2cc3bff9-eb8d-4320-8d99-05978788312c/element/00000000-0000-0552-ffff-ffff00000904/location[39m
[35m[HTTP][39m [90m{}[39m
[35m[W3C (2cc3bff9)][39m Driver proxy active, passing request on via HTTP proxy
[35m[WD Proxy][39m Replacing sessionId 5e519d78-8dd8-4dbb-a9a0-a4760086f1e0 with 2cc3bff9-eb8d-4320-8d99-05978788312c
[35m[HTTP][39m [37m<-- GET /wd/hub/session/2cc3bff9-eb8d-4320-8d99-05978788312c/element/00000000-0000-0552-ffff-ffff00000904/location [39m[32m200[39m [90m36 ms - 79[39m
[35m[HTTP][39m [90m[39m
[35m[HTTP][39m [37m-->[39m [37mPOST[39m [37m/wd/hub/session/2cc3bff9-eb8d-4320-8d99-05978788312c/timeouts[39m
[35m[HTTP][39m [90m{"implicit":30000}[39m
[35m[HTTP][39m [37m<-- POST /wd/hub/session/2cc3bff9-eb8d-4320-8d99-05978788312c/timeouts [39m[32m200[39m [90m1 ms - 14[39m
[35m[HTTP][39m [90m[39m
[35m[HTTP][39m [37m-->[39m [37mPOST[39m [37m/wd/hub/session/2cc3bff9-eb8d-4320-8d99-05978788312c/touch/perform[39m
[35m[HTTP][39m [90m{"actions":[{"action":"tap","options":{"x":1,"y":1,"element":"00000000-0000-0552-ffff-ffff00000904"}},{"action":"release","options":{}}]}[39m
[35m[UiAutomator2][39m calling get location: 00000000-0000-0552-ffff-ffff00000904
[35m[HTTP][39m [37m<-- POST /wd/hub/session/2cc3bff9-eb8d-4320-8d99-05978788312c/touch/perform [39m[32m200[39m [90m293 ms - 14[39m
[35m[HTTP][39m [90m[39m
[35m[HTTP][39m [37m-->[39m [37mGET[39m [37m/wd/hub/session/2cc3bff9-eb8d-4320-8d99-05978788312c/context[39m
[35m[HTTP][39m [90m{}[39m
[35m[HTTP][39m [37m<-- GET /wd/hub/session/2cc3bff9-eb8d-4320-8d99-05978788312c/context [39m[32m200[39m [90m1 ms - 22[39m
[35m[HTTP][39m [90m[39m
[35m[HTTP][39m [37m-->[39m [37mGET[39m [37m/wd/hub/session/2cc3bff9-eb8d-4320-8d99-05978788312c/contexts[39m
[35m[HTTP][39m [90m{}[39m
[35m[HTTP][39m [37m<-- GET /wd/hub/session/2cc3bff9-eb8d-4320-8d99-05978788312c/contexts [39m[32m200[39m [90m224 ms - 41[39m
[35m[HTTP][39m [90m[39m
[35m[HTTP][39m [37m-->[39m [37mPOST[39m [37m/wd/hub/session/2cc3bff9-eb8d-4320-8d99-05978788312c/context[39m
[35m[HTTP][39m [90m{"name":"NATIVE_APP"}[39m
[35m[HTTP][39m [37m<-- POST /wd/hub/session/2cc3bff9-eb8d-4320-8d99-05978788312c/context [39m[32m200[39m [90m1 ms - 14[39m
[35m[HTTP][39m [90m[39m
[35m[HTTP][39m [37m-->[39m [37mPOST[39m [37m/wd/hub/session/2cc3bff9-eb8d-4320-8d99-05978788312c/touch/perform[39m
[35m[HTTP][39m [90m{"actions":[{"action":"press","options":{"x":0,"y":1000}},{"action":"wait","options":{"ms":500}},{"action":"moveTo","options":{"x":0,"y":500}},{"action":"release","options":{}}]}[39m
[35m[HTTP][39m [37m<-- POST /wd/hub/session/2cc3bff9-eb8d-4320-8d99-05978788312c/touch/perform [39m[32m200[39m [90m1172 ms - 14[39m
[35m[HTTP][39m [90m[39m
[35m[HTTP][39m [37m-->[39m [37mPOST[39m [37m/wd/hub/session/2cc3bff9-eb8d-4320-8d99-05978788312c/context[39m
[35m[HTTP][39m [90m{"name":"NATIVE_APP"}[39m
[35m[HTTP][39m [37m<-- POST /wd/hub/session/2cc3bff9-eb8d-4320-8d99-05978788312c/context [39m[32m200[39m [90m2 ms - 14[39m
[35m[HTTP][39m [90m[39m
[35m[HTTP][39m [37m-->[39m [37mGET[39m [37m/wd/hub/session/2cc3bff9-eb8d-4320-8d99-05978788312c/context[39m
[35m[HTTP][39m [90m{}[39m
[35m[HTTP][39m [37m<-- GET /wd/hub/session/2cc3bff9-eb8d-4320-8d99-05978788312c/context [39m[32m200[39m [90m2 ms - 22[39m
[35m[HTTP][39m [90m[39m
[35m[HTTP][39m [37m-->[39m [37mGET[39m [37m/wd/hub/session/2cc3bff9-eb8d-4320-8d99-05978788312c/contexts[39m
[35m[HTTP][39m [90m{}[39m
[35m[HTTP][39m [37m<-- GET /wd/hub/session/2cc3bff9-eb8d-4320-8d99-05978788312c/contexts [39m[32m200[39m [90m209 ms - 41[39m
[35m[HTTP][39m [90m[39m
[35m[HTTP][39m [37m-->[39m [37mPOST[39m [37m/wd/hub/session/2cc3bff9-eb8d-4320-8d99-05978788312c/context[39m
[35m[HTTP][39m [90m{"name":"NATIVE_APP"}[39m
[35m[HTTP][39m [37m<-- POST /wd/hub/session/2cc3bff9-eb8d-4320-8d99-05978788312c/context [39m[32m200[39m [90m1 ms - 14[39m
[35m[HTTP][39m [90m[39m
[35m[HTTP][39m [37m-->[39m [37mGET[39m [37m/wd/hub/session/2cc3bff9-eb8d-4320-8d99-05978788312c/window/rect[39m
[35m[HTTP][39m [90m{}[39m
[35m[HTTP][39m [37m<-- GET /wd/hub/session/2cc3bff9-eb8d-4320-8d99-05978788312c/window/rect [39m[32m200[39m [90m43 ms - 50[39m
[35m[HTTP][39m [90m[39m
[35m[HTTP][39m [37m-->[39m [37mPOST[39m [37m/wd/hub/session/2cc3bff9-eb8d-4320-8d99-05978788312c/execute/sync[39m
[35m[HTTP][39m [90m{"script":"mobile: viewportScreenshot","args":[]}[39m
[35m[AndroidDriver][39m Executing native command 'mobile: viewportScreenshot'
[35m[HTTP][39m [37m<-- POST /wd/hub/session/2cc3bff9-eb8d-4320-8d99-05978788312c/execute/sync [39m[32m200[39m [90m1323 ms - 394476[39m
[35m[HTTP][39m [90m[39m
[35m[HTTP][39m [37m-->[39m [37mPOST[39m [37m/wd/hub/session/2cc3bff9-eb8d-4320-8d99-05978788312c/context[39m
[35m[HTTP][39m [90m{"name":"NATIVE_APP"}[39m
[35m[HTTP][39m [37m<-- POST /wd/hub/session/2cc3bff9-eb8d-4320-8d99-05978788312c/context [39m[32m200[39m [90m2 ms - 14[39m
[35m[HTTP][39m [90m[39m
[35m[HTTP][39m [37m-->[39m [37mPOST[39m [37m/wd/hub/session/2cc3bff9-eb8d-4320-8d99-05978788312c/timeouts[39m
[35m[HTTP][39m [90m{"implicit":50}[39m
[35m[HTTP][39m [37m<-- POST /wd/hub/session/2cc3bff9-eb8d-4320-8d99-05978788312c/timeouts [39m[32m200[39m [90m1 ms - 14[39m
[35m[HTTP][39m [90m[39m
[35m[HTTP][39m [37m-->[39m [37mGET[39m [37m/wd/hub/session/2cc3bff9-eb8d-4320-8d99-05978788312c/window/rect[39m
[35m[HTTP][39m [90m{}[39m
[35m[HTTP][39m [37m<-- GET /wd/hub/session/2cc3bff9-eb8d-4320-8d99-05978788312c/window/rect [39m[32m200[39m [90m51 ms - 50[39m
[35m[HTTP][39m [90m[39m
[35m[HTTP][39m [37m-->[39m [37mPOST[39m [37m/wd/hub/session/2cc3bff9-eb8d-4320-8d99-05978788312c/elements[39m
[35m[HTTP][39m [90m{"using":"xpath","value":"//hierarchy/android.widget.FrameLayout[1]/android.widget.LinearLayout[1]/android.widget.FrameLayout[1]/android.widget.FrameLayout[1]/android.widget.FrameLayout[1]/android.view.ViewGroup[1]/android.view.ViewGroup[1]/android.widget.ScrollView[1]/android.view.ViewGroup[1]/androidx.recyclerview.widget.RecyclerView[1]/android.widget.FrameLayout[3]/android.view.ViewGroup[1]/android.view.ViewGroup[1]/android.widget.TextView[1]"}[39m
[35m[HTTP][39m [37m<-- POST /wd/hub/session/2cc3bff9-eb8d-4320-8d99-05978788312c/elements [39m[32m200[39m [90m437 ms - 139[39m
[35m[HTTP][39m [90m[39m
[35m[HTTP][39m [37m-->[39m [37mGET[39m [37m/wd/hub/session/2cc3bff9-eb8d-4320-8d99-05978788312c/element/00000000-0000-0551-ffff-ffff00000940/location[39m
[35m[HTTP][39m [90m{}[39m
[35m[W3C (2cc3bff9)][39m Driver proxy active, passing request on via HTTP proxy
[35m[WD Proxy][39m Replacing sessionId 5e519d78-8dd8-4dbb-a9a0-a4760086f1e0 with 2cc3bff9-eb8d-4320-8d99-05978788312c
[35m[HTTP][39m [37m<-- GET /wd/hub/session/2cc3bff9-eb8d-4320-8d99-05978788312c/element/00000000-0000-0551-ffff-ffff00000940/location [39m[32m200[39m [90m34 ms - 79[39m
[35m[HTTP][39m [90m[39m
[35m[HTTP][39m [37m-->[39m [37mPOST[39m [37m/wd/hub/session/2cc3bff9-eb8d-4320-8d99-05978788312c/timeouts[39m
[35m[HTTP][39m [90m{"implicit":30000}[39m
[35m[HTTP][39m [37m<-- POST /wd/hub/session/2cc3bff9-eb8d-4320-8d99-05978788312c/timeouts [39m[32m200[39m [90m2 ms - 14[39m
[35m[HTTP][39m [90m[39m
[35m[HTTP][39m [37m-->[39m [37mPOST[39m [37m/wd/hub/session/2cc3bff9-eb8d-4320-8d99-05978788312c/touch/perform[39m
[35m[HTTP][39m [90m{"actions":[{"action":"tap","options":{"x":1,"y":1,"element":"00000000-0000-0551-ffff-ffff00000940"}},{"action":"release","options":{}}]}[39m
[35m[UiAutomator2][39m calling get location: 00000000-0000-0551-ffff-ffff00000940
[35m[HTTP][39m [37m<-- POST /wd/hub/session/2cc3bff9-eb8d-4320-8d99-05978788312c/touch/perform [39m[32m200[39m [90m246 ms - 14[39m
[35m[HTTP][39m [90m[39m
[35m[HTTP][39m [37m-->[39m [37mGET[39m [37m/wd/hub/session/2cc3bff9-eb8d-4320-8d99-05978788312c/context[39m
[35m[HTTP][39m [90m{}[39m
[35m[HTTP][39m [37m<-- GET /wd/hub/session/2cc3bff9-eb8d-4320-8d99-05978788312c/context [39m[32m200[39m [90m3 ms - 22[39m
[35m[HTTP][39m [90m[39m
[35m[HTTP][39m [37m-->[39m [37mGET[39m [37m/wd/hub/session/2cc3bff9-eb8d-4320-8d99-05978788312c/contexts[39m
[35m[HTTP][39m [90m{}[39m
[35m[HTTP][39m [37m<-- GET /wd/hub/session/2cc3bff9-eb8d-4320-8d99-05978788312c/contexts [39m[32m200[39m [90m220 ms - 41[39m
[35m[HTTP][39m [90m[39m
[35m[HTTP][39m [37m-->[39m [37mPOST[39m [37m/wd/hub/session/2cc3bff9-eb8d-4320-8d99-05978788312c/context[39m
[35m[HTTP][39m [90m{"name":"NATIVE_APP"}[39m
[35m[HTTP][39m [37m<-- POST /wd/hub/session/2cc3bff9-eb8d-4320-8d99-05978788312c/context [39m[32m200[39m [90m2 ms - 14[39m
[35m[HTTP][39m [90m[39m
[35m[HTTP][39m [37m-->[39m [37mGET[39m [37m/wd/hub/session/2cc3bff9-eb8d-4320-8d99-05978788312c/window/rect[39m
[35m[HTTP][39m [90m{}[39m
[35m[HTTP][39m [37m<-- GET /wd/hub/session/2cc3bff9-eb8d-4320-8d99-05978788312c/window/rect [39m[32m200[39m [90m24 ms - 50[39m
[35m[HTTP][39m [90m[39m
[35m[HTTP][39m [37m-->[39m [37mPOST[39m [37m/wd/hub/session/2cc3bff9-eb8d-4320-8d99-05978788312c/execute/sync[39m
[35m[HTTP][39m [90m{"script":"mobile: viewportScreenshot","args":[]}[39m
[35m[AndroidDriver][39m Executing native command 'mobile: viewportScreenshot'
[35m[HTTP][39m [37m<-- POST /wd/hub/session/2cc3bff9-eb8d-4320-8d99-05978788312c/execute/sync [39m[32m200[39m [90m1275 ms - 179376[39m
[35m[HTTP][39m [90m[39m
[35m[HTTP][39m [37m-->[39m [37mPOST[39m [37m/wd/hub/session/2cc3bff9-eb8d-4320-8d99-05978788312c/context[39m
[35m[HTTP][39m [90m{"name":"NATIVE_APP"}[39m
[35m[HTTP][39m [37m<-- POST /wd/hub/session/2cc3bff9-eb8d-4320-8d99-05978788312c/context [39m[32m200[39m [90m1 ms - 14[39m
[35m[HTTP][39m [90m[39m
[35m[HTTP][39m [37m-->[39m [37mDELETE[39m [37m/wd/hub/session/2cc3bff9-eb8d-4320-8d99-05978788312c[39m
[35m[HTTP][39m [90m{}[39m
[35m[Appium][39m Removing session 2cc3bff9-eb8d-4320-8d99-05978788312c from our master session list
[35m[UiAutomator2][39m Restoring hidden api policy to the device default configuration
[35m[HTTP][39m [37m<-- DELETE /wd/hub/session/2cc3bff9-eb8d-4320-8d99-05978788312c [39m[32m200[39m [90m645 ms - 14[39m
[35m[HTTP][39m [90m[39m
